[2025-01-12 10:37:47,241][root][INFO] - Epoch 0, EarlyStopper reset counter
[2025-01-12 10:37:54,619][root][INFO] - Epoch 0, EarlyStopper reset counter
[2025-01-12 10:38:09,748][root][INFO] - Epoch 0, EarlyStopper reset counter
[2025-01-12 10:38:10,158][root][INFO] - Epoch 0, EarlyStopper reset counter
[2025-01-12 10:38:14,688][root][INFO] - Epoch 0, EarlyStopper reset counter
[2025-01-12 10:38:19,507][root][INFO] - Epoch 1, EarlyStopper counter: 1/10
[2025-01-12 10:38:28,344][root][INFO] - Epoch 1, EarlyStopper counter: 1/10
[2025-01-12 10:38:31,118][root][INFO] - Epoch 0, EarlyStopper reset counter
[2025-01-12 10:38:40,716][root][INFO] - Epoch 1, EarlyStopper reset counter
[2025-01-12 10:38:49,828][root][INFO] - Epoch 1, EarlyStopper reset counter
[2025-01-12 10:38:50,935][root][INFO] - Epoch 2, EarlyStopper counter: 2/10
[2025-01-12 10:38:58,919][root][INFO] - Epoch 1, EarlyStopper reset counter
[2025-01-12 10:38:59,817][root][INFO] - Epoch 2, EarlyStopper counter: 2/10
[2025-01-12 10:39:12,936][root][INFO] - Epoch 2, EarlyStopper reset counter
[2025-01-12 10:39:17,665][root][INFO] - Epoch 1, EarlyStopper reset counter
[2025-01-12 10:39:19,505][root][INFO] - Epoch 3, EarlyStopper counter: 3/10
[2025-01-12 10:39:27,837][root][INFO] - Epoch 2, EarlyStopper reset counter
[2025-01-12 10:39:28,717][root][INFO] - Epoch 3, EarlyStopper counter: 3/10
[2025-01-12 10:39:39,481][root][INFO] - Epoch 2, EarlyStopper reset counter
[2025-01-12 10:39:46,245][root][INFO] - Epoch 4, EarlyStopper counter: 4/10
[2025-01-12 10:39:48,445][root][INFO] - Epoch 3, EarlyStopper reset counter
[2025-01-12 10:39:54,830][root][INFO] - Epoch 4, EarlyStopper counter: 4/10
[2025-01-12 10:39:55,241][root][INFO] - Epoch 2, EarlyStopper reset counter
[2025-01-12 10:39:59,922][root][INFO] - Epoch 3, EarlyStopper reset counter
[2025-01-12 10:40:12,545][root][INFO] - Epoch 5, EarlyStopper counter: 5/10
[2025-01-12 10:40:15,837][root][INFO] - Epoch 3, EarlyStopper reset counter
[2025-01-12 10:40:21,121][root][INFO] - Epoch 5, EarlyStopper counter: 5/10
[2025-01-12 10:40:24,444][root][INFO] - Epoch 4, EarlyStopper reset counter
[2025-01-12 10:40:31,575][root][INFO] - Epoch 3, EarlyStopper reset counter
[2025-01-12 10:40:34,562][root][INFO] - Epoch 4, EarlyStopper reset counter
[2025-01-12 10:40:40,553][root][INFO] - Epoch 6, EarlyStopper counter: 6/10
[2025-01-12 10:40:45,928][root][INFO] - Epoch 6, EarlyStopper counter: 6/10
[2025-01-12 10:40:47,727][root][INFO] - Epoch 4, EarlyStopper reset counter
[2025-01-12 10:41:02,013][root][INFO] - Epoch 5, EarlyStopper reset counter
[2025-01-12 10:41:06,010][root][INFO] - Epoch 4, EarlyStopper reset counter
[2025-01-12 10:41:06,068][root][INFO] - Epoch 5, EarlyStopper reset counter
[2025-01-12 10:41:09,601][root][INFO] - Epoch 7, EarlyStopper counter: 7/10
[2025-01-12 10:41:09,976][root][INFO] - Epoch 7, EarlyStopper counter: 7/10
[2025-01-12 10:41:20,627][root][INFO] - Epoch 5, EarlyStopper reset counter
[2025-01-12 10:41:34,727][root][INFO] - Epoch 8, EarlyStopper counter: 8/10
[2025-01-12 10:41:37,348][root][INFO] - Epoch 6, EarlyStopper reset counter
[2025-01-12 10:41:38,604][root][INFO] - Epoch 8, EarlyStopper counter: 8/10
[2025-01-12 10:41:38,981][root][INFO] - Epoch 5, EarlyStopper reset counter
[2025-01-12 10:41:39,131][root][INFO] - Epoch 6, EarlyStopper reset counter
[2025-01-12 10:41:52,459][root][INFO] - Epoch 6, EarlyStopper reset counter
[2025-01-12 10:41:59,631][root][INFO] - Epoch 9, EarlyStopper counter: 9/10
[2025-01-12 10:42:07,035][root][INFO] - Epoch 9, EarlyStopper counter: 9/10
[2025-01-12 10:42:07,856][root][INFO] - Epoch 7, EarlyStopper reset counter
[2025-01-12 10:42:11,231][root][INFO] - Epoch 6, EarlyStopper reset counter
[2025-01-12 10:42:18,904][root][INFO] - Epoch 7, EarlyStopper reset counter
[2025-01-12 10:42:23,820][root][INFO] - Epoch 10, EarlyStopper counter: 10/10
[2025-01-12 10:42:24,588][root][INFO] - Epoch 7, EarlyStopper reset counter
[2025-01-12 10:42:34,107][root][INFO] - Epoch 10, EarlyStopper counter: 10/10
[2025-01-12 10:42:34,923][root][INFO] - Epoch 8, EarlyStopper reset counter
[2025-01-12 10:42:41,051][root][INFO] - Epoch 7, EarlyStopper reset counter
[2025-01-12 10:42:51,547][root][INFO] - Epoch 8, EarlyStopper reset counter
[2025-01-12 10:42:52,693][root][INFO] - Epoch 8, EarlyStopper reset counter
[2025-01-12 10:43:01,364][root][INFO] - Epoch 9, EarlyStopper reset counter
[2025-01-12 10:43:08,775][root][INFO] - Epoch 8, EarlyStopper reset counter
[2025-01-12 10:43:19,778][root][INFO] - Epoch 9, EarlyStopper reset counter
[2025-01-12 10:43:23,381][root][INFO] - Epoch 9, EarlyStopper reset counter
[2025-01-12 10:43:26,911][root][INFO] - Epoch 10, EarlyStopper reset counter
[2025-01-12 10:43:37,547][root][INFO] - Epoch 9, EarlyStopper reset counter
[2025-01-12 10:43:47,694][root][INFO] - Epoch 10, EarlyStopper reset counter
[2025-01-12 10:43:52,964][root][INFO] - Epoch 11, EarlyStopper reset counter
[2025-01-12 10:43:54,689][root][INFO] - Epoch 10, EarlyStopper reset counter
[2025-01-12 10:44:06,871][root][INFO] - Epoch 10, EarlyStopper reset counter
[2025-01-12 10:44:15,624][root][INFO] - Epoch 11, EarlyStopper reset counter
[2025-01-12 10:44:18,070][root][INFO] - Epoch 12, EarlyStopper reset counter
[2025-01-12 10:44:26,002][root][INFO] - Epoch 11, EarlyStopper reset counter
[2025-01-12 10:44:35,718][root][INFO] - Epoch 11, EarlyStopper reset counter
[2025-01-12 10:44:43,543][root][INFO] - Epoch 13, EarlyStopper reset counter
[2025-01-12 10:44:43,638][root][INFO] - Epoch 12, EarlyStopper reset counter
[2025-01-12 10:44:57,156][root][INFO] - Epoch 12, EarlyStopper reset counter
[2025-01-12 10:45:05,155][root][INFO] - Epoch 12, EarlyStopper reset counter
[2025-01-12 10:45:10,011][root][INFO] - Epoch 14, EarlyStopper reset counter
[2025-01-12 10:45:11,829][root][INFO] - Epoch 13, EarlyStopper reset counter
[2025-01-12 10:45:28,602][root][INFO] - Epoch 13, EarlyStopper reset counter
[2025-01-12 10:45:34,176][root][INFO] - Epoch 13, EarlyStopper reset counter
[2025-01-12 10:45:36,045][root][INFO] - Epoch 15, EarlyStopper reset counter
[2025-01-12 10:45:39,941][root][INFO] - Epoch 14, EarlyStopper reset counter
[2025-01-12 10:45:58,372][root][INFO] - Epoch 14, EarlyStopper reset counter
[2025-01-12 10:46:01,295][root][INFO] - Epoch 16, EarlyStopper reset counter
[2025-01-12 10:46:01,937][root][INFO] - Epoch 14, EarlyStopper reset counter
[2025-01-12 10:46:06,913][root][INFO] - Epoch 15, EarlyStopper reset counter
[2025-01-12 10:46:25,893][root][INFO] - Epoch 17, EarlyStopper reset counter
[2025-01-12 10:46:28,616][root][INFO] - Epoch 15, EarlyStopper reset counter
[2025-01-12 10:46:29,498][root][INFO] - Epoch 15, EarlyStopper reset counter
[2025-01-12 10:46:34,724][root][INFO] - Epoch 16, EarlyStopper reset counter
[2025-01-12 10:46:51,552][root][INFO] - Epoch 18, EarlyStopper reset counter
[2025-01-12 10:46:59,362][root][INFO] - Epoch 16, EarlyStopper reset counter
[2025-01-12 10:47:00,418][root][INFO] - Epoch 16, EarlyStopper reset counter
[2025-01-12 10:47:02,994][root][INFO] - Epoch 17, EarlyStopper reset counter
[2025-01-12 10:47:17,144][root][INFO] - Epoch 19, EarlyStopper reset counter
[2025-01-12 10:47:27,370][root][INFO] - Epoch 17, EarlyStopper counter: 1/10
[2025-01-12 10:47:30,101][root][INFO] - Epoch 18, EarlyStopper counter: 1/10
[2025-01-12 10:47:30,280][root][INFO] - Epoch 17, EarlyStopper counter: 1/10
[2025-01-12 10:47:42,430][root][INFO] - Epoch 20, EarlyStopper reset counter
[2025-01-12 10:47:56,798][root][INFO] - Epoch 18, EarlyStopper counter: 2/10
[2025-01-12 10:47:57,829][root][INFO] - Epoch 19, EarlyStopper reset counter
[2025-01-12 10:48:01,161][root][INFO] - Epoch 18, EarlyStopper counter: 2/10
[2025-01-12 10:48:08,110][root][INFO] - Epoch 21, EarlyStopper reset counter
[2025-01-12 10:48:25,287][root][INFO] - Epoch 19, EarlyStopper reset counter
[2025-01-12 10:48:25,945][root][INFO] - Epoch 20, EarlyStopper counter: 1/10
[2025-01-12 10:48:31,081][root][INFO] - Epoch 19, EarlyStopper counter: 3/10
[2025-01-12 10:48:33,400][root][INFO] - Epoch 22, EarlyStopper reset counter
[2025-01-12 10:48:53,209][root][INFO] - Epoch 20, EarlyStopper counter: 1/10
[2025-01-12 10:48:53,416][root][INFO] - Epoch 21, EarlyStopper reset counter
[2025-01-12 10:48:57,903][root][INFO] - Epoch 23, EarlyStopper reset counter
[2025-01-12 10:49:00,827][root][INFO] - Epoch 20, EarlyStopper reset counter
[2025-01-12 10:49:21,788][root][INFO] - Epoch 21, EarlyStopper reset counter
[2025-01-12 10:49:22,648][root][INFO] - Epoch 22, EarlyStopper counter: 1/10
[2025-01-12 10:49:23,451][root][INFO] - Epoch 24, EarlyStopper reset counter
[2025-01-12 10:49:31,419][root][INFO] - Epoch 21, EarlyStopper reset counter
[2025-01-12 10:49:48,758][root][INFO] - Epoch 25, EarlyStopper reset counter
[2025-01-12 10:49:50,041][root][INFO] - Epoch 22, EarlyStopper reset counter
[2025-01-12 10:49:50,441][root][INFO] - Epoch 23, EarlyStopper counter: 2/10
[2025-01-12 10:50:00,908][root][INFO] - Epoch 22, EarlyStopper counter: 1/10
[2025-01-12 10:50:13,391][root][INFO] - Epoch 26, EarlyStopper reset counter
[2025-01-12 10:50:17,853][root][INFO] - Epoch 24, EarlyStopper counter: 3/10
[2025-01-12 10:50:17,984][root][INFO] - Epoch 23, EarlyStopper counter: 1/10
[2025-01-12 10:50:28,347][root][INFO] - Epoch 23, EarlyStopper reset counter
[2025-01-12 10:50:38,314][root][INFO] - Epoch 27, EarlyStopper reset counter
[2025-01-12 10:50:44,797][root][INFO] - Epoch 25, EarlyStopper reset counter
[2025-01-12 10:50:45,531][root][INFO] - Epoch 24, EarlyStopper counter: 2/10
[2025-01-12 10:50:55,934][root][INFO] - Epoch 24, EarlyStopper counter: 1/10
[2025-01-12 10:51:03,043][root][INFO] - Epoch 28, EarlyStopper reset counter
[2025-01-12 10:51:11,481][root][INFO] - Epoch 26, EarlyStopper counter: 1/10
[2025-01-12 10:51:13,658][root][INFO] - Epoch 25, EarlyStopper reset counter
[2025-01-12 10:51:22,912][root][INFO] - Epoch 25, EarlyStopper reset counter
[2025-01-12 10:51:27,528][root][INFO] - Epoch 29, EarlyStopper reset counter
[2025-01-12 10:51:38,188][root][INFO] - Epoch 27, EarlyStopper counter: 2/10
[2025-01-12 10:51:40,558][root][INFO] - Epoch 26, EarlyStopper reset counter
[2025-01-12 10:51:50,197][root][INFO] - Epoch 26, EarlyStopper reset counter
[2025-01-12 10:51:52,060][root][INFO] - Epoch 30, EarlyStopper reset counter
[2025-01-12 10:52:05,498][root][INFO] - Epoch 28, EarlyStopper counter: 3/10
[2025-01-12 10:52:08,295][root][INFO] - Epoch 27, EarlyStopper counter: 1/10
[2025-01-12 10:52:16,336][root][INFO] - Epoch 31, EarlyStopper reset counter
[2025-01-12 10:52:17,684][root][INFO] - Epoch 27, EarlyStopper reset counter
[2025-01-12 10:52:32,542][root][INFO] - Epoch 29, EarlyStopper reset counter
[2025-01-12 10:52:36,105][root][INFO] - Epoch 28, EarlyStopper counter: 2/10
[2025-01-12 10:52:41,165][root][INFO] - Epoch 32, EarlyStopper reset counter
[2025-01-12 10:52:45,515][root][INFO] - Epoch 28, EarlyStopper reset counter
[2025-01-12 10:52:59,770][root][INFO] - Epoch 30, EarlyStopper counter: 1/10
[2025-01-12 10:53:03,630][root][INFO] - Epoch 29, EarlyStopper counter: 3/10
[2025-01-12 10:53:06,573][root][INFO] - Epoch 33, EarlyStopper reset counter
[2025-01-12 10:53:12,769][root][INFO] - Epoch 29, EarlyStopper counter: 1/10
[2025-01-12 10:53:25,982][root][INFO] - Epoch 31, EarlyStopper reset counter
[2025-01-12 10:53:30,625][root][INFO] - Epoch 34, EarlyStopper reset counter
[2025-01-12 10:53:31,607][root][INFO] - Epoch 30, EarlyStopper reset counter
[2025-01-12 10:53:41,138][root][INFO] - Epoch 30, EarlyStopper counter: 2/10
[2025-01-12 10:53:53,042][root][INFO] - Epoch 32, EarlyStopper reset counter
[2025-01-12 10:53:55,371][root][INFO] - Epoch 35, EarlyStopper reset counter
[2025-01-12 10:53:58,909][root][INFO] - Epoch 31, EarlyStopper counter: 1/10
[2025-01-12 10:54:06,924][root][INFO] - Epoch 31, EarlyStopper counter: 3/10
[2025-01-12 10:54:18,956][root][INFO] - Epoch 36, EarlyStopper reset counter
[2025-01-12 10:54:19,236][root][INFO] - Epoch 33, EarlyStopper counter: 1/10
[2025-01-12 10:54:25,402][root][INFO] - Epoch 32, EarlyStopper counter: 2/10
[2025-01-12 10:54:32,063][root][INFO] - Epoch 32, EarlyStopper counter: 4/10
[2025-01-12 10:54:42,295][root][INFO] - Epoch 37, EarlyStopper reset counter
[2025-01-12 10:54:45,014][root][INFO] - Epoch 34, EarlyStopper counter: 2/10
[2025-01-12 10:54:54,300][root][INFO] - Epoch 33, EarlyStopper reset counter
[2025-01-12 10:54:58,587][root][INFO] - Epoch 33, EarlyStopper counter: 5/10
[2025-01-12 10:55:05,958][root][INFO] - Epoch 38, EarlyStopper reset counter
[2025-01-12 10:55:11,812][root][INFO] - Epoch 35, EarlyStopper counter: 3/10
[2025-01-12 10:55:22,966][root][INFO] - Epoch 34, EarlyStopper reset counter
[2025-01-12 10:55:25,457][root][INFO] - Epoch 34, EarlyStopper counter: 6/10
[2025-01-12 10:55:29,493][root][INFO] - Epoch 39, EarlyStopper reset counter
[2025-01-12 10:55:39,856][root][INFO] - Epoch 36, EarlyStopper counter: 4/10
[2025-01-12 10:55:51,303][root][INFO] - Epoch 35, EarlyStopper reset counter
[2025-01-12 10:55:52,968][root][INFO] - Epoch 35, EarlyStopper counter: 7/10
[2025-01-12 10:55:53,591][root][INFO] - Epoch 40, EarlyStopper reset counter
[2025-01-12 10:56:08,288][root][INFO] - Epoch 37, EarlyStopper reset counter
[2025-01-12 10:56:17,117][root][INFO] - Epoch 41, EarlyStopper counter: 1/10
[2025-01-12 10:56:20,002][root][INFO] - Epoch 36, EarlyStopper reset counter
[2025-01-12 10:56:20,713][root][INFO] - Epoch 36, EarlyStopper counter: 8/10
[2025-01-12 10:56:36,065][root][INFO] - Epoch 38, EarlyStopper counter: 1/10
[2025-01-12 10:56:40,670][root][INFO] - Epoch 42, EarlyStopper reset counter
[2025-01-12 10:56:48,124][root][INFO] - Epoch 37, EarlyStopper counter: 1/10
[2025-01-12 10:56:48,916][root][INFO] - Epoch 37, EarlyStopper counter: 9/10
[2025-01-12 10:57:03,133][root][INFO] - Epoch 39, EarlyStopper counter: 2/10
[2025-01-12 10:57:04,168][root][INFO] - Epoch 43, EarlyStopper reset counter
[2025-01-12 10:57:16,069][root][INFO] - Epoch 38, EarlyStopper counter: 2/10
[2025-01-12 10:57:17,332][root][INFO] - Epoch 38, EarlyStopper reset counter
[2025-01-12 10:57:27,437][root][INFO] - Epoch 44, EarlyStopper counter: 1/10
[2025-01-12 10:57:30,210][root][INFO] - Epoch 40, EarlyStopper reset counter
[2025-01-12 10:57:43,444][root][INFO] - Epoch 39, EarlyStopper counter: 3/10
[2025-01-12 10:57:45,482][root][INFO] - Epoch 39, EarlyStopper counter: 1/10
[2025-01-12 10:57:51,215][root][INFO] - Epoch 45, EarlyStopper counter: 2/10
[2025-01-12 10:57:56,608][root][INFO] - Epoch 41, EarlyStopper reset counter
[2025-01-12 10:58:10,600][root][INFO] - Epoch 40, EarlyStopper reset counter
[2025-01-12 10:58:13,257][root][INFO] - Epoch 40, EarlyStopper reset counter
[2025-01-12 10:58:14,195][root][INFO] - Epoch 46, EarlyStopper counter: 3/10
[2025-01-12 10:58:24,131][root][INFO] - Epoch 42, EarlyStopper counter: 1/10
[2025-01-12 10:58:37,590][root][INFO] - Epoch 47, EarlyStopper counter: 4/10
[2025-01-12 10:58:38,464][root][INFO] - Epoch 41, EarlyStopper counter: 1/10
[2025-01-12 10:58:41,270][root][INFO] - Epoch 41, EarlyStopper reset counter
[2025-01-12 10:58:50,667][root][INFO] - Epoch 43, EarlyStopper counter: 2/10
[2025-01-12 10:59:00,765][root][INFO] - Epoch 48, EarlyStopper counter: 5/10
[2025-01-12 10:59:07,181][root][INFO] - Epoch 42, EarlyStopper counter: 2/10
[2025-01-12 10:59:08,920][root][INFO] - Epoch 42, EarlyStopper counter: 1/10
[2025-01-12 10:59:17,315][root][INFO] - Epoch 44, EarlyStopper reset counter
[2025-01-12 10:59:24,818][root][INFO] - Epoch 49, EarlyStopper counter: 6/10
[2025-01-12 10:59:34,970][root][INFO] - Epoch 43, EarlyStopper counter: 3/10
[2025-01-12 10:59:35,744][root][INFO] - Epoch 43, EarlyStopper reset counter
[2025-01-12 10:59:44,562][root][INFO] - Epoch 45, EarlyStopper reset counter
[2025-01-12 10:59:48,443][root][INFO] - Epoch 50, EarlyStopper reset counter
[2025-01-12 11:00:02,834][root][INFO] - Epoch 44, EarlyStopper counter: 1/10
[2025-01-12 11:00:04,018][root][INFO] - Epoch 44, EarlyStopper counter: 4/10
[2025-01-12 11:00:11,748][root][INFO] - Epoch 46, EarlyStopper counter: 1/10
[2025-01-12 11:00:12,759][root][INFO] - Epoch 51, EarlyStopper counter: 1/10
[2025-01-12 11:00:29,697][root][INFO] - Epoch 45, EarlyStopper counter: 2/10
[2025-01-12 11:00:32,137][root][INFO] - Epoch 45, EarlyStopper counter: 5/10
[2025-01-12 11:00:36,182][root][INFO] - Epoch 52, EarlyStopper counter: 2/10
[2025-01-12 11:00:38,729][root][INFO] - Epoch 47, EarlyStopper counter: 2/10
[2025-01-12 11:00:57,210][root][INFO] - Epoch 46, EarlyStopper counter: 3/10
[2025-01-12 11:00:58,972][root][INFO] - Epoch 53, EarlyStopper reset counter
[2025-01-12 11:01:00,695][root][INFO] - Epoch 46, EarlyStopper reset counter
[2025-01-12 11:01:05,822][root][INFO] - Epoch 48, EarlyStopper counter: 3/10
[2025-01-12 11:01:22,842][root][INFO] - Epoch 54, EarlyStopper counter: 1/10
[2025-01-12 11:01:24,640][root][INFO] - Epoch 47, EarlyStopper reset counter
[2025-01-12 11:01:28,413][root][INFO] - Epoch 47, EarlyStopper counter: 1/10
[2025-01-12 11:01:32,627][root][INFO] - Epoch 49, EarlyStopper counter: 4/10
[2025-01-12 11:01:45,389][root][INFO] - Epoch 55, EarlyStopper counter: 2/10
[2025-01-12 11:01:52,911][root][INFO] - Epoch 48, EarlyStopper reset counter
[2025-01-12 11:01:56,036][root][INFO] - Epoch 48, EarlyStopper reset counter
[2025-01-12 11:01:59,339][root][INFO] - Epoch 50, EarlyStopper reset counter
[2025-01-12 11:02:08,085][root][INFO] - Epoch 56, EarlyStopper reset counter
[2025-01-12 11:02:20,446][root][INFO] - Epoch 49, EarlyStopper counter: 1/10
[2025-01-12 11:02:23,791][root][INFO] - Epoch 49, EarlyStopper counter: 1/10
[2025-01-12 11:02:26,745][root][INFO] - Epoch 51, EarlyStopper reset counter
[2025-01-12 11:02:31,170][root][INFO] - Epoch 57, EarlyStopper counter: 1/10
[2025-01-12 11:02:48,320][root][INFO] - Epoch 50, EarlyStopper counter: 2/10
[2025-01-12 11:02:51,014][root][INFO] - Epoch 50, EarlyStopper counter: 2/10
[2025-01-12 11:02:53,430][root][INFO] - Epoch 52, EarlyStopper counter: 1/10
[2025-01-12 11:02:54,173][root][INFO] - Epoch 58, EarlyStopper reset counter
[2025-01-12 11:03:16,599][root][INFO] - Epoch 51, EarlyStopper counter: 3/10
[2025-01-12 11:03:18,912][root][INFO] - Epoch 59, EarlyStopper reset counter
[2025-01-12 11:03:19,172][root][INFO] - Epoch 51, EarlyStopper counter: 3/10
[2025-01-12 11:03:20,151][root][INFO] - Epoch 53, EarlyStopper counter: 2/10
[2025-01-12 11:03:43,585][root][INFO] - Epoch 60, EarlyStopper reset counter
[2025-01-12 11:03:44,063][root][INFO] - Epoch 52, EarlyStopper counter: 4/10
[2025-01-12 11:03:47,554][root][INFO] - Epoch 52, EarlyStopper counter: 4/10
[2025-01-12 11:03:47,599][root][INFO] - Epoch 54, EarlyStopper counter: 3/10
[2025-01-12 11:04:06,555][root][INFO] - Epoch 61, EarlyStopper counter: 1/10
[2025-01-12 11:04:12,315][root][INFO] - Epoch 53, EarlyStopper counter: 5/10
[2025-01-12 11:04:15,604][root][INFO] - Epoch 55, EarlyStopper counter: 4/10
[2025-01-12 11:04:16,226][root][INFO] - Epoch 53, EarlyStopper counter: 5/10
[2025-01-12 11:04:29,411][root][INFO] - Epoch 62, EarlyStopper counter: 2/10
[2025-01-12 11:04:40,310][root][INFO] - Epoch 54, EarlyStopper reset counter
[2025-01-12 11:04:42,903][root][INFO] - Epoch 56, EarlyStopper counter: 5/10
[2025-01-12 11:04:43,822][root][INFO] - Epoch 54, EarlyStopper counter: 6/10
[2025-01-12 11:04:52,867][root][INFO] - Epoch 63, EarlyStopper counter: 3/10
[2025-01-12 11:05:07,210][root][INFO] - Epoch 55, EarlyStopper reset counter
[2025-01-12 11:05:09,681][root][INFO] - Epoch 57, EarlyStopper counter: 6/10
[2025-01-12 11:05:11,556][root][INFO] - Epoch 55, EarlyStopper counter: 7/10
[2025-01-12 11:05:16,613][root][INFO] - Epoch 64, EarlyStopper counter: 4/10
[2025-01-12 11:05:36,015][root][INFO] - Epoch 56, EarlyStopper counter: 1/10
[2025-01-12 11:05:37,578][root][INFO] - Epoch 58, EarlyStopper counter: 7/10
[2025-01-12 11:05:39,949][root][INFO] - Epoch 56, EarlyStopper counter: 8/10
[2025-01-12 11:05:40,165][root][INFO] - Epoch 65, EarlyStopper counter: 5/10
[2025-01-12 11:06:03,520][root][INFO] - Epoch 57, EarlyStopper reset counter
[2025-01-12 11:06:03,763][root][INFO] - Epoch 66, EarlyStopper counter: 6/10
[2025-01-12 11:06:05,747][root][INFO] - Epoch 59, EarlyStopper counter: 8/10
[2025-01-12 11:06:08,653][root][INFO] - Epoch 57, EarlyStopper counter: 9/10
[2025-01-12 11:06:27,283][root][INFO] - Epoch 67, EarlyStopper reset counter
[2025-01-12 11:06:30,068][root][INFO] - Epoch 58, EarlyStopper counter: 1/10
[2025-01-12 11:06:32,797][root][INFO] - Epoch 60, EarlyStopper counter: 9/10
[2025-01-12 11:06:36,597][root][INFO] - Epoch 58, EarlyStopper counter: 10/10
[2025-01-12 11:06:36,608][root][WARNING] - soft link /home/mansoor/antibody_design/epitope_prediction/epitope_pred/asepcode/../../results/asep/ckpts/20250112-103702/20250112-103703/last.pt already exists. It is removed.
[2025-01-12 11:06:36,707][root][WARNING] - soft link /home/mansoor/antibody_design/epitope_prediction/epitope_pred/asepcode/../../results/asep/ckpts/20250112-103702/20250112-103703/rank_0.pt already exists. It is removed.
[2025-01-12 11:06:36,709][root][WARNING] - soft link /home/mansoor/antibody_design/epitope_prediction/epitope_pred/asepcode/../../results/asep/ckpts/20250112-103702/20250112-103703/rank_1.pt already exists. It is removed.
[2025-01-12 11:06:36,710][root][WARNING] - soft link /home/mansoor/antibody_design/epitope_prediction/epitope_pred/asepcode/../../results/asep/ckpts/20250112-103702/20250112-103703/rank_2.pt already exists. It is removed.
[2025-01-12 11:06:36,722][root][WARNING] - soft link /home/mansoor/antibody_design/epitope_prediction/epitope_pred/asepcode/../../results/asep/ckpts/edge/20250112-103702/20250112-103703/rank_0.pt already exists. It is removed.
[2025-01-12 11:06:36,722][root][WARNING] - soft link /home/mansoor/antibody_design/epitope_prediction/epitope_pred/asepcode/../../results/asep/ckpts/edge/20250112-103702/20250112-103703/rank_1.pt already exists. It is removed.
[2025-01-12 11:06:36,723][root][WARNING] - soft link /home/mansoor/antibody_design/epitope_prediction/epitope_pred/asepcode/../../results/asep/ckpts/edge/20250112-103702/20250112-103703/rank_2.pt already exists. It is removed.
[2025-01-12 11:06:49,727][root][INFO] - Epoch 68, EarlyStopper counter: 1/10
[2025-01-12 11:06:56,506][root][INFO] - Epoch 59, EarlyStopper counter: 2/10
[2025-01-12 11:06:57,545][root][INFO] - Epoch 61, EarlyStopper counter: 10/10
[2025-01-12 11:06:57,552][root][WARNING] - soft link /home/mansoor/antibody_design/epitope_prediction/epitope_pred/asepcode/../../results/asep/ckpts/20250112-103702/20250112-103703/last.pt already exists. It is removed.
[2025-01-12 11:06:57,632][root][WARNING] - soft link /home/mansoor/antibody_design/epitope_prediction/epitope_pred/asepcode/../../results/asep/ckpts/20250112-103702/20250112-103703/rank_0.pt already exists. It is removed.
[2025-01-12 11:06:57,633][root][WARNING] - soft link /home/mansoor/antibody_design/epitope_prediction/epitope_pred/asepcode/../../results/asep/ckpts/20250112-103702/20250112-103703/rank_1.pt already exists. It is removed.
[2025-01-12 11:06:57,633][root][WARNING] - soft link /home/mansoor/antibody_design/epitope_prediction/epitope_pred/asepcode/../../results/asep/ckpts/20250112-103702/20250112-103703/rank_2.pt already exists. It is removed.
[2025-01-12 11:06:57,640][root][WARNING] - soft link /home/mansoor/antibody_design/epitope_prediction/epitope_pred/asepcode/../../results/asep/ckpts/edge/20250112-103702/20250112-103703/rank_0.pt already exists. It is removed.
[2025-01-12 11:06:57,640][root][WARNING] - soft link /home/mansoor/antibody_design/epitope_prediction/epitope_pred/asepcode/../../results/asep/ckpts/edge/20250112-103702/20250112-103703/rank_1.pt already exists. It is removed.
[2025-01-12 11:06:57,640][root][WARNING] - soft link /home/mansoor/antibody_design/epitope_prediction/epitope_pred/asepcode/../../results/asep/ckpts/edge/20250112-103702/20250112-103703/rank_2.pt already exists. It is removed.
[2025-01-12 11:07:12,459][root][INFO] - Epoch 69, EarlyStopper counter: 2/10
[2025-01-12 11:07:18,654][root][INFO] - Epoch 60, EarlyStopper counter: 3/10
[2025-01-12 11:07:34,403][root][INFO] - Epoch 70, EarlyStopper reset counter
[2025-01-12 11:07:40,288][root][INFO] - Epoch 61, EarlyStopper counter: 4/10
[2025-01-12 11:07:54,998][root][INFO] - Epoch 71, EarlyStopper reset counter
[2025-01-12 11:08:02,076][root][INFO] - Epoch 62, EarlyStopper counter: 5/10
[2025-01-12 11:08:15,092][root][INFO] - Epoch 72, EarlyStopper counter: 1/10
[2025-01-12 11:08:23,871][root][INFO] - Epoch 63, EarlyStopper counter: 6/10
[2025-01-12 11:08:34,968][root][INFO] - Epoch 73, EarlyStopper reset counter
[2025-01-12 11:08:45,573][root][INFO] - Epoch 64, EarlyStopper counter: 7/10
[2025-01-12 11:08:54,982][root][INFO] - Epoch 74, EarlyStopper counter: 1/10
[2025-01-12 11:09:07,342][root][INFO] - Epoch 65, EarlyStopper counter: 8/10
[2025-01-12 11:09:15,192][root][INFO] - Epoch 75, EarlyStopper counter: 2/10
[2025-01-12 11:09:29,050][root][INFO] - Epoch 66, EarlyStopper counter: 9/10
[2025-01-12 11:09:35,176][root][INFO] - Epoch 76, EarlyStopper counter: 3/10
[2025-01-12 11:09:50,638][root][INFO] - Epoch 67, EarlyStopper counter: 10/10
[2025-01-12 11:09:50,647][root][WARNING] - soft link /home/mansoor/antibody_design/epitope_prediction/epitope_pred/asepcode/../../results/asep/ckpts/20250112-103702/20250112-103703/last.pt already exists. It is removed.
[2025-01-12 11:09:50,722][root][WARNING] - soft link /home/mansoor/antibody_design/epitope_prediction/epitope_pred/asepcode/../../results/asep/ckpts/20250112-103702/20250112-103703/rank_0.pt already exists. It is removed.
[2025-01-12 11:09:50,723][root][WARNING] - soft link /home/mansoor/antibody_design/epitope_prediction/epitope_pred/asepcode/../../results/asep/ckpts/20250112-103702/20250112-103703/rank_1.pt already exists. It is removed.
[2025-01-12 11:09:50,723][root][WARNING] - soft link /home/mansoor/antibody_design/epitope_prediction/epitope_pred/asepcode/../../results/asep/ckpts/20250112-103702/20250112-103703/rank_2.pt already exists. It is removed.
[2025-01-12 11:09:50,731][root][WARNING] - soft link /home/mansoor/antibody_design/epitope_prediction/epitope_pred/asepcode/../../results/asep/ckpts/edge/20250112-103702/20250112-103703/rank_0.pt already exists. It is removed.
[2025-01-12 11:09:50,732][root][WARNING] - soft link /home/mansoor/antibody_design/epitope_prediction/epitope_pred/asepcode/../../results/asep/ckpts/edge/20250112-103702/20250112-103703/rank_1.pt already exists. It is removed.
[2025-01-12 11:09:50,732][root][WARNING] - soft link /home/mansoor/antibody_design/epitope_prediction/epitope_pred/asepcode/../../results/asep/ckpts/edge/20250112-103702/20250112-103703/rank_2.pt already exists. It is removed.
[2025-01-12 11:09:55,140][root][INFO] - Epoch 77, EarlyStopper counter: 4/10
[2025-01-12 11:10:13,944][root][INFO] - Epoch 78, EarlyStopper counter: 5/10
[2025-01-12 11:10:31,965][root][INFO] - Epoch 79, EarlyStopper counter: 6/10
[2025-01-12 11:10:49,999][root][INFO] - Epoch 80, EarlyStopper counter: 7/10
[2025-01-12 11:11:08,421][root][INFO] - Epoch 81, EarlyStopper counter: 8/10
[2025-01-12 11:11:26,647][root][INFO] - Epoch 82, EarlyStopper counter: 9/10
[2025-01-12 11:11:44,795][root][INFO] - Epoch 83, EarlyStopper counter: 10/10
[2025-01-12 11:11:44,803][root][WARNING] - soft link /home/mansoor/antibody_design/epitope_prediction/epitope_pred/asepcode/../../results/asep/ckpts/20250112-103702/20250112-103703/last.pt already exists. It is removed.
[2025-01-12 11:11:44,886][root][WARNING] - soft link /home/mansoor/antibody_design/epitope_prediction/epitope_pred/asepcode/../../results/asep/ckpts/20250112-103702/20250112-103703/rank_0.pt already exists. It is removed.
[2025-01-12 11:11:44,887][root][WARNING] - soft link /home/mansoor/antibody_design/epitope_prediction/epitope_pred/asepcode/../../results/asep/ckpts/20250112-103702/20250112-103703/rank_1.pt already exists. It is removed.
[2025-01-12 11:11:44,888][root][WARNING] - soft link /home/mansoor/antibody_design/epitope_prediction/epitope_pred/asepcode/../../results/asep/ckpts/20250112-103702/20250112-103703/rank_2.pt already exists. It is removed.
[2025-01-12 11:11:44,899][root][WARNING] - soft link /home/mansoor/antibody_design/epitope_prediction/epitope_pred/asepcode/../../results/asep/ckpts/edge/20250112-103702/20250112-103703/rank_0.pt already exists. It is removed.
[2025-01-12 11:11:44,900][root][WARNING] - soft link /home/mansoor/antibody_design/epitope_prediction/epitope_pred/asepcode/../../results/asep/ckpts/edge/20250112-103702/20250112-103703/rank_1.pt already exists. It is removed.
[2025-01-12 11:11:44,900][root][WARNING] - soft link /home/mansoor/antibody_design/epitope_prediction/epitope_pred/asepcode/../../results/asep/ckpts/edge/20250112-103702/20250112-103703/rank_2.pt already exists. It is removed.
