[2025-01-13 00:24:12,857][root][INFO] - Epoch 0, EarlyStopper reset counter
[2025-01-13 00:24:34,263][root][INFO] - Epoch 0, EarlyStopper reset counter
[2025-01-13 00:24:37,180][root][INFO] - Epoch 0, EarlyStopper reset counter
[2025-01-13 00:24:40,565][root][INFO] - Epoch 1, EarlyStopper reset counter
[2025-01-13 00:24:49,005][root][INFO] - Epoch 0, EarlyStopper reset counter
[2025-01-13 00:24:59,545][root][INFO] - Epoch 1, EarlyStopper reset counter
[2025-01-13 00:25:05,570][root][INFO] - Epoch 1, EarlyStopper reset counter
[2025-01-13 00:25:08,398][root][INFO] - Epoch 2, EarlyStopper reset counter
[2025-01-13 00:25:16,847][root][INFO] - Epoch 1, EarlyStopper reset counter
[2025-01-13 00:25:26,099][root][INFO] - Epoch 2, EarlyStopper reset counter
[2025-01-13 00:25:33,620][root][INFO] - Epoch 2, EarlyStopper reset counter
[2025-01-13 00:25:35,205][root][INFO] - Epoch 3, EarlyStopper reset counter
[2025-01-13 00:25:45,175][root][INFO] - Epoch 2, EarlyStopper reset counter
[2025-01-13 00:25:51,678][root][INFO] - Epoch 3, EarlyStopper reset counter
[2025-01-13 00:26:01,614][root][INFO] - Epoch 3, EarlyStopper reset counter
[2025-01-13 00:26:02,096][root][INFO] - Epoch 4, EarlyStopper reset counter
[2025-01-13 00:26:12,427][root][INFO] - Epoch 3, EarlyStopper reset counter
[2025-01-13 00:26:17,093][root][INFO] - Epoch 4, EarlyStopper reset counter
[2025-01-13 00:26:28,929][root][INFO] - Epoch 4, EarlyStopper reset counter
[2025-01-13 00:26:29,482][root][INFO] - Epoch 5, EarlyStopper reset counter
[2025-01-13 00:26:39,722][root][INFO] - Epoch 4, EarlyStopper reset counter
[2025-01-13 00:26:43,346][root][INFO] - Epoch 5, EarlyStopper reset counter
[2025-01-13 00:26:56,597][root][INFO] - Epoch 5, EarlyStopper reset counter
[2025-01-13 00:26:56,969][root][INFO] - Epoch 6, EarlyStopper reset counter
[2025-01-13 00:27:07,790][root][INFO] - Epoch 5, EarlyStopper reset counter
[2025-01-13 00:27:09,565][root][INFO] - Epoch 6, EarlyStopper reset counter
[2025-01-13 00:27:23,073][root][INFO] - Epoch 6, EarlyStopper reset counter
[2025-01-13 00:27:23,592][root][INFO] - Epoch 7, EarlyStopper reset counter
[2025-01-13 00:27:34,911][root][INFO] - Epoch 7, EarlyStopper reset counter
[2025-01-13 00:27:36,094][root][INFO] - Epoch 6, EarlyStopper reset counter
[2025-01-13 00:27:50,480][root][INFO] - Epoch 8, EarlyStopper reset counter
[2025-01-13 00:27:51,305][root][INFO] - Epoch 7, EarlyStopper reset counter
[2025-01-13 00:28:01,197][root][INFO] - Epoch 8, EarlyStopper reset counter
[2025-01-13 00:28:04,584][root][INFO] - Epoch 7, EarlyStopper reset counter
[2025-01-13 00:28:17,299][root][INFO] - Epoch 9, EarlyStopper reset counter
[2025-01-13 00:28:18,554][root][INFO] - Epoch 8, EarlyStopper reset counter
[2025-01-13 00:28:26,526][root][INFO] - Epoch 9, EarlyStopper reset counter
[2025-01-13 00:28:31,763][root][INFO] - Epoch 8, EarlyStopper reset counter
[2025-01-13 00:28:43,449][root][INFO] - Epoch 10, EarlyStopper reset counter
[2025-01-13 00:28:46,024][root][INFO] - Epoch 9, EarlyStopper reset counter
[2025-01-13 00:28:51,420][root][INFO] - Epoch 10, EarlyStopper reset counter
[2025-01-13 00:28:58,779][root][INFO] - Epoch 9, EarlyStopper reset counter
[2025-01-13 00:29:10,334][root][INFO] - Epoch 11, EarlyStopper reset counter
[2025-01-13 00:29:13,673][root][INFO] - Epoch 10, EarlyStopper reset counter
[2025-01-13 00:29:16,437][root][INFO] - Epoch 11, EarlyStopper reset counter
[2025-01-13 00:29:25,777][root][INFO] - Epoch 10, EarlyStopper reset counter
[2025-01-13 00:29:37,450][root][INFO] - Epoch 12, EarlyStopper reset counter
[2025-01-13 00:29:40,262][root][INFO] - Epoch 11, EarlyStopper reset counter
[2025-01-13 00:29:41,146][root][INFO] - Epoch 12, EarlyStopper counter: 1/10
[2025-01-13 00:29:53,065][root][INFO] - Epoch 11, EarlyStopper reset counter
[2025-01-13 00:30:04,755][root][INFO] - Epoch 13, EarlyStopper reset counter
[2025-01-13 00:30:06,721][root][INFO] - Epoch 13, EarlyStopper reset counter
[2025-01-13 00:30:06,823][root][INFO] - Epoch 12, EarlyStopper reset counter
[2025-01-13 00:30:20,248][root][INFO] - Epoch 12, EarlyStopper reset counter
[2025-01-13 00:30:31,060][root][INFO] - Epoch 14, EarlyStopper reset counter
[2025-01-13 00:30:31,770][root][INFO] - Epoch 14, EarlyStopper reset counter
[2025-01-13 00:30:34,719][root][INFO] - Epoch 13, EarlyStopper reset counter
[2025-01-13 00:30:48,382][root][INFO] - Epoch 13, EarlyStopper reset counter
[2025-01-13 00:30:57,469][root][INFO] - Epoch 15, EarlyStopper reset counter
[2025-01-13 00:30:58,236][root][INFO] - Epoch 15, EarlyStopper reset counter
[2025-01-13 00:31:02,551][root][INFO] - Epoch 14, EarlyStopper reset counter
[2025-01-13 00:31:15,977][root][INFO] - Epoch 14, EarlyStopper reset counter
[2025-01-13 00:31:23,041][root][INFO] - Epoch 16, EarlyStopper reset counter
[2025-01-13 00:31:24,837][root][INFO] - Epoch 16, EarlyStopper reset counter
[2025-01-13 00:31:30,848][root][INFO] - Epoch 15, EarlyStopper reset counter
[2025-01-13 00:31:43,959][root][INFO] - Epoch 15, EarlyStopper reset counter
[2025-01-13 00:31:49,054][root][INFO] - Epoch 17, EarlyStopper reset counter
[2025-01-13 00:31:52,038][root][INFO] - Epoch 17, EarlyStopper reset counter
[2025-01-13 00:31:59,884][root][INFO] - Epoch 16, EarlyStopper reset counter
[2025-01-13 00:32:11,624][root][INFO] - Epoch 16, EarlyStopper reset counter
[2025-01-13 00:32:14,065][root][INFO] - Epoch 18, EarlyStopper reset counter
[2025-01-13 00:32:18,461][root][INFO] - Epoch 18, EarlyStopper reset counter
[2025-01-13 00:32:27,800][root][INFO] - Epoch 17, EarlyStopper reset counter
[2025-01-13 00:32:39,017][root][INFO] - Epoch 17, EarlyStopper reset counter
[2025-01-13 00:32:39,283][root][INFO] - Epoch 19, EarlyStopper reset counter
[2025-01-13 00:32:44,568][root][INFO] - Epoch 19, EarlyStopper reset counter
[2025-01-13 00:32:54,743][root][INFO] - Epoch 18, EarlyStopper reset counter
[2025-01-13 00:33:04,616][root][INFO] - Epoch 20, EarlyStopper reset counter
[2025-01-13 00:33:06,086][root][INFO] - Epoch 18, EarlyStopper reset counter
[2025-01-13 00:33:11,129][root][INFO] - Epoch 20, EarlyStopper counter: 1/10
[2025-01-13 00:33:21,489][root][INFO] - Epoch 19, EarlyStopper reset counter
[2025-01-13 00:33:30,402][root][INFO] - Epoch 21, EarlyStopper reset counter
[2025-01-13 00:33:33,040][root][INFO] - Epoch 19, EarlyStopper reset counter
[2025-01-13 00:33:38,333][root][INFO] - Epoch 21, EarlyStopper reset counter
[2025-01-13 00:33:48,825][root][INFO] - Epoch 20, EarlyStopper counter: 1/10
[2025-01-13 00:33:56,768][root][INFO] - Epoch 22, EarlyStopper reset counter
[2025-01-13 00:34:00,115][root][INFO] - Epoch 20, EarlyStopper counter: 1/10
[2025-01-13 00:34:06,498][root][INFO] - Epoch 22, EarlyStopper counter: 1/10
[2025-01-13 00:34:15,891][root][INFO] - Epoch 21, EarlyStopper reset counter
[2025-01-13 00:34:21,988][root][INFO] - Epoch 23, EarlyStopper reset counter
[2025-01-13 00:34:26,904][root][INFO] - Epoch 21, EarlyStopper counter: 2/10
[2025-01-13 00:34:32,944][root][INFO] - Epoch 23, EarlyStopper reset counter
[2025-01-13 00:34:42,871][root][INFO] - Epoch 22, EarlyStopper reset counter
[2025-01-13 00:34:47,204][root][INFO] - Epoch 24, EarlyStopper reset counter
[2025-01-13 00:34:53,935][root][INFO] - Epoch 22, EarlyStopper reset counter
[2025-01-13 00:34:59,621][root][INFO] - Epoch 24, EarlyStopper counter: 1/10
[2025-01-13 00:35:10,526][root][INFO] - Epoch 23, EarlyStopper counter: 1/10
[2025-01-13 00:35:12,083][root][INFO] - Epoch 25, EarlyStopper reset counter
[2025-01-13 00:35:20,647][root][INFO] - Epoch 23, EarlyStopper reset counter
[2025-01-13 00:35:27,190][root][INFO] - Epoch 25, EarlyStopper reset counter
[2025-01-13 00:35:37,249][root][INFO] - Epoch 26, EarlyStopper reset counter
[2025-01-13 00:35:37,940][root][INFO] - Epoch 24, EarlyStopper reset counter
[2025-01-13 00:35:48,198][root][INFO] - Epoch 24, EarlyStopper reset counter
[2025-01-13 00:35:53,623][root][INFO] - Epoch 26, EarlyStopper reset counter
[2025-01-13 00:36:02,380][root][INFO] - Epoch 27, EarlyStopper reset counter
[2025-01-13 00:36:05,268][root][INFO] - Epoch 25, EarlyStopper reset counter
[2025-01-13 00:36:14,801][root][INFO] - Epoch 25, EarlyStopper counter: 1/10
[2025-01-13 00:36:20,371][root][INFO] - Epoch 27, EarlyStopper reset counter
[2025-01-13 00:36:27,841][root][INFO] - Epoch 28, EarlyStopper reset counter
[2025-01-13 00:36:33,721][root][INFO] - Epoch 26, EarlyStopper counter: 1/10
[2025-01-13 00:36:42,122][root][INFO] - Epoch 26, EarlyStopper counter: 2/10
[2025-01-13 00:36:46,249][root][INFO] - Epoch 28, EarlyStopper counter: 1/10
[2025-01-13 00:36:52,955][root][INFO] - Epoch 29, EarlyStopper reset counter
[2025-01-13 00:37:01,215][root][INFO] - Epoch 27, EarlyStopper reset counter
[2025-01-13 00:37:10,513][root][INFO] - Epoch 27, EarlyStopper reset counter
[2025-01-13 00:37:13,125][root][INFO] - Epoch 29, EarlyStopper counter: 2/10
[2025-01-13 00:37:17,966][root][INFO] - Epoch 30, EarlyStopper reset counter
[2025-01-13 00:37:29,333][root][INFO] - Epoch 28, EarlyStopper counter: 1/10
[2025-01-13 00:37:38,486][root][INFO] - Epoch 28, EarlyStopper reset counter
[2025-01-13 00:37:40,540][root][INFO] - Epoch 30, EarlyStopper counter: 3/10
[2025-01-13 00:37:43,297][root][INFO] - Epoch 31, EarlyStopper reset counter
[2025-01-13 00:37:56,463][root][INFO] - Epoch 29, EarlyStopper reset counter
[2025-01-13 00:38:05,797][root][INFO] - Epoch 29, EarlyStopper counter: 1/10
[2025-01-13 00:38:07,877][root][INFO] - Epoch 32, EarlyStopper reset counter
[2025-01-13 00:38:07,959][root][INFO] - Epoch 31, EarlyStopper counter: 4/10
[2025-01-13 00:38:24,238][root][INFO] - Epoch 30, EarlyStopper reset counter
[2025-01-13 00:38:33,256][root][INFO] - Epoch 30, EarlyStopper counter: 2/10
[2025-01-13 00:38:33,553][root][INFO] - Epoch 33, EarlyStopper reset counter
[2025-01-13 00:38:34,891][root][INFO] - Epoch 32, EarlyStopper counter: 5/10
[2025-01-13 00:38:51,794][root][INFO] - Epoch 31, EarlyStopper counter: 1/10
[2025-01-13 00:38:58,843][root][INFO] - Epoch 34, EarlyStopper reset counter
[2025-01-13 00:39:00,500][root][INFO] - Epoch 31, EarlyStopper reset counter
[2025-01-13 00:39:02,656][root][INFO] - Epoch 33, EarlyStopper reset counter
[2025-01-13 00:39:20,238][root][INFO] - Epoch 32, EarlyStopper reset counter
[2025-01-13 00:39:24,771][root][INFO] - Epoch 35, EarlyStopper reset counter
[2025-01-13 00:39:28,452][root][INFO] - Epoch 32, EarlyStopper counter: 1/10
[2025-01-13 00:39:30,237][root][INFO] - Epoch 34, EarlyStopper reset counter
[2025-01-13 00:39:48,232][root][INFO] - Epoch 33, EarlyStopper counter: 1/10
[2025-01-13 00:39:50,177][root][INFO] - Epoch 36, EarlyStopper reset counter
[2025-01-13 00:39:56,350][root][INFO] - Epoch 33, EarlyStopper reset counter
[2025-01-13 00:39:57,017][root][INFO] - Epoch 35, EarlyStopper reset counter
[2025-01-13 00:40:15,077][root][INFO] - Epoch 37, EarlyStopper reset counter
[2025-01-13 00:40:15,710][root][INFO] - Epoch 34, EarlyStopper counter: 2/10
[2025-01-13 00:40:24,365][root][INFO] - Epoch 36, EarlyStopper reset counter
[2025-01-13 00:40:24,754][root][INFO] - Epoch 34, EarlyStopper counter: 1/10
[2025-01-13 00:40:40,486][root][INFO] - Epoch 38, EarlyStopper reset counter
[2025-01-13 00:40:43,915][root][INFO] - Epoch 35, EarlyStopper reset counter
[2025-01-13 00:40:51,592][root][INFO] - Epoch 37, EarlyStopper reset counter
[2025-01-13 00:40:51,852][root][INFO] - Epoch 35, EarlyStopper counter: 2/10
[2025-01-13 00:41:05,959][root][INFO] - Epoch 39, EarlyStopper reset counter
[2025-01-13 00:41:10,856][root][INFO] - Epoch 36, EarlyStopper counter: 1/10
[2025-01-13 00:41:18,626][root][INFO] - Epoch 38, EarlyStopper reset counter
[2025-01-13 00:41:19,131][root][INFO] - Epoch 36, EarlyStopper reset counter
[2025-01-13 00:41:30,454][root][INFO] - Epoch 40, EarlyStopper reset counter
[2025-01-13 00:41:38,154][root][INFO] - Epoch 37, EarlyStopper reset counter
[2025-01-13 00:41:45,575][root][INFO] - Epoch 39, EarlyStopper reset counter
[2025-01-13 00:41:46,083][root][INFO] - Epoch 37, EarlyStopper reset counter
[2025-01-13 00:41:54,983][root][INFO] - Epoch 41, EarlyStopper reset counter
[2025-01-13 00:42:05,495][root][INFO] - Epoch 38, EarlyStopper counter: 1/10
[2025-01-13 00:42:12,893][root][INFO] - Epoch 40, EarlyStopper counter: 1/10
[2025-01-13 00:42:13,763][root][INFO] - Epoch 38, EarlyStopper counter: 1/10
[2025-01-13 00:42:20,110][root][INFO] - Epoch 42, EarlyStopper reset counter
[2025-01-13 00:42:33,223][root][INFO] - Epoch 39, EarlyStopper counter: 2/10
[2025-01-13 00:42:39,541][root][INFO] - Epoch 41, EarlyStopper counter: 2/10
[2025-01-13 00:42:41,058][root][INFO] - Epoch 39, EarlyStopper counter: 2/10
[2025-01-13 00:42:45,743][root][INFO] - Epoch 43, EarlyStopper reset counter
[2025-01-13 00:43:02,320][root][INFO] - Epoch 40, EarlyStopper counter: 3/10
[2025-01-13 00:43:05,679][root][INFO] - Epoch 42, EarlyStopper counter: 3/10
[2025-01-13 00:43:08,425][root][INFO] - Epoch 40, EarlyStopper counter: 3/10
[2025-01-13 00:43:10,515][root][INFO] - Epoch 44, EarlyStopper reset counter
[2025-01-13 00:43:30,495][root][INFO] - Epoch 41, EarlyStopper counter: 4/10
[2025-01-13 00:43:31,962][root][INFO] - Epoch 43, EarlyStopper counter: 4/10
[2025-01-13 00:43:35,395][root][INFO] - Epoch 41, EarlyStopper reset counter
[2025-01-13 00:43:35,496][root][INFO] - Epoch 45, EarlyStopper reset counter
[2025-01-13 00:43:58,156][root][INFO] - Epoch 44, EarlyStopper counter: 5/10
[2025-01-13 00:43:58,659][root][INFO] - Epoch 42, EarlyStopper counter: 5/10
[2025-01-13 00:44:01,014][root][INFO] - Epoch 46, EarlyStopper reset counter
[2025-01-13 00:44:02,996][root][INFO] - Epoch 42, EarlyStopper counter: 1/10
[2025-01-13 00:44:25,183][root][INFO] - Epoch 45, EarlyStopper counter: 6/10
[2025-01-13 00:44:25,764][root][INFO] - Epoch 43, EarlyStopper counter: 6/10
[2025-01-13 00:44:26,130][root][INFO] - Epoch 47, EarlyStopper reset counter
[2025-01-13 00:44:29,702][root][INFO] - Epoch 43, EarlyStopper counter: 2/10
[2025-01-13 00:44:51,693][root][INFO] - Epoch 48, EarlyStopper reset counter
[2025-01-13 00:44:52,351][root][INFO] - Epoch 46, EarlyStopper reset counter
[2025-01-13 00:44:53,268][root][INFO] - Epoch 44, EarlyStopper reset counter
[2025-01-13 00:44:57,832][root][INFO] - Epoch 44, EarlyStopper reset counter
[2025-01-13 00:45:17,183][root][INFO] - Epoch 49, EarlyStopper reset counter
[2025-01-13 00:45:18,723][root][INFO] - Epoch 47, EarlyStopper counter: 1/10
[2025-01-13 00:45:20,067][root][INFO] - Epoch 45, EarlyStopper counter: 1/10
[2025-01-13 00:45:25,479][root][INFO] - Epoch 45, EarlyStopper counter: 1/10
[2025-01-13 00:45:42,980][root][INFO] - Epoch 50, EarlyStopper reset counter
[2025-01-13 00:45:44,920][root][INFO] - Epoch 48, EarlyStopper counter: 2/10
[2025-01-13 00:45:47,761][root][INFO] - Epoch 46, EarlyStopper reset counter
[2025-01-13 00:45:52,843][root][INFO] - Epoch 46, EarlyStopper reset counter
[2025-01-13 00:46:08,387][root][INFO] - Epoch 51, EarlyStopper reset counter
[2025-01-13 00:46:11,545][root][INFO] - Epoch 49, EarlyStopper counter: 3/10
[2025-01-13 00:46:15,197][root][INFO] - Epoch 47, EarlyStopper reset counter
[2025-01-13 00:46:20,164][root][INFO] - Epoch 47, EarlyStopper counter: 1/10
[2025-01-13 00:46:33,437][root][INFO] - Epoch 52, EarlyStopper reset counter
[2025-01-13 00:46:38,633][root][INFO] - Epoch 50, EarlyStopper counter: 4/10
[2025-01-13 00:46:43,874][root][INFO] - Epoch 48, EarlyStopper reset counter
[2025-01-13 00:46:47,249][root][INFO] - Epoch 48, EarlyStopper counter: 2/10
[2025-01-13 00:46:59,164][root][INFO] - Epoch 53, EarlyStopper reset counter
[2025-01-13 00:47:05,592][root][INFO] - Epoch 51, EarlyStopper counter: 5/10
[2025-01-13 00:47:11,241][root][INFO] - Epoch 49, EarlyStopper reset counter
[2025-01-13 00:47:14,437][root][INFO] - Epoch 49, EarlyStopper reset counter
[2025-01-13 00:47:24,758][root][INFO] - Epoch 54, EarlyStopper reset counter
[2025-01-13 00:47:32,934][root][INFO] - Epoch 52, EarlyStopper counter: 6/10
[2025-01-13 00:47:39,251][root][INFO] - Epoch 50, EarlyStopper reset counter
[2025-01-13 00:47:42,066][root][INFO] - Epoch 50, EarlyStopper counter: 1/10
[2025-01-13 00:47:50,382][root][INFO] - Epoch 55, EarlyStopper reset counter
[2025-01-13 00:47:59,697][root][INFO] - Epoch 53, EarlyStopper reset counter
[2025-01-13 00:48:07,774][root][INFO] - Epoch 51, EarlyStopper reset counter
[2025-01-13 00:48:09,609][root][INFO] - Epoch 51, EarlyStopper counter: 2/10
[2025-01-13 00:48:15,862][root][INFO] - Epoch 56, EarlyStopper reset counter
[2025-01-13 00:48:26,289][root][INFO] - Epoch 54, EarlyStopper reset counter
[2025-01-13 00:48:35,817][root][INFO] - Epoch 52, EarlyStopper counter: 1/10
[2025-01-13 00:48:36,597][root][INFO] - Epoch 52, EarlyStopper counter: 3/10
[2025-01-13 00:48:41,209][root][INFO] - Epoch 57, EarlyStopper reset counter
[2025-01-13 00:48:53,262][root][INFO] - Epoch 55, EarlyStopper counter: 1/10
[2025-01-13 00:49:03,410][root][INFO] - Epoch 53, EarlyStopper counter: 4/10
[2025-01-13 00:49:03,525][root][INFO] - Epoch 53, EarlyStopper counter: 2/10
[2025-01-13 00:49:06,031][root][INFO] - Epoch 58, EarlyStopper reset counter
[2025-01-13 00:49:20,791][root][INFO] - Epoch 56, EarlyStopper reset counter
[2025-01-13 00:49:31,087][root][INFO] - Epoch 54, EarlyStopper counter: 5/10
[2025-01-13 00:49:32,459][root][INFO] - Epoch 59, EarlyStopper reset counter
[2025-01-13 00:49:32,540][root][INFO] - Epoch 54, EarlyStopper counter: 3/10
[2025-01-13 00:49:48,036][root][INFO] - Epoch 57, EarlyStopper reset counter
[2025-01-13 00:49:57,814][root][INFO] - Epoch 60, EarlyStopper reset counter
[2025-01-13 00:49:58,747][root][INFO] - Epoch 55, EarlyStopper reset counter
[2025-01-13 00:49:59,987][root][INFO] - Epoch 55, EarlyStopper counter: 4/10
[2025-01-13 00:50:14,976][root][INFO] - Epoch 58, EarlyStopper reset counter
[2025-01-13 00:50:23,065][root][INFO] - Epoch 61, EarlyStopper counter: 1/10
[2025-01-13 00:50:25,766][root][INFO] - Epoch 56, EarlyStopper reset counter
[2025-01-13 00:50:27,207][root][INFO] - Epoch 56, EarlyStopper counter: 5/10
[2025-01-13 00:50:42,679][root][INFO] - Epoch 59, EarlyStopper reset counter
[2025-01-13 00:50:48,359][root][INFO] - Epoch 62, EarlyStopper reset counter
[2025-01-13 00:50:52,256][root][INFO] - Epoch 57, EarlyStopper counter: 1/10
[2025-01-13 00:50:54,643][root][INFO] - Epoch 57, EarlyStopper counter: 6/10
[2025-01-13 00:51:09,852][root][INFO] - Epoch 60, EarlyStopper counter: 1/10
[2025-01-13 00:51:15,129][root][INFO] - Epoch 63, EarlyStopper reset counter
[2025-01-13 00:51:19,319][root][INFO] - Epoch 58, EarlyStopper counter: 2/10
[2025-01-13 00:51:22,213][root][INFO] - Epoch 58, EarlyStopper reset counter
[2025-01-13 00:51:36,904][root][INFO] - Epoch 61, EarlyStopper counter: 2/10
[2025-01-13 00:51:40,597][root][INFO] - Epoch 64, EarlyStopper reset counter
[2025-01-13 00:51:47,091][root][INFO] - Epoch 59, EarlyStopper reset counter
[2025-01-13 00:51:49,336][root][INFO] - Epoch 59, EarlyStopper counter: 1/10
[2025-01-13 00:52:03,906][root][INFO] - Epoch 62, EarlyStopper counter: 3/10
[2025-01-13 00:52:05,961][root][INFO] - Epoch 65, EarlyStopper reset counter
[2025-01-13 00:52:15,269][root][INFO] - Epoch 60, EarlyStopper reset counter
[2025-01-13 00:52:16,823][root][INFO] - Epoch 60, EarlyStopper counter: 2/10
[2025-01-13 00:52:30,660][root][INFO] - Epoch 63, EarlyStopper reset counter
[2025-01-13 00:52:31,603][root][INFO] - Epoch 66, EarlyStopper counter: 1/10
[2025-01-13 00:52:42,663][root][INFO] - Epoch 61, EarlyStopper counter: 1/10
[2025-01-13 00:52:43,221][root][INFO] - Epoch 61, EarlyStopper counter: 3/10
[2025-01-13 00:52:56,608][root][INFO] - Epoch 67, EarlyStopper reset counter
[2025-01-13 00:52:57,615][root][INFO] - Epoch 64, EarlyStopper counter: 1/10
[2025-01-13 00:53:10,323][root][INFO] - Epoch 62, EarlyStopper counter: 4/10
[2025-01-13 00:53:11,027][root][INFO] - Epoch 62, EarlyStopper counter: 2/10
[2025-01-13 00:53:22,578][root][INFO] - Epoch 68, EarlyStopper reset counter
[2025-01-13 00:53:24,631][root][INFO] - Epoch 65, EarlyStopper counter: 2/10
[2025-01-13 00:53:37,018][root][INFO] - Epoch 63, EarlyStopper counter: 5/10
[2025-01-13 00:53:38,476][root][INFO] - Epoch 63, EarlyStopper counter: 3/10
[2025-01-13 00:53:47,600][root][INFO] - Epoch 69, EarlyStopper reset counter
[2025-01-13 00:53:51,641][root][INFO] - Epoch 66, EarlyStopper counter: 3/10
[2025-01-13 00:54:04,401][root][INFO] - Epoch 64, EarlyStopper reset counter
[2025-01-13 00:54:06,099][root][INFO] - Epoch 64, EarlyStopper counter: 4/10
[2025-01-13 00:54:12,653][root][INFO] - Epoch 70, EarlyStopper counter: 1/10
[2025-01-13 00:54:19,105][root][INFO] - Epoch 67, EarlyStopper counter: 4/10
[2025-01-13 00:54:31,431][root][INFO] - Epoch 65, EarlyStopper reset counter
[2025-01-13 00:54:32,479][root][INFO] - Epoch 65, EarlyStopper counter: 5/10
[2025-01-13 00:54:37,281][root][INFO] - Epoch 71, EarlyStopper reset counter
[2025-01-13 00:54:46,144][root][INFO] - Epoch 68, EarlyStopper counter: 5/10
[2025-01-13 00:54:58,409][root][INFO] - Epoch 66, EarlyStopper counter: 1/10
[2025-01-13 00:54:59,467][root][INFO] - Epoch 66, EarlyStopper reset counter
[2025-01-13 00:55:02,276][root][INFO] - Epoch 72, EarlyStopper counter: 1/10
[2025-01-13 00:55:12,857][root][INFO] - Epoch 69, EarlyStopper counter: 6/10
[2025-01-13 00:55:26,156][root][INFO] - Epoch 67, EarlyStopper counter: 2/10
[2025-01-13 00:55:26,723][root][INFO] - Epoch 67, EarlyStopper counter: 1/10
[2025-01-13 00:55:27,277][root][INFO] - Epoch 73, EarlyStopper reset counter
[2025-01-13 00:55:40,216][root][INFO] - Epoch 70, EarlyStopper counter: 7/10
[2025-01-13 00:55:52,710][root][INFO] - Epoch 74, EarlyStopper counter: 1/10
[2025-01-13 00:55:54,199][root][INFO] - Epoch 68, EarlyStopper reset counter
[2025-01-13 00:55:54,380][root][INFO] - Epoch 68, EarlyStopper counter: 2/10
[2025-01-13 00:56:07,145][root][INFO] - Epoch 71, EarlyStopper counter: 8/10
[2025-01-13 00:56:18,341][root][INFO] - Epoch 75, EarlyStopper reset counter
[2025-01-13 00:56:21,394][root][INFO] - Epoch 69, EarlyStopper reset counter
[2025-01-13 00:56:22,199][root][INFO] - Epoch 69, EarlyStopper counter: 3/10
[2025-01-13 00:56:34,120][root][INFO] - Epoch 72, EarlyStopper reset counter
[2025-01-13 00:56:43,744][root][INFO] - Epoch 76, EarlyStopper counter: 1/10
[2025-01-13 00:56:49,522][root][INFO] - Epoch 70, EarlyStopper counter: 4/10
[2025-01-13 00:56:49,602][root][INFO] - Epoch 70, EarlyStopper counter: 1/10
[2025-01-13 00:57:00,795][root][INFO] - Epoch 73, EarlyStopper reset counter
[2025-01-13 00:57:08,987][root][INFO] - Epoch 77, EarlyStopper counter: 2/10
[2025-01-13 00:57:16,405][root][INFO] - Epoch 71, EarlyStopper counter: 5/10
[2025-01-13 00:57:17,377][root][INFO] - Epoch 71, EarlyStopper counter: 2/10
[2025-01-13 00:57:27,614][root][INFO] - Epoch 74, EarlyStopper counter: 1/10
[2025-01-13 00:57:34,454][root][INFO] - Epoch 78, EarlyStopper reset counter
[2025-01-13 00:57:43,356][root][INFO] - Epoch 72, EarlyStopper reset counter
[2025-01-13 00:57:44,474][root][INFO] - Epoch 72, EarlyStopper counter: 3/10
[2025-01-13 00:57:54,723][root][INFO] - Epoch 75, EarlyStopper counter: 2/10
[2025-01-13 00:58:00,277][root][INFO] - Epoch 79, EarlyStopper reset counter
[2025-01-13 00:58:10,211][root][INFO] - Epoch 73, EarlyStopper counter: 1/10
[2025-01-13 00:58:11,361][root][INFO] - Epoch 73, EarlyStopper reset counter
[2025-01-13 00:58:21,915][root][INFO] - Epoch 76, EarlyStopper reset counter
[2025-01-13 00:58:25,225][root][INFO] - Epoch 80, EarlyStopper reset counter
[2025-01-13 00:58:37,527][root][INFO] - Epoch 74, EarlyStopper counter: 2/10
[2025-01-13 00:58:38,845][root][INFO] - Epoch 74, EarlyStopper counter: 1/10
[2025-01-13 00:58:49,864][root][INFO] - Epoch 77, EarlyStopper counter: 1/10
[2025-01-13 00:58:50,564][root][INFO] - Epoch 81, EarlyStopper counter: 1/10
[2025-01-13 00:59:04,680][root][INFO] - Epoch 75, EarlyStopper counter: 3/10
[2025-01-13 00:59:06,427][root][INFO] - Epoch 75, EarlyStopper counter: 2/10
[2025-01-13 00:59:15,618][root][INFO] - Epoch 82, EarlyStopper counter: 2/10
[2025-01-13 00:59:17,169][root][INFO] - Epoch 78, EarlyStopper reset counter
[2025-01-13 00:59:32,293][root][INFO] - Epoch 76, EarlyStopper counter: 4/10
[2025-01-13 00:59:34,058][root][INFO] - Epoch 76, EarlyStopper counter: 3/10
[2025-01-13 00:59:41,182][root][INFO] - Epoch 83, EarlyStopper reset counter
[2025-01-13 00:59:44,661][root][INFO] - Epoch 79, EarlyStopper reset counter
[2025-01-13 01:00:00,071][root][INFO] - Epoch 77, EarlyStopper reset counter
[2025-01-13 01:00:02,422][root][INFO] - Epoch 77, EarlyStopper counter: 4/10
[2025-01-13 01:00:06,643][root][INFO] - Epoch 84, EarlyStopper reset counter
[2025-01-13 01:00:11,859][root][INFO] - Epoch 80, EarlyStopper reset counter
[2025-01-13 01:00:27,594][root][INFO] - Epoch 78, EarlyStopper reset counter
[2025-01-13 01:00:30,214][root][INFO] - Epoch 78, EarlyStopper reset counter
[2025-01-13 01:00:31,146][root][INFO] - Epoch 85, EarlyStopper counter: 1/10
[2025-01-13 01:00:38,565][root][INFO] - Epoch 81, EarlyStopper counter: 1/10
[2025-01-13 01:00:54,745][root][INFO] - Epoch 79, EarlyStopper counter: 1/10
[2025-01-13 01:00:56,794][root][INFO] - Epoch 86, EarlyStopper counter: 2/10
[2025-01-13 01:00:57,916][root][INFO] - Epoch 79, EarlyStopper counter: 1/10
[2025-01-13 01:01:06,175][root][INFO] - Epoch 82, EarlyStopper counter: 2/10
[2025-01-13 01:01:21,804][root][INFO] - Epoch 80, EarlyStopper counter: 2/10
[2025-01-13 01:01:22,067][root][INFO] - Epoch 87, EarlyStopper reset counter
[2025-01-13 01:01:25,486][root][INFO] - Epoch 80, EarlyStopper counter: 2/10
[2025-01-13 01:01:33,168][root][INFO] - Epoch 83, EarlyStopper counter: 3/10
[2025-01-13 01:01:47,340][root][INFO] - Epoch 88, EarlyStopper reset counter
[2025-01-13 01:01:49,153][root][INFO] - Epoch 81, EarlyStopper counter: 3/10
[2025-01-13 01:01:52,293][root][INFO] - Epoch 81, EarlyStopper counter: 3/10
[2025-01-13 01:02:00,287][root][INFO] - Epoch 84, EarlyStopper reset counter
[2025-01-13 01:02:11,894][root][INFO] - Epoch 89, EarlyStopper reset counter
[2025-01-13 01:02:16,431][root][INFO] - Epoch 82, EarlyStopper reset counter
[2025-01-13 01:02:19,727][root][INFO] - Epoch 82, EarlyStopper counter: 4/10
[2025-01-13 01:02:27,323][root][INFO] - Epoch 85, EarlyStopper counter: 1/10
[2025-01-13 01:02:36,851][root][INFO] - Epoch 90, EarlyStopper counter: 1/10
[2025-01-13 01:02:43,106][root][INFO] - Epoch 83, EarlyStopper reset counter
[2025-01-13 01:02:47,055][root][INFO] - Epoch 83, EarlyStopper counter: 5/10
[2025-01-13 01:02:53,979][root][INFO] - Epoch 86, EarlyStopper counter: 2/10
[2025-01-13 01:03:02,310][root][INFO] - Epoch 91, EarlyStopper reset counter
[2025-01-13 01:03:11,230][root][INFO] - Epoch 84, EarlyStopper reset counter
[2025-01-13 01:03:15,275][root][INFO] - Epoch 84, EarlyStopper counter: 6/10
[2025-01-13 01:03:21,128][root][INFO] - Epoch 87, EarlyStopper counter: 3/10
[2025-01-13 01:03:27,255][root][INFO] - Epoch 92, EarlyStopper reset counter
[2025-01-13 01:03:38,300][root][INFO] - Epoch 85, EarlyStopper counter: 1/10
[2025-01-13 01:03:41,876][root][INFO] - Epoch 85, EarlyStopper reset counter
[2025-01-13 01:03:48,644][root][INFO] - Epoch 88, EarlyStopper counter: 4/10
[2025-01-13 01:03:52,150][root][INFO] - Epoch 93, EarlyStopper reset counter
[2025-01-13 01:04:05,196][root][INFO] - Epoch 86, EarlyStopper counter: 2/10
[2025-01-13 01:04:09,673][root][INFO] - Epoch 86, EarlyStopper counter: 1/10
[2025-01-13 01:04:15,093][root][INFO] - Epoch 89, EarlyStopper counter: 5/10
[2025-01-13 01:04:17,072][root][INFO] - Epoch 94, EarlyStopper counter: 1/10
[2025-01-13 01:04:33,384][root][INFO] - Epoch 87, EarlyStopper counter: 3/10
[2025-01-13 01:04:37,259][root][INFO] - Epoch 87, EarlyStopper counter: 2/10
[2025-01-13 01:04:42,130][root][INFO] - Epoch 90, EarlyStopper counter: 6/10
[2025-01-13 01:04:42,571][root][INFO] - Epoch 95, EarlyStopper counter: 2/10
[2025-01-13 01:05:00,883][root][INFO] - Epoch 88, EarlyStopper counter: 4/10
[2025-01-13 01:05:04,882][root][INFO] - Epoch 88, EarlyStopper counter: 3/10
[2025-01-13 01:05:06,764][root][INFO] - Epoch 96, EarlyStopper counter: 3/10
[2025-01-13 01:05:09,096][root][INFO] - Epoch 91, EarlyStopper counter: 7/10
[2025-01-13 01:05:28,965][root][INFO] - Epoch 89, EarlyStopper counter: 5/10
[2025-01-13 01:05:31,353][root][INFO] - Epoch 97, EarlyStopper reset counter
[2025-01-13 01:05:32,564][root][INFO] - Epoch 89, EarlyStopper reset counter
[2025-01-13 01:05:37,318][root][INFO] - Epoch 92, EarlyStopper counter: 8/10
[2025-01-13 01:05:56,476][root][INFO] - Epoch 90, EarlyStopper counter: 6/10
[2025-01-13 01:05:56,689][root][INFO] - Epoch 98, EarlyStopper reset counter
[2025-01-13 01:05:59,550][root][INFO] - Epoch 90, EarlyStopper counter: 1/10
[2025-01-13 01:06:04,719][root][INFO] - Epoch 93, EarlyStopper counter: 9/10
[2025-01-13 01:06:22,688][root][INFO] - Epoch 99, EarlyStopper counter: 1/10
[2025-01-13 01:06:24,075][root][INFO] - Epoch 91, EarlyStopper counter: 7/10
[2025-01-13 01:06:26,472][root][INFO] - Epoch 91, EarlyStopper counter: 2/10
[2025-01-13 01:06:32,550][root][INFO] - Epoch 94, EarlyStopper reset counter
[2025-01-13 01:06:48,342][root][INFO] - Epoch 100, EarlyStopper counter: 2/10
[2025-01-13 01:06:51,432][root][INFO] - Epoch 92, EarlyStopper counter: 8/10
[2025-01-13 01:06:54,387][root][INFO] - Epoch 92, EarlyStopper reset counter
[2025-01-13 01:07:00,057][root][INFO] - Epoch 95, EarlyStopper reset counter
[2025-01-13 01:07:13,263][root][INFO] - Epoch 101, EarlyStopper counter: 3/10
[2025-01-13 01:07:19,143][root][INFO] - Epoch 93, EarlyStopper counter: 9/10
[2025-01-13 01:07:21,864][root][INFO] - Epoch 93, EarlyStopper counter: 1/10
[2025-01-13 01:07:27,194][root][INFO] - Epoch 96, EarlyStopper counter: 1/10
[2025-01-13 01:07:37,923][root][INFO] - Epoch 102, EarlyStopper reset counter
[2025-01-13 01:07:46,548][root][INFO] - Epoch 94, EarlyStopper counter: 10/10
[2025-01-13 01:07:49,655][root][INFO] - Epoch 94, EarlyStopper counter: 2/10
[2025-01-13 01:07:53,514][root][INFO] - Epoch 97, EarlyStopper reset counter
[2025-01-13 01:08:02,044][root][INFO] - Epoch 103, EarlyStopper reset counter
[2025-01-13 01:08:14,579][root][INFO] - Epoch 95, EarlyStopper counter: 3/10
[2025-01-13 01:08:17,829][root][INFO] - Epoch 98, EarlyStopper counter: 1/10
[2025-01-13 01:08:24,974][root][INFO] - Epoch 104, EarlyStopper reset counter
[2025-01-13 01:08:38,573][root][INFO] - Epoch 96, EarlyStopper reset counter
[2025-01-13 01:08:41,575][root][INFO] - Epoch 99, EarlyStopper reset counter
[2025-01-13 01:08:46,686][root][INFO] - Epoch 105, EarlyStopper reset counter
[2025-01-13 01:09:02,560][root][INFO] - Epoch 97, EarlyStopper counter: 1/10
[2025-01-13 01:09:05,705][root][INFO] - Epoch 100, EarlyStopper counter: 1/10
[2025-01-13 01:09:09,102][root][INFO] - Epoch 106, EarlyStopper reset counter
[2025-01-13 01:09:26,508][root][INFO] - Epoch 98, EarlyStopper counter: 2/10
[2025-01-13 01:09:29,343][root][INFO] - Epoch 101, EarlyStopper counter: 2/10
[2025-01-13 01:09:31,190][root][INFO] - Epoch 107, EarlyStopper counter: 1/10
[2025-01-13 01:09:50,148][root][INFO] - Epoch 99, EarlyStopper counter: 3/10
[2025-01-13 01:09:53,102][root][INFO] - Epoch 108, EarlyStopper counter: 2/10
[2025-01-13 01:09:53,235][root][INFO] - Epoch 102, EarlyStopper counter: 3/10
[2025-01-13 01:10:14,225][root][INFO] - Epoch 100, EarlyStopper reset counter
[2025-01-13 01:10:15,278][root][INFO] - Epoch 109, EarlyStopper reset counter
[2025-01-13 01:10:16,699][root][INFO] - Epoch 103, EarlyStopper reset counter
[2025-01-13 01:10:38,076][root][INFO] - Epoch 110, EarlyStopper reset counter
[2025-01-13 01:10:38,475][root][INFO] - Epoch 101, EarlyStopper counter: 1/10
[2025-01-13 01:10:40,983][root][INFO] - Epoch 104, EarlyStopper counter: 1/10
[2025-01-13 01:10:59,989][root][INFO] - Epoch 111, EarlyStopper counter: 1/10
[2025-01-13 01:11:02,446][root][INFO] - Epoch 102, EarlyStopper counter: 2/10
[2025-01-13 01:11:04,629][root][INFO] - Epoch 105, EarlyStopper counter: 2/10
[2025-01-13 01:11:22,500][root][INFO] - Epoch 112, EarlyStopper counter: 2/10
[2025-01-13 01:11:27,349][root][INFO] - Epoch 103, EarlyStopper reset counter
[2025-01-13 01:11:28,834][root][INFO] - Epoch 106, EarlyStopper counter: 3/10
[2025-01-13 01:11:45,179][root][INFO] - Epoch 113, EarlyStopper counter: 3/10
[2025-01-13 01:11:51,385][root][INFO] - Epoch 104, EarlyStopper counter: 1/10
[2025-01-13 01:11:52,526][root][INFO] - Epoch 107, EarlyStopper counter: 4/10
[2025-01-13 01:12:07,456][root][INFO] - Epoch 114, EarlyStopper counter: 4/10
[2025-01-13 01:12:15,334][root][INFO] - Epoch 105, EarlyStopper counter: 2/10
[2025-01-13 01:12:15,743][root][INFO] - Epoch 108, EarlyStopper counter: 5/10
[2025-01-13 01:12:29,914][root][INFO] - Epoch 115, EarlyStopper counter: 5/10
[2025-01-13 01:12:40,292][root][INFO] - Epoch 109, EarlyStopper counter: 6/10
[2025-01-13 01:12:40,478][root][INFO] - Epoch 106, EarlyStopper counter: 3/10
[2025-01-13 01:12:52,295][root][INFO] - Epoch 116, EarlyStopper reset counter
[2025-01-13 01:13:03,397][root][INFO] - Epoch 110, EarlyStopper counter: 7/10
[2025-01-13 01:13:04,672][root][INFO] - Epoch 107, EarlyStopper counter: 4/10
[2025-01-13 01:13:13,861][root][INFO] - Epoch 117, EarlyStopper reset counter
[2025-01-13 01:13:26,954][root][INFO] - Epoch 111, EarlyStopper counter: 8/10
[2025-01-13 01:13:28,124][root][INFO] - Epoch 108, EarlyStopper counter: 5/10
[2025-01-13 01:13:35,315][root][INFO] - Epoch 118, EarlyStopper counter: 1/10
[2025-01-13 01:13:50,203][root][INFO] - Epoch 112, EarlyStopper counter: 9/10
[2025-01-13 01:13:51,852][root][INFO] - Epoch 109, EarlyStopper counter: 6/10
[2025-01-13 01:13:57,223][root][INFO] - Epoch 119, EarlyStopper counter: 2/10
[2025-01-13 01:14:14,599][root][INFO] - Epoch 113, EarlyStopper counter: 10/10
[2025-01-13 01:14:14,606][root][WARNING] - soft link /home/mansoor/antibody_design/epitope_prediction/epitope_pred/asepcode/../../results/asep/ckpts/20250113-002332/20250113-002333/last.pt already exists. It is removed.
[2025-01-13 01:14:14,693][root][WARNING] - soft link /home/mansoor/antibody_design/epitope_prediction/epitope_pred/asepcode/../../results/asep/ckpts/20250113-002332/20250113-002333/rank_0.pt already exists. It is removed.
[2025-01-13 01:14:14,695][root][WARNING] - soft link /home/mansoor/antibody_design/epitope_prediction/epitope_pred/asepcode/../../results/asep/ckpts/20250113-002332/20250113-002333/rank_1.pt already exists. It is removed.
[2025-01-13 01:14:14,696][root][WARNING] - soft link /home/mansoor/antibody_design/epitope_prediction/epitope_pred/asepcode/../../results/asep/ckpts/20250113-002332/20250113-002333/rank_2.pt already exists. It is removed.
[2025-01-13 01:14:14,706][root][WARNING] - soft link /home/mansoor/antibody_design/epitope_prediction/epitope_pred/asepcode/../../results/asep/ckpts/edge/20250113-002332/20250113-002333/rank_0.pt already exists. It is removed.
[2025-01-13 01:14:14,707][root][WARNING] - soft link /home/mansoor/antibody_design/epitope_prediction/epitope_pred/asepcode/../../results/asep/ckpts/edge/20250113-002332/20250113-002333/rank_1.pt already exists. It is removed.
[2025-01-13 01:14:14,708][root][WARNING] - soft link /home/mansoor/antibody_design/epitope_prediction/epitope_pred/asepcode/../../results/asep/ckpts/edge/20250113-002332/20250113-002333/rank_2.pt already exists. It is removed.
[2025-01-13 01:14:16,401][root][INFO] - Epoch 110, EarlyStopper counter: 7/10
[2025-01-13 01:14:18,999][root][INFO] - Epoch 120, EarlyStopper reset counter
[2025-01-13 01:14:38,563][root][INFO] - Epoch 111, EarlyStopper reset counter
[2025-01-13 01:14:38,889][root][INFO] - Epoch 121, EarlyStopper counter: 1/10
[2025-01-13 01:14:59,219][root][INFO] - Epoch 122, EarlyStopper counter: 2/10
[2025-01-13 01:15:00,713][root][INFO] - Epoch 112, EarlyStopper counter: 1/10
[2025-01-13 01:15:19,143][root][INFO] - Epoch 123, EarlyStopper counter: 3/10
[2025-01-13 01:15:22,592][root][INFO] - Epoch 113, EarlyStopper counter: 2/10
[2025-01-13 01:15:39,138][root][INFO] - Epoch 124, EarlyStopper reset counter
[2025-01-13 01:15:44,306][root][INFO] - Epoch 114, EarlyStopper counter: 3/10
[2025-01-13 01:15:59,098][root][INFO] - Epoch 125, EarlyStopper counter: 1/10
[2025-01-13 01:16:05,929][root][INFO] - Epoch 115, EarlyStopper counter: 4/10
[2025-01-13 01:16:19,009][root][INFO] - Epoch 126, EarlyStopper counter: 2/10
[2025-01-13 01:16:27,519][root][INFO] - Epoch 116, EarlyStopper counter: 5/10
[2025-01-13 01:16:39,052][root][INFO] - Epoch 127, EarlyStopper reset counter
[2025-01-13 01:16:49,445][root][INFO] - Epoch 117, EarlyStopper counter: 6/10
[2025-01-13 01:16:59,147][root][INFO] - Epoch 128, EarlyStopper reset counter
[2025-01-13 01:17:11,191][root][INFO] - Epoch 118, EarlyStopper counter: 7/10
[2025-01-13 01:17:19,104][root][INFO] - Epoch 129, EarlyStopper counter: 1/10
[2025-01-13 01:17:33,341][root][INFO] - Epoch 119, EarlyStopper counter: 8/10
[2025-01-13 01:17:39,153][root][INFO] - Epoch 130, EarlyStopper reset counter
[2025-01-13 01:17:56,057][root][INFO] - Epoch 120, EarlyStopper counter: 9/10
[2025-01-13 01:17:59,707][root][INFO] - Epoch 131, EarlyStopper reset counter
[2025-01-13 01:18:17,939][root][INFO] - Epoch 121, EarlyStopper reset counter
[2025-01-13 01:18:19,882][root][INFO] - Epoch 132, EarlyStopper counter: 1/10
[2025-01-13 01:18:39,654][root][INFO] - Epoch 133, EarlyStopper reset counter
[2025-01-13 01:18:39,715][root][INFO] - Epoch 122, EarlyStopper counter: 1/10
[2025-01-13 01:18:59,556][root][INFO] - Epoch 134, EarlyStopper reset counter
[2025-01-13 01:19:01,253][root][INFO] - Epoch 123, EarlyStopper counter: 2/10
[2025-01-13 01:19:19,302][root][INFO] - Epoch 135, EarlyStopper counter: 1/10
[2025-01-13 01:19:22,770][root][INFO] - Epoch 124, EarlyStopper counter: 3/10
[2025-01-13 01:19:39,304][root][INFO] - Epoch 136, EarlyStopper counter: 2/10
[2025-01-13 01:19:44,374][root][INFO] - Epoch 125, EarlyStopper counter: 4/10
[2025-01-13 01:19:59,255][root][INFO] - Epoch 137, EarlyStopper reset counter
[2025-01-13 01:20:06,054][root][INFO] - Epoch 126, EarlyStopper counter: 5/10
[2025-01-13 01:20:19,274][root][INFO] - Epoch 138, EarlyStopper counter: 1/10
[2025-01-13 01:20:27,758][root][INFO] - Epoch 127, EarlyStopper counter: 6/10
[2025-01-13 01:20:39,339][root][INFO] - Epoch 139, EarlyStopper counter: 2/10
[2025-01-13 01:20:49,305][root][INFO] - Epoch 128, EarlyStopper counter: 7/10
[2025-01-13 01:20:59,209][root][INFO] - Epoch 140, EarlyStopper reset counter
[2025-01-13 01:21:11,282][root][INFO] - Epoch 129, EarlyStopper counter: 8/10
[2025-01-13 01:21:19,067][root][INFO] - Epoch 141, EarlyStopper reset counter
[2025-01-13 01:21:32,816][root][INFO] - Epoch 130, EarlyStopper counter: 9/10
[2025-01-13 01:21:39,194][root][INFO] - Epoch 142, EarlyStopper counter: 1/10
[2025-01-13 01:21:54,469][root][INFO] - Epoch 131, EarlyStopper counter: 10/10
[2025-01-13 01:21:54,478][root][WARNING] - soft link /home/mansoor/antibody_design/epitope_prediction/epitope_pred/asepcode/../../results/asep/ckpts/20250113-002332/20250113-002333/last.pt already exists. It is removed.
[2025-01-13 01:21:54,562][root][WARNING] - soft link /home/mansoor/antibody_design/epitope_prediction/epitope_pred/asepcode/../../results/asep/ckpts/20250113-002332/20250113-002333/rank_0.pt already exists. It is removed.
[2025-01-13 01:21:54,563][root][WARNING] - soft link /home/mansoor/antibody_design/epitope_prediction/epitope_pred/asepcode/../../results/asep/ckpts/20250113-002332/20250113-002333/rank_1.pt already exists. It is removed.
[2025-01-13 01:21:54,564][root][WARNING] - soft link /home/mansoor/antibody_design/epitope_prediction/epitope_pred/asepcode/../../results/asep/ckpts/20250113-002332/20250113-002333/rank_2.pt already exists. It is removed.
[2025-01-13 01:21:54,575][root][WARNING] - soft link /home/mansoor/antibody_design/epitope_prediction/epitope_pred/asepcode/../../results/asep/ckpts/edge/20250113-002332/20250113-002333/rank_0.pt already exists. It is removed.
[2025-01-13 01:21:54,575][root][WARNING] - soft link /home/mansoor/antibody_design/epitope_prediction/epitope_pred/asepcode/../../results/asep/ckpts/edge/20250113-002332/20250113-002333/rank_1.pt already exists. It is removed.
[2025-01-13 01:21:54,576][root][WARNING] - soft link /home/mansoor/antibody_design/epitope_prediction/epitope_pred/asepcode/../../results/asep/ckpts/edge/20250113-002332/20250113-002333/rank_2.pt already exists. It is removed.
[2025-01-13 01:21:58,740][root][INFO] - Epoch 143, EarlyStopper counter: 2/10
[2025-01-13 01:22:16,364][root][INFO] - Epoch 144, EarlyStopper counter: 3/10
[2025-01-13 01:22:33,708][root][INFO] - Epoch 145, EarlyStopper counter: 4/10
[2025-01-13 01:22:50,974][root][INFO] - Epoch 146, EarlyStopper counter: 5/10
[2025-01-13 01:23:08,348][root][INFO] - Epoch 147, EarlyStopper reset counter
[2025-01-13 01:23:25,951][root][INFO] - Epoch 148, EarlyStopper counter: 1/10
[2025-01-13 01:23:43,403][root][INFO] - Epoch 149, EarlyStopper reset counter
[2025-01-13 01:24:00,900][root][INFO] - Epoch 150, EarlyStopper reset counter
[2025-01-13 01:24:18,371][root][INFO] - Epoch 151, EarlyStopper counter: 1/10
[2025-01-13 01:24:35,972][root][INFO] - Epoch 152, EarlyStopper reset counter
[2025-01-13 01:24:53,450][root][INFO] - Epoch 153, EarlyStopper counter: 1/10
[2025-01-13 01:25:10,984][root][INFO] - Epoch 154, EarlyStopper counter: 2/10
[2025-01-13 01:25:28,528][root][INFO] - Epoch 155, EarlyStopper reset counter
[2025-01-13 01:25:45,990][root][INFO] - Epoch 156, EarlyStopper reset counter
[2025-01-13 01:26:03,927][root][INFO] - Epoch 157, EarlyStopper counter: 1/10
[2025-01-13 01:26:21,176][root][INFO] - Epoch 158, EarlyStopper counter: 2/10
[2025-01-13 01:26:38,646][root][INFO] - Epoch 159, EarlyStopper counter: 3/10
[2025-01-13 01:26:56,211][root][INFO] - Epoch 160, EarlyStopper reset counter
[2025-01-13 01:27:13,651][root][INFO] - Epoch 161, EarlyStopper reset counter
[2025-01-13 01:27:31,233][root][INFO] - Epoch 162, EarlyStopper counter: 1/10
[2025-01-13 01:27:48,605][root][INFO] - Epoch 163, EarlyStopper counter: 2/10
[2025-01-13 01:28:06,093][root][INFO] - Epoch 164, EarlyStopper reset counter
[2025-01-13 01:28:23,428][root][INFO] - Epoch 165, EarlyStopper reset counter
[2025-01-13 01:28:40,933][root][INFO] - Epoch 166, EarlyStopper reset counter
[2025-01-13 01:28:58,183][root][INFO] - Epoch 167, EarlyStopper counter: 1/10
[2025-01-13 01:29:15,543][root][INFO] - Epoch 168, EarlyStopper counter: 2/10
[2025-01-13 01:29:32,866][root][INFO] - Epoch 169, EarlyStopper reset counter
[2025-01-13 01:29:50,229][root][INFO] - Epoch 170, EarlyStopper counter: 1/10
[2025-01-13 01:30:07,714][root][INFO] - Epoch 171, EarlyStopper reset counter
[2025-01-13 01:30:25,200][root][INFO] - Epoch 172, EarlyStopper counter: 1/10
[2025-01-13 01:30:42,573][root][INFO] - Epoch 173, EarlyStopper counter: 2/10
[2025-01-13 01:31:00,007][root][INFO] - Epoch 174, EarlyStopper counter: 3/10
[2025-01-13 01:31:17,844][root][INFO] - Epoch 175, EarlyStopper counter: 4/10
[2025-01-13 01:31:35,330][root][INFO] - Epoch 176, EarlyStopper counter: 5/10
[2025-01-13 01:31:52,862][root][INFO] - Epoch 177, EarlyStopper reset counter
[2025-01-13 01:32:10,180][root][INFO] - Epoch 178, EarlyStopper counter: 1/10
[2025-01-13 01:32:27,666][root][INFO] - Epoch 179, EarlyStopper counter: 2/10
[2025-01-13 01:32:45,212][root][INFO] - Epoch 180, EarlyStopper counter: 3/10
[2025-01-13 01:33:02,583][root][INFO] - Epoch 181, EarlyStopper reset counter
[2025-01-13 01:33:20,091][root][INFO] - Epoch 182, EarlyStopper reset counter
[2025-01-13 01:33:37,465][root][INFO] - Epoch 183, EarlyStopper counter: 1/10
[2025-01-13 01:33:55,218][root][INFO] - Epoch 184, EarlyStopper counter: 2/10
[2025-01-13 01:34:12,797][root][INFO] - Epoch 185, EarlyStopper counter: 3/10
[2025-01-13 01:34:30,346][root][INFO] - Epoch 186, EarlyStopper counter: 4/10
[2025-01-13 01:34:47,898][root][INFO] - Epoch 187, EarlyStopper counter: 5/10
[2025-01-13 01:35:05,626][root][INFO] - Epoch 188, EarlyStopper counter: 6/10
[2025-01-13 01:35:23,120][root][INFO] - Epoch 189, EarlyStopper counter: 7/10
[2025-01-13 01:35:40,470][root][INFO] - Epoch 190, EarlyStopper counter: 8/10
[2025-01-13 01:35:57,958][root][INFO] - Epoch 191, EarlyStopper counter: 9/10
[2025-01-13 01:36:15,368][root][INFO] - Epoch 192, EarlyStopper counter: 10/10
[2025-01-13 01:36:15,375][root][WARNING] - soft link /home/mansoor/antibody_design/epitope_prediction/epitope_pred/asepcode/../../results/asep/ckpts/20250113-002332/20250113-002333/last.pt already exists. It is removed.
[2025-01-13 01:36:15,458][root][WARNING] - soft link /home/mansoor/antibody_design/epitope_prediction/epitope_pred/asepcode/../../results/asep/ckpts/20250113-002332/20250113-002333/rank_0.pt already exists. It is removed.
[2025-01-13 01:36:15,459][root][WARNING] - soft link /home/mansoor/antibody_design/epitope_prediction/epitope_pred/asepcode/../../results/asep/ckpts/20250113-002332/20250113-002333/rank_1.pt already exists. It is removed.
[2025-01-13 01:36:15,460][root][WARNING] - soft link /home/mansoor/antibody_design/epitope_prediction/epitope_pred/asepcode/../../results/asep/ckpts/20250113-002332/20250113-002333/rank_2.pt already exists. It is removed.
[2025-01-13 01:36:15,469][root][WARNING] - soft link /home/mansoor/antibody_design/epitope_prediction/epitope_pred/asepcode/../../results/asep/ckpts/edge/20250113-002332/20250113-002333/rank_0.pt already exists. It is removed.
[2025-01-13 01:36:15,470][root][WARNING] - soft link /home/mansoor/antibody_design/epitope_prediction/epitope_pred/asepcode/../../results/asep/ckpts/edge/20250113-002332/20250113-002333/rank_1.pt already exists. It is removed.
[2025-01-13 01:36:15,470][root][WARNING] - soft link /home/mansoor/antibody_design/epitope_prediction/epitope_pred/asepcode/../../results/asep/ckpts/edge/20250113-002332/20250113-002333/rank_2.pt already exists. It is removed.
