[2025-01-12 01:16:56,990][root][INFO] - Epoch 0, EarlyStopper reset counter
[2025-01-12 01:18:47,652][root][INFO] - Epoch 1, EarlyStopper counter: 1/10
[2025-01-12 01:20:27,227][root][INFO] - Epoch 2, EarlyStopper counter: 2/10
[2025-01-12 01:21:53,811][root][INFO] - Epoch 3, EarlyStopper counter: 3/10
[2025-01-12 01:23:20,072][root][INFO] - Epoch 4, EarlyStopper counter: 4/10
[2025-01-12 01:24:57,499][root][INFO] - Epoch 5, EarlyStopper counter: 5/10
[2025-01-12 01:26:30,291][root][INFO] - Epoch 6, EarlyStopper counter: 6/10
[2025-01-12 01:28:00,851][root][INFO] - Epoch 7, EarlyStopper counter: 7/10
[2025-01-12 01:29:27,778][root][INFO] - Epoch 8, EarlyStopper counter: 8/10
[2025-01-12 01:30:53,317][root][INFO] - Epoch 9, EarlyStopper counter: 9/10
[2025-01-12 01:32:25,620][root][INFO] - Epoch 10, EarlyStopper counter: 10/10
[2025-01-12 04:26:51,127][root][INFO] - Epoch 0, EarlyStopper reset counter
[2025-01-12 04:27:20,898][root][INFO] - Epoch 1, EarlyStopper reset counter
[2025-01-12 04:27:51,451][root][INFO] - Epoch 2, EarlyStopper reset counter
[2025-01-12 04:28:21,339][root][INFO] - Epoch 3, EarlyStopper reset counter
[2025-01-12 04:28:51,031][root][INFO] - Epoch 4, EarlyStopper reset counter
[2025-01-12 04:29:19,043][root][INFO] - Epoch 5, EarlyStopper reset counter
[2025-01-12 04:29:33,281][root][INFO] - Epoch 0, EarlyStopper reset counter
[2025-01-12 04:29:47,636][root][INFO] - Epoch 6, EarlyStopper reset counter
[2025-01-12 04:30:02,092][root][INFO] - Epoch 1, EarlyStopper reset counter
[2025-01-12 04:30:15,933][root][INFO] - Epoch 7, EarlyStopper counter: 1/10
[2025-01-12 04:30:30,500][root][INFO] - Epoch 2, EarlyStopper reset counter
[2025-01-12 04:30:43,890][root][INFO] - Epoch 8, EarlyStopper reset counter
[2025-01-12 04:30:58,457][root][INFO] - Epoch 3, EarlyStopper reset counter
[2025-01-12 04:31:12,589][root][INFO] - Epoch 9, EarlyStopper reset counter
[2025-01-12 04:31:26,952][root][INFO] - Epoch 4, EarlyStopper reset counter
[2025-01-12 04:31:41,379][root][INFO] - Epoch 10, EarlyStopper reset counter
[2025-01-12 04:31:55,292][root][INFO] - Epoch 5, EarlyStopper reset counter
[2025-01-12 04:32:09,713][root][INFO] - Epoch 11, EarlyStopper reset counter
[2025-01-12 04:32:24,203][root][INFO] - Epoch 6, EarlyStopper reset counter
[2025-01-12 04:32:37,813][root][INFO] - Epoch 12, EarlyStopper reset counter
[2025-01-12 04:32:52,528][root][INFO] - Epoch 7, EarlyStopper reset counter
[2025-01-12 04:33:06,497][root][INFO] - Epoch 13, EarlyStopper reset counter
[2025-01-12 04:33:20,811][root][INFO] - Epoch 8, EarlyStopper reset counter
[2025-01-12 04:33:35,252][root][INFO] - Epoch 14, EarlyStopper reset counter
[2025-01-12 04:33:49,360][root][INFO] - Epoch 9, EarlyStopper reset counter
[2025-01-12 04:34:03,627][root][INFO] - Epoch 15, EarlyStopper reset counter
[2025-01-12 04:34:17,099][root][INFO] - Epoch 10, EarlyStopper reset counter
[2025-01-12 04:34:31,984][root][INFO] - Epoch 16, EarlyStopper reset counter
[2025-01-12 04:34:45,320][root][INFO] - Epoch 11, EarlyStopper reset counter
[2025-01-12 04:35:01,146][root][INFO] - Epoch 17, EarlyStopper reset counter
[2025-01-12 04:35:13,990][root][INFO] - Epoch 12, EarlyStopper reset counter
[2025-01-12 04:35:29,658][root][INFO] - Epoch 18, EarlyStopper counter: 1/10
[2025-01-12 04:35:42,306][root][INFO] - Epoch 13, EarlyStopper reset counter
[2025-01-12 04:35:58,296][root][INFO] - Epoch 19, EarlyStopper counter: 2/10
[2025-01-12 04:36:10,746][root][INFO] - Epoch 14, EarlyStopper reset counter
[2025-01-12 04:36:27,004][root][INFO] - Epoch 20, EarlyStopper reset counter
[2025-01-12 04:36:39,014][root][INFO] - Epoch 15, EarlyStopper counter: 1/10
[2025-01-12 04:36:55,534][root][INFO] - Epoch 21, EarlyStopper counter: 1/10
[2025-01-12 04:37:07,650][root][INFO] - Epoch 16, EarlyStopper reset counter
[2025-01-12 04:37:23,900][root][INFO] - Epoch 22, EarlyStopper reset counter
[2025-01-12 04:37:35,388][root][INFO] - Epoch 17, EarlyStopper counter: 1/10
[2025-01-12 04:37:52,533][root][INFO] - Epoch 23, EarlyStopper counter: 1/10
[2025-01-12 04:38:03,432][root][INFO] - Epoch 18, EarlyStopper reset counter
[2025-01-12 04:38:21,494][root][INFO] - Epoch 24, EarlyStopper counter: 2/10
[2025-01-12 04:38:31,755][root][INFO] - Epoch 19, EarlyStopper reset counter
[2025-01-12 04:38:50,502][root][INFO] - Epoch 25, EarlyStopper counter: 3/10
[2025-01-12 04:38:59,780][root][INFO] - Epoch 20, EarlyStopper reset counter
[2025-01-12 04:39:19,213][root][INFO] - Epoch 26, EarlyStopper reset counter
[2025-01-12 04:39:27,975][root][INFO] - Epoch 21, EarlyStopper counter: 1/10
[2025-01-12 04:39:47,890][root][INFO] - Epoch 27, EarlyStopper counter: 1/10
[2025-01-12 04:39:56,145][root][INFO] - Epoch 22, EarlyStopper reset counter
[2025-01-12 04:40:16,589][root][INFO] - Epoch 28, EarlyStopper reset counter
[2025-01-12 04:40:24,769][root][INFO] - Epoch 23, EarlyStopper reset counter
[2025-01-12 04:40:44,953][root][INFO] - Epoch 29, EarlyStopper reset counter
[2025-01-12 04:40:53,208][root][INFO] - Epoch 24, EarlyStopper counter: 1/10
[2025-01-12 04:41:13,633][root][INFO] - Epoch 30, EarlyStopper reset counter
[2025-01-12 04:41:21,549][root][INFO] - Epoch 25, EarlyStopper reset counter
[2025-01-12 04:41:41,627][root][INFO] - Epoch 31, EarlyStopper counter: 1/10
[2025-01-12 04:41:49,419][root][INFO] - Epoch 26, EarlyStopper counter: 1/10
[2025-01-12 04:42:10,175][root][INFO] - Epoch 32, EarlyStopper reset counter
[2025-01-12 04:42:17,889][root][INFO] - Epoch 27, EarlyStopper counter: 2/10
[2025-01-12 04:42:38,798][root][INFO] - Epoch 33, EarlyStopper reset counter
[2025-01-12 04:42:46,020][root][INFO] - Epoch 28, EarlyStopper reset counter
[2025-01-12 04:43:07,688][root][INFO] - Epoch 34, EarlyStopper counter: 1/10
[2025-01-12 04:43:14,341][root][INFO] - Epoch 29, EarlyStopper reset counter
[2025-01-12 04:43:36,631][root][INFO] - Epoch 35, EarlyStopper reset counter
[2025-01-12 04:43:43,120][root][INFO] - Epoch 30, EarlyStopper counter: 1/10
[2025-01-12 04:44:05,851][root][INFO] - Epoch 36, EarlyStopper reset counter
[2025-01-12 04:44:11,748][root][INFO] - Epoch 31, EarlyStopper reset counter
[2025-01-12 04:44:34,197][root][INFO] - Epoch 37, EarlyStopper counter: 1/10
[2025-01-12 04:44:40,799][root][INFO] - Epoch 32, EarlyStopper counter: 1/10
[2025-01-12 04:45:03,521][root][INFO] - Epoch 38, EarlyStopper counter: 2/10
[2025-01-12 04:45:08,937][root][INFO] - Epoch 33, EarlyStopper reset counter
[2025-01-12 04:45:31,830][root][INFO] - Epoch 39, EarlyStopper reset counter
[2025-01-12 04:45:37,610][root][INFO] - Epoch 34, EarlyStopper counter: 1/10
[2025-01-12 04:46:00,603][root][INFO] - Epoch 40, EarlyStopper counter: 1/10
[2025-01-12 04:46:05,858][root][INFO] - Epoch 35, EarlyStopper reset counter
[2025-01-12 04:46:29,842][root][INFO] - Epoch 41, EarlyStopper counter: 2/10
[2025-01-12 04:46:34,378][root][INFO] - Epoch 36, EarlyStopper counter: 1/10
[2025-01-12 04:46:58,536][root][INFO] - Epoch 42, EarlyStopper counter: 3/10
[2025-01-12 04:47:02,723][root][INFO] - Epoch 37, EarlyStopper counter: 2/10
[2025-01-12 04:47:26,997][root][INFO] - Epoch 43, EarlyStopper counter: 4/10
[2025-01-12 04:47:30,860][root][INFO] - Epoch 38, EarlyStopper counter: 3/10
[2025-01-12 04:47:55,746][root][INFO] - Epoch 44, EarlyStopper counter: 5/10
[2025-01-12 04:47:59,142][root][INFO] - Epoch 39, EarlyStopper counter: 4/10
[2025-01-12 04:48:24,296][root][INFO] - Epoch 45, EarlyStopper reset counter
[2025-01-12 04:48:27,624][root][INFO] - Epoch 40, EarlyStopper counter: 5/10
[2025-01-12 04:48:52,272][root][INFO] - Epoch 46, EarlyStopper counter: 1/10
[2025-01-12 04:48:56,133][root][INFO] - Epoch 41, EarlyStopper reset counter
[2025-01-12 04:49:20,827][root][INFO] - Epoch 47, EarlyStopper reset counter
[2025-01-12 04:49:24,190][root][INFO] - Epoch 42, EarlyStopper reset counter
[2025-01-12 04:49:49,075][root][INFO] - Epoch 48, EarlyStopper reset counter
[2025-01-12 04:49:52,113][root][INFO] - Epoch 43, EarlyStopper counter: 1/10
[2025-01-12 04:50:17,284][root][INFO] - Epoch 49, EarlyStopper counter: 1/10
[2025-01-12 04:50:19,765][root][INFO] - Epoch 44, EarlyStopper reset counter
[2025-01-12 04:50:46,074][root][INFO] - Epoch 50, EarlyStopper reset counter
[2025-01-12 04:50:47,967][root][INFO] - Epoch 45, EarlyStopper reset counter
[2025-01-12 04:51:15,125][root][INFO] - Epoch 51, EarlyStopper counter: 1/10
[2025-01-12 04:51:16,467][root][INFO] - Epoch 46, EarlyStopper reset counter
[2025-01-12 04:51:43,601][root][INFO] - Epoch 52, EarlyStopper counter: 2/10
[2025-01-12 04:51:44,779][root][INFO] - Epoch 47, EarlyStopper reset counter
[2025-01-12 04:52:12,024][root][INFO] - Epoch 53, EarlyStopper counter: 3/10
[2025-01-12 04:52:13,243][root][INFO] - Epoch 48, EarlyStopper counter: 1/10
[2025-01-12 04:52:40,188][root][INFO] - Epoch 54, EarlyStopper counter: 4/10
[2025-01-12 04:52:41,704][root][INFO] - Epoch 49, EarlyStopper counter: 2/10
[2025-01-12 04:53:08,110][root][INFO] - Epoch 55, EarlyStopper counter: 5/10
[2025-01-12 04:53:09,449][root][INFO] - Epoch 50, EarlyStopper counter: 3/10
[2025-01-12 04:53:37,143][root][INFO] - Epoch 56, EarlyStopper counter: 6/10
[2025-01-12 04:53:38,100][root][INFO] - Epoch 51, EarlyStopper counter: 4/10
[2025-01-12 04:54:05,473][root][INFO] - Epoch 57, EarlyStopper counter: 7/10
[2025-01-12 04:54:06,263][root][INFO] - Epoch 52, EarlyStopper counter: 5/10
[2025-01-12 04:54:34,795][root][INFO] - Epoch 58, EarlyStopper counter: 8/10
[2025-01-12 04:54:34,842][root][INFO] - Epoch 53, EarlyStopper counter: 6/10
[2025-01-12 04:55:02,756][root][INFO] - Epoch 54, EarlyStopper counter: 7/10
[2025-01-12 04:55:03,534][root][INFO] - Epoch 59, EarlyStopper counter: 9/10
[2025-01-12 04:55:31,248][root][INFO] - Epoch 55, EarlyStopper counter: 8/10
[2025-01-12 04:55:31,924][root][INFO] - Epoch 60, EarlyStopper counter: 10/10
[2025-01-12 04:55:31,935][root][WARNING] - soft link /home/mansoor/antibody_design/epitope_prediction/epitope_pred/asepcode/../../results/asep/ckpts/20250112-011507/20250112-011508/last.pt already exists. It is removed.
[2025-01-12 04:55:32,027][root][WARNING] - soft link /home/mansoor/antibody_design/epitope_prediction/epitope_pred/asepcode/../../results/asep/ckpts/20250112-011507/20250112-011508/rank_0.pt already exists. It is removed.
[2025-01-12 04:55:32,028][root][WARNING] - soft link /home/mansoor/antibody_design/epitope_prediction/epitope_pred/asepcode/../../results/asep/ckpts/20250112-011507/20250112-011508/rank_1.pt already exists. It is removed.
[2025-01-12 04:55:32,029][root][WARNING] - soft link /home/mansoor/antibody_design/epitope_prediction/epitope_pred/asepcode/../../results/asep/ckpts/20250112-011507/20250112-011508/rank_2.pt already exists. It is removed.
[2025-01-12 04:55:32,040][root][WARNING] - soft link /home/mansoor/antibody_design/epitope_prediction/epitope_pred/asepcode/../../results/asep/ckpts/edge/20250112-011507/20250112-011508/rank_0.pt already exists. It is removed.
[2025-01-12 04:55:32,040][root][WARNING] - soft link /home/mansoor/antibody_design/epitope_prediction/epitope_pred/asepcode/../../results/asep/ckpts/edge/20250112-011507/20250112-011508/rank_1.pt already exists. It is removed.
[2025-01-12 04:55:32,041][root][WARNING] - soft link /home/mansoor/antibody_design/epitope_prediction/epitope_pred/asepcode/../../results/asep/ckpts/edge/20250112-011507/20250112-011508/rank_2.pt already exists. It is removed.
[2025-01-12 04:55:58,211][root][INFO] - Epoch 56, EarlyStopper counter: 9/10
[2025-01-12 04:56:25,028][root][INFO] - Epoch 57, EarlyStopper counter: 10/10
[2025-01-12 04:56:25,039][root][WARNING] - soft link /home/mansoor/antibody_design/epitope_prediction/epitope_pred/asepcode/../../results/asep/ckpts/20250112-011507/20250112-011508/last.pt already exists. It is removed.
[2025-01-12 04:56:25,123][root][WARNING] - soft link /home/mansoor/antibody_design/epitope_prediction/epitope_pred/asepcode/../../results/asep/ckpts/20250112-011507/20250112-011508/rank_0.pt already exists. It is removed.
[2025-01-12 04:56:25,124][root][WARNING] - soft link /home/mansoor/antibody_design/epitope_prediction/epitope_pred/asepcode/../../results/asep/ckpts/20250112-011507/20250112-011508/rank_1.pt already exists. It is removed.
[2025-01-12 04:56:25,125][root][WARNING] - soft link /home/mansoor/antibody_design/epitope_prediction/epitope_pred/asepcode/../../results/asep/ckpts/20250112-011507/20250112-011508/rank_2.pt already exists. It is removed.
[2025-01-12 04:56:25,132][root][WARNING] - soft link /home/mansoor/antibody_design/epitope_prediction/epitope_pred/asepcode/../../results/asep/ckpts/edge/20250112-011507/20250112-011508/rank_0.pt already exists. It is removed.
[2025-01-12 04:56:25,133][root][WARNING] - soft link /home/mansoor/antibody_design/epitope_prediction/epitope_pred/asepcode/../../results/asep/ckpts/edge/20250112-011507/20250112-011508/rank_1.pt already exists. It is removed.
[2025-01-12 04:56:25,133][root][WARNING] - soft link /home/mansoor/antibody_design/epitope_prediction/epitope_pred/asepcode/../../results/asep/ckpts/edge/20250112-011507/20250112-011508/rank_2.pt already exists. It is removed.
[2025-01-12 05:17:13,314][root][INFO] - Epoch 0, EarlyStopper reset counter
[2025-01-12 05:17:49,963][root][INFO] - Epoch 1, EarlyStopper reset counter
[2025-01-12 05:18:26,276][root][INFO] - Epoch 2, EarlyStopper reset counter
[2025-01-12 05:19:04,046][root][INFO] - Epoch 3, EarlyStopper reset counter
[2025-01-12 05:19:42,678][root][INFO] - Epoch 4, EarlyStopper reset counter
[2025-01-12 05:20:19,687][root][INFO] - Epoch 5, EarlyStopper reset counter
[2025-01-12 05:20:56,285][root][INFO] - Epoch 6, EarlyStopper reset counter
[2025-01-12 05:21:35,829][root][INFO] - Epoch 7, EarlyStopper reset counter
[2025-01-12 05:22:12,283][root][INFO] - Epoch 8, EarlyStopper reset counter
[2025-01-12 05:22:48,958][root][INFO] - Epoch 9, EarlyStopper reset counter
[2025-01-12 05:23:27,421][root][INFO] - Epoch 10, EarlyStopper reset counter
[2025-01-12 05:24:04,795][root][INFO] - Epoch 11, EarlyStopper reset counter
[2025-01-12 05:24:42,539][root][INFO] - Epoch 12, EarlyStopper reset counter
[2025-01-12 05:25:18,931][root][INFO] - Epoch 13, EarlyStopper counter: 1/10
[2025-01-12 05:25:52,601][root][INFO] - Epoch 14, EarlyStopper reset counter
[2025-01-12 05:26:31,024][root][INFO] - Epoch 15, EarlyStopper reset counter
[2025-01-12 05:27:07,861][root][INFO] - Epoch 16, EarlyStopper reset counter
[2025-01-12 05:27:43,509][root][INFO] - Epoch 17, EarlyStopper reset counter
[2025-01-12 05:28:12,986][root][INFO] - Epoch 18, EarlyStopper reset counter
[2025-01-12 05:28:43,110][root][INFO] - Epoch 19, EarlyStopper reset counter
[2025-01-12 05:29:12,046][root][INFO] - Epoch 20, EarlyStopper reset counter
[2025-01-12 05:29:42,451][root][INFO] - Epoch 21, EarlyStopper reset counter
[2025-01-12 05:30:11,299][root][INFO] - Epoch 22, EarlyStopper reset counter
[2025-01-12 05:30:42,974][root][INFO] - Epoch 23, EarlyStopper reset counter
[2025-01-12 05:31:20,005][root][INFO] - Epoch 24, EarlyStopper counter: 1/10
[2025-01-12 05:31:57,239][root][INFO] - Epoch 25, EarlyStopper reset counter
[2025-01-12 05:32:32,771][root][INFO] - Epoch 26, EarlyStopper reset counter
[2025-01-12 05:33:05,923][root][INFO] - Epoch 27, EarlyStopper reset counter
[2025-01-12 05:33:37,673][root][INFO] - Epoch 28, EarlyStopper reset counter
[2025-01-12 05:34:16,191][root][INFO] - Epoch 29, EarlyStopper reset counter
[2025-01-12 05:34:52,690][root][INFO] - Epoch 30, EarlyStopper reset counter
[2025-01-12 05:35:27,564][root][INFO] - Epoch 31, EarlyStopper reset counter
[2025-01-12 05:36:01,720][root][INFO] - Epoch 32, EarlyStopper reset counter
[2025-01-12 05:36:37,948][root][INFO] - Epoch 33, EarlyStopper reset counter
[2025-01-12 05:37:15,574][root][INFO] - Epoch 34, EarlyStopper reset counter
[2025-01-12 05:37:51,608][root][INFO] - Epoch 35, EarlyStopper reset counter
[2025-01-12 05:38:28,850][root][INFO] - Epoch 36, EarlyStopper reset counter
[2025-01-12 05:39:05,754][root][INFO] - Epoch 37, EarlyStopper reset counter
[2025-01-12 05:39:41,338][root][INFO] - Epoch 38, EarlyStopper counter: 1/10
[2025-01-12 05:40:14,745][root][INFO] - Epoch 39, EarlyStopper reset counter
[2025-01-12 05:40:50,200][root][INFO] - Epoch 40, EarlyStopper reset counter
[2025-01-12 05:41:23,058][root][INFO] - Epoch 41, EarlyStopper reset counter
[2025-01-12 05:41:59,542][root][INFO] - Epoch 42, EarlyStopper reset counter
[2025-01-12 05:42:35,553][root][INFO] - Epoch 43, EarlyStopper counter: 1/10
[2025-01-12 05:43:11,166][root][INFO] - Epoch 44, EarlyStopper reset counter
[2025-01-12 05:43:47,860][root][INFO] - Epoch 45, EarlyStopper counter: 1/10
[2025-01-12 05:44:23,587][root][INFO] - Epoch 46, EarlyStopper reset counter
[2025-01-12 05:44:56,088][root][INFO] - Epoch 47, EarlyStopper reset counter
[2025-01-12 05:45:30,305][root][INFO] - Epoch 48, EarlyStopper reset counter
[2025-01-12 05:46:07,925][root][INFO] - Epoch 49, EarlyStopper counter: 1/10
[2025-01-12 05:46:44,315][root][INFO] - Epoch 50, EarlyStopper reset counter
[2025-01-12 05:47:18,790][root][INFO] - Epoch 51, EarlyStopper reset counter
[2025-01-12 05:47:52,389][root][INFO] - Epoch 52, EarlyStopper counter: 1/10
[2025-01-12 05:48:26,771][root][INFO] - Epoch 53, EarlyStopper counter: 2/10
[2025-01-12 05:49:03,210][root][INFO] - Epoch 54, EarlyStopper counter: 3/10
[2025-01-12 05:49:35,793][root][INFO] - Epoch 55, EarlyStopper reset counter
[2025-01-12 05:50:09,251][root][INFO] - Epoch 56, EarlyStopper counter: 1/10
[2025-01-12 05:50:44,334][root][INFO] - Epoch 57, EarlyStopper counter: 2/10
[2025-01-12 05:51:18,883][root][INFO] - Epoch 58, EarlyStopper counter: 3/10
[2025-01-12 05:51:52,813][root][INFO] - Epoch 59, EarlyStopper reset counter
[2025-01-12 05:52:21,954][root][INFO] - Epoch 60, EarlyStopper reset counter
[2025-01-12 05:52:45,686][root][INFO] - Epoch 61, EarlyStopper counter: 1/10
[2025-01-12 05:53:07,908][root][INFO] - Epoch 62, EarlyStopper counter: 2/10
[2025-01-12 05:53:29,713][root][INFO] - Epoch 63, EarlyStopper reset counter
[2025-01-12 05:53:53,335][root][INFO] - Epoch 64, EarlyStopper reset counter
[2025-01-12 05:54:15,979][root][INFO] - Epoch 65, EarlyStopper counter: 1/10
[2025-01-12 05:54:25,106][root][INFO] - Epoch 0, EarlyStopper reset counter
[2025-01-12 05:54:37,821][root][INFO] - Epoch 66, EarlyStopper reset counter
[2025-01-12 05:54:55,201][root][INFO] - Epoch 1, EarlyStopper counter: 1/10
[2025-01-12 05:54:59,589][root][INFO] - Epoch 67, EarlyStopper reset counter
[2025-01-12 05:55:21,838][root][INFO] - Epoch 68, EarlyStopper counter: 1/10
[2025-01-12 05:55:25,202][root][INFO] - Epoch 2, EarlyStopper counter: 2/10
[2025-01-12 05:55:43,668][root][INFO] - Epoch 69, EarlyStopper counter: 2/10
[2025-01-12 05:55:54,979][root][INFO] - Epoch 3, EarlyStopper counter: 3/10
[2025-01-12 05:56:04,865][root][INFO] - Epoch 70, EarlyStopper reset counter
[2025-01-12 05:56:24,815][root][INFO] - Epoch 4, EarlyStopper counter: 4/10
[2025-01-12 05:56:26,644][root][INFO] - Epoch 71, EarlyStopper reset counter
[2025-01-12 05:56:47,962][root][INFO] - Epoch 72, EarlyStopper counter: 1/10
[2025-01-12 05:56:55,158][root][INFO] - Epoch 5, EarlyStopper counter: 5/10
[2025-01-12 05:57:10,298][root][INFO] - Epoch 73, EarlyStopper reset counter
[2025-01-12 05:57:25,698][root][INFO] - Epoch 6, EarlyStopper counter: 6/10
[2025-01-12 05:57:31,814][root][INFO] - Epoch 74, EarlyStopper counter: 1/10
[2025-01-12 05:57:52,939][root][INFO] - Epoch 75, EarlyStopper counter: 2/10
[2025-01-12 05:57:55,637][root][INFO] - Epoch 7, EarlyStopper counter: 7/10
[2025-01-12 05:58:15,035][root][INFO] - Epoch 76, EarlyStopper counter: 3/10
[2025-01-12 05:58:25,843][root][INFO] - Epoch 8, EarlyStopper counter: 8/10
[2025-01-12 05:58:36,498][root][INFO] - Epoch 77, EarlyStopper reset counter
[2025-01-12 05:58:55,769][root][INFO] - Epoch 9, EarlyStopper counter: 9/10
[2025-01-12 05:58:57,314][root][INFO] - Epoch 78, EarlyStopper counter: 1/10
[2025-01-12 05:59:18,719][root][INFO] - Epoch 79, EarlyStopper counter: 2/10
[2025-01-12 05:59:25,468][root][INFO] - Epoch 10, EarlyStopper counter: 10/10
[2025-01-12 05:59:25,483][root][WARNING] - soft link /home/mansoor/antibody_design/epitope_prediction/epitope_pred/asepcode/../../results/asep/ckpts/20250112-011507/20250112-011508/last.pt already exists. It is removed.
[2025-01-12 05:59:25,588][root][WARNING] - soft link /home/mansoor/antibody_design/epitope_prediction/epitope_pred/asepcode/../../results/asep/ckpts/20250112-011507/20250112-011508/rank_0.pt already exists. It is removed.
[2025-01-12 05:59:25,590][root][WARNING] - soft link /home/mansoor/antibody_design/epitope_prediction/epitope_pred/asepcode/../../results/asep/ckpts/20250112-011507/20250112-011508/rank_1.pt already exists. It is removed.
[2025-01-12 05:59:25,591][root][WARNING] - soft link /home/mansoor/antibody_design/epitope_prediction/epitope_pred/asepcode/../../results/asep/ckpts/20250112-011507/20250112-011508/rank_2.pt already exists. It is removed.
[2025-01-12 05:59:25,606][root][WARNING] - soft link /home/mansoor/antibody_design/epitope_prediction/epitope_pred/asepcode/../../results/asep/ckpts/edge/20250112-011507/20250112-011508/rank_0.pt already exists. It is removed.
[2025-01-12 05:59:25,607][root][WARNING] - soft link /home/mansoor/antibody_design/epitope_prediction/epitope_pred/asepcode/../../results/asep/ckpts/edge/20250112-011507/20250112-011508/rank_1.pt already exists. It is removed.
[2025-01-12 05:59:25,608][root][WARNING] - soft link /home/mansoor/antibody_design/epitope_prediction/epitope_pred/asepcode/../../results/asep/ckpts/edge/20250112-011507/20250112-011508/rank_2.pt already exists. It is removed.
[2025-01-12 05:59:39,667][root][INFO] - Epoch 80, EarlyStopper counter: 3/10
[2025-01-12 06:00:01,907][root][INFO] - Epoch 81, EarlyStopper reset counter
[2025-01-12 06:00:24,802][root][INFO] - Epoch 82, EarlyStopper counter: 1/10
[2025-01-12 06:00:47,641][root][INFO] - Epoch 83, EarlyStopper reset counter
[2025-01-12 06:01:10,802][root][INFO] - Epoch 84, EarlyStopper counter: 1/10
[2025-01-12 06:01:33,389][root][INFO] - Epoch 85, EarlyStopper counter: 2/10
[2025-01-12 06:01:53,994][root][INFO] - Epoch 86, EarlyStopper counter: 3/10
[2025-01-12 06:02:16,986][root][INFO] - Epoch 87, EarlyStopper reset counter
[2025-01-12 06:02:38,970][root][INFO] - Epoch 88, EarlyStopper counter: 1/10
[2025-01-12 06:03:00,086][root][INFO] - Epoch 89, EarlyStopper counter: 2/10
[2025-01-12 06:03:23,560][root][INFO] - Epoch 90, EarlyStopper counter: 3/10
[2025-01-12 06:03:44,481][root][INFO] - Epoch 91, EarlyStopper counter: 4/10
[2025-01-12 06:04:07,504][root][INFO] - Epoch 92, EarlyStopper counter: 5/10
[2025-01-12 06:04:29,386][root][INFO] - Epoch 93, EarlyStopper counter: 6/10
[2025-01-12 06:04:53,812][root][INFO] - Epoch 94, EarlyStopper counter: 7/10
[2025-01-12 06:05:17,668][root][INFO] - Epoch 95, EarlyStopper counter: 8/10
[2025-01-12 06:05:39,404][root][INFO] - Epoch 96, EarlyStopper counter: 9/10
[2025-01-12 06:06:02,389][root][INFO] - Epoch 97, EarlyStopper counter: 10/10
[2025-01-12 06:06:02,399][root][WARNING] - soft link /home/mansoor/antibody_design/epitope_prediction/epitope_pred/asepcode/../../results/asep/ckpts/20250112-011507/20250112-011508/last.pt already exists. It is removed.
[2025-01-12 06:06:02,487][root][WARNING] - soft link /home/mansoor/antibody_design/epitope_prediction/epitope_pred/asepcode/../../results/asep/ckpts/20250112-011507/20250112-011508/rank_0.pt already exists. It is removed.
[2025-01-12 06:06:02,488][root][WARNING] - soft link /home/mansoor/antibody_design/epitope_prediction/epitope_pred/asepcode/../../results/asep/ckpts/20250112-011507/20250112-011508/rank_1.pt already exists. It is removed.
[2025-01-12 06:06:02,488][root][WARNING] - soft link /home/mansoor/antibody_design/epitope_prediction/epitope_pred/asepcode/../../results/asep/ckpts/20250112-011507/20250112-011508/rank_2.pt already exists. It is removed.
[2025-01-12 06:06:02,496][root][WARNING] - soft link /home/mansoor/antibody_design/epitope_prediction/epitope_pred/asepcode/../../results/asep/ckpts/edge/20250112-011507/20250112-011508/rank_0.pt already exists. It is removed.
[2025-01-12 06:06:02,497][root][WARNING] - soft link /home/mansoor/antibody_design/epitope_prediction/epitope_pred/asepcode/../../results/asep/ckpts/edge/20250112-011507/20250112-011508/rank_1.pt already exists. It is removed.
[2025-01-12 06:06:02,497][root][WARNING] - soft link /home/mansoor/antibody_design/epitope_prediction/epitope_pred/asepcode/../../results/asep/ckpts/edge/20250112-011507/20250112-011508/rank_2.pt already exists. It is removed.
[2025-01-12 06:24:54,275][root][INFO] - Epoch 0, EarlyStopper reset counter
[2025-01-12 06:25:23,382][root][INFO] - Epoch 1, EarlyStopper reset counter
[2025-01-12 06:25:52,698][root][INFO] - Epoch 2, EarlyStopper reset counter
[2025-01-12 06:26:20,989][root][INFO] - Epoch 3, EarlyStopper reset counter
[2025-01-12 06:26:49,681][root][INFO] - Epoch 4, EarlyStopper reset counter
[2025-01-12 06:27:19,134][root][INFO] - Epoch 5, EarlyStopper reset counter
[2025-01-12 06:27:47,546][root][INFO] - Epoch 6, EarlyStopper reset counter
[2025-01-12 06:28:15,882][root][INFO] - Epoch 7, EarlyStopper reset counter
[2025-01-12 06:28:43,531][root][INFO] - Epoch 8, EarlyStopper reset counter
[2025-01-12 06:29:11,715][root][INFO] - Epoch 9, EarlyStopper reset counter
[2025-01-12 06:29:37,754][root][INFO] - Epoch 10, EarlyStopper reset counter
[2025-01-12 06:30:06,416][root][INFO] - Epoch 11, EarlyStopper reset counter
[2025-01-12 06:30:35,221][root][INFO] - Epoch 12, EarlyStopper reset counter
[2025-01-12 06:31:04,716][root][INFO] - Epoch 13, EarlyStopper reset counter
[2025-01-12 06:31:32,884][root][INFO] - Epoch 14, EarlyStopper reset counter
[2025-01-12 06:32:00,901][root][INFO] - Epoch 15, EarlyStopper counter: 1/10
[2025-01-12 06:32:25,680][root][INFO] - Epoch 16, EarlyStopper reset counter
[2025-01-12 06:32:46,598][root][INFO] - Epoch 17, EarlyStopper reset counter
[2025-01-12 06:33:07,850][root][INFO] - Epoch 18, EarlyStopper reset counter
[2025-01-12 06:33:30,273][root][INFO] - Epoch 19, EarlyStopper reset counter
[2025-01-12 06:33:52,662][root][INFO] - Epoch 20, EarlyStopper reset counter
[2025-01-12 06:34:00,175][root][INFO] - Epoch 0, EarlyStopper reset counter
[2025-01-12 06:34:16,469][root][INFO] - Epoch 21, EarlyStopper reset counter
[2025-01-12 06:34:32,132][root][INFO] - Epoch 1, EarlyStopper reset counter
[2025-01-12 06:34:41,591][root][INFO] - Epoch 22, EarlyStopper reset counter
[2025-01-12 06:35:04,217][root][INFO] - Epoch 2, EarlyStopper reset counter
[2025-01-12 06:35:05,744][root][INFO] - Epoch 23, EarlyStopper reset counter
[2025-01-12 06:35:30,985][root][INFO] - Epoch 24, EarlyStopper reset counter
[2025-01-12 06:35:36,909][root][INFO] - Epoch 3, EarlyStopper reset counter
[2025-01-12 06:35:56,560][root][INFO] - Epoch 25, EarlyStopper reset counter
[2025-01-12 06:36:08,525][root][INFO] - Epoch 4, EarlyStopper reset counter
[2025-01-12 06:36:20,962][root][INFO] - Epoch 26, EarlyStopper reset counter
[2025-01-12 06:36:41,499][root][INFO] - Epoch 5, EarlyStopper reset counter
[2025-01-12 06:36:45,360][root][INFO] - Epoch 27, EarlyStopper reset counter
[2025-01-12 06:37:08,520][root][INFO] - Epoch 28, EarlyStopper reset counter
[2025-01-12 06:37:14,294][root][INFO] - Epoch 6, EarlyStopper reset counter
[2025-01-12 06:37:32,112][root][INFO] - Epoch 29, EarlyStopper reset counter
[2025-01-12 06:37:45,966][root][INFO] - Epoch 7, EarlyStopper reset counter
[2025-01-12 06:37:57,157][root][INFO] - Epoch 30, EarlyStopper reset counter
[2025-01-12 06:38:18,247][root][INFO] - Epoch 8, EarlyStopper reset counter
[2025-01-12 06:38:22,823][root][INFO] - Epoch 31, EarlyStopper reset counter
[2025-01-12 06:38:47,000][root][INFO] - Epoch 32, EarlyStopper reset counter
[2025-01-12 06:38:50,453][root][INFO] - Epoch 9, EarlyStopper reset counter
[2025-01-12 06:39:10,251][root][INFO] - Epoch 33, EarlyStopper reset counter
[2025-01-12 06:39:23,650][root][INFO] - Epoch 10, EarlyStopper reset counter
[2025-01-12 06:39:34,851][root][INFO] - Epoch 34, EarlyStopper reset counter
[2025-01-12 06:39:56,539][root][INFO] - Epoch 11, EarlyStopper reset counter
[2025-01-12 06:39:58,429][root][INFO] - Epoch 35, EarlyStopper reset counter
[2025-01-12 06:40:24,173][root][INFO] - Epoch 36, EarlyStopper reset counter
[2025-01-12 06:40:30,016][root][INFO] - Epoch 12, EarlyStopper reset counter
[2025-01-12 06:40:47,909][root][INFO] - Epoch 37, EarlyStopper reset counter
[2025-01-12 06:41:01,985][root][INFO] - Epoch 13, EarlyStopper reset counter
[2025-01-12 06:41:11,426][root][INFO] - Epoch 38, EarlyStopper reset counter
[2025-01-12 06:41:34,361][root][INFO] - Epoch 14, EarlyStopper reset counter
[2025-01-12 06:41:35,988][root][INFO] - Epoch 39, EarlyStopper reset counter
[2025-01-12 06:42:00,623][root][INFO] - Epoch 40, EarlyStopper reset counter
[2025-01-12 06:42:06,797][root][INFO] - Epoch 15, EarlyStopper reset counter
[2025-01-12 06:42:25,185][root][INFO] - Epoch 41, EarlyStopper reset counter
[2025-01-12 06:42:38,411][root][INFO] - Epoch 16, EarlyStopper reset counter
[2025-01-12 06:42:49,685][root][INFO] - Epoch 42, EarlyStopper reset counter
[2025-01-12 06:43:12,537][root][INFO] - Epoch 17, EarlyStopper reset counter
[2025-01-12 06:43:15,611][root][INFO] - Epoch 43, EarlyStopper reset counter
[2025-01-12 06:43:40,346][root][INFO] - Epoch 44, EarlyStopper reset counter
[2025-01-12 06:43:45,226][root][INFO] - Epoch 18, EarlyStopper reset counter
[2025-01-12 06:44:04,253][root][INFO] - Epoch 45, EarlyStopper counter: 1/10
[2025-01-12 06:44:17,780][root][INFO] - Epoch 19, EarlyStopper counter: 1/10
[2025-01-12 06:44:29,159][root][INFO] - Epoch 46, EarlyStopper counter: 2/10
[2025-01-12 06:44:50,692][root][INFO] - Epoch 20, EarlyStopper reset counter
[2025-01-12 06:44:55,575][root][INFO] - Epoch 47, EarlyStopper counter: 3/10
[2025-01-12 06:45:20,152][root][INFO] - Epoch 48, EarlyStopper reset counter
[2025-01-12 06:45:22,619][root][INFO] - Epoch 21, EarlyStopper reset counter
[2025-01-12 06:45:45,071][root][INFO] - Epoch 49, EarlyStopper counter: 1/10
[2025-01-12 06:45:54,995][root][INFO] - Epoch 22, EarlyStopper counter: 1/10
[2025-01-12 06:46:08,911][root][INFO] - Epoch 50, EarlyStopper counter: 2/10
[2025-01-12 06:46:28,093][root][INFO] - Epoch 23, EarlyStopper counter: 2/10
[2025-01-12 06:46:33,570][root][INFO] - Epoch 51, EarlyStopper reset counter
[2025-01-12 06:46:57,858][root][INFO] - Epoch 52, EarlyStopper reset counter
[2025-01-12 06:47:00,840][root][INFO] - Epoch 24, EarlyStopper reset counter
[2025-01-12 06:47:23,301][root][INFO] - Epoch 53, EarlyStopper counter: 1/10
[2025-01-12 06:47:33,991][root][INFO] - Epoch 25, EarlyStopper counter: 1/10
[2025-01-12 06:47:47,297][root][INFO] - Epoch 54, EarlyStopper counter: 2/10
[2025-01-12 06:48:07,661][root][INFO] - Epoch 26, EarlyStopper reset counter
[2025-01-12 06:48:13,304][root][INFO] - Epoch 55, EarlyStopper counter: 3/10
[2025-01-12 06:48:38,719][root][INFO] - Epoch 56, EarlyStopper counter: 4/10
[2025-01-12 06:48:39,633][root][INFO] - Epoch 27, EarlyStopper reset counter
[2025-01-12 06:49:03,854][root][INFO] - Epoch 57, EarlyStopper reset counter
[2025-01-12 06:49:13,002][root][INFO] - Epoch 28, EarlyStopper counter: 1/10
[2025-01-12 06:49:28,652][root][INFO] - Epoch 58, EarlyStopper reset counter
[2025-01-12 06:49:46,169][root][INFO] - Epoch 29, EarlyStopper reset counter
[2025-01-12 06:49:52,975][root][INFO] - Epoch 59, EarlyStopper counter: 1/10
[2025-01-12 06:50:17,630][root][INFO] - Epoch 60, EarlyStopper counter: 2/10
[2025-01-12 06:50:18,233][root][INFO] - Epoch 30, EarlyStopper counter: 1/10
[2025-01-12 06:50:42,674][root][INFO] - Epoch 61, EarlyStopper reset counter
[2025-01-12 06:50:51,610][root][INFO] - Epoch 31, EarlyStopper counter: 2/10
[2025-01-12 06:51:07,057][root][INFO] - Epoch 62, EarlyStopper reset counter
[2025-01-12 06:51:24,754][root][INFO] - Epoch 32, EarlyStopper reset counter
[2025-01-12 06:51:32,114][root][INFO] - Epoch 63, EarlyStopper counter: 1/10
[2025-01-12 06:51:55,943][root][INFO] - Epoch 64, EarlyStopper counter: 2/10
[2025-01-12 06:51:58,355][root][INFO] - Epoch 33, EarlyStopper reset counter
[2025-01-12 06:52:20,061][root][INFO] - Epoch 65, EarlyStopper counter: 3/10
[2025-01-12 06:52:31,779][root][INFO] - Epoch 34, EarlyStopper counter: 1/10
[2025-01-12 06:52:45,575][root][INFO] - Epoch 66, EarlyStopper counter: 4/10
[2025-01-12 06:53:04,587][root][INFO] - Epoch 35, EarlyStopper counter: 2/10
[2025-01-12 06:53:09,709][root][INFO] - Epoch 67, EarlyStopper counter: 5/10
[2025-01-12 06:53:34,235][root][INFO] - Epoch 68, EarlyStopper counter: 6/10
[2025-01-12 06:53:36,310][root][INFO] - Epoch 36, EarlyStopper counter: 3/10
[2025-01-12 06:53:58,349][root][INFO] - Epoch 69, EarlyStopper counter: 7/10
[2025-01-12 06:54:09,033][root][INFO] - Epoch 37, EarlyStopper counter: 4/10
[2025-01-12 06:54:22,778][root][INFO] - Epoch 70, EarlyStopper counter: 8/10
[2025-01-12 06:54:41,432][root][INFO] - Epoch 38, EarlyStopper counter: 5/10
[2025-01-12 06:54:48,240][root][INFO] - Epoch 71, EarlyStopper reset counter
[2025-01-12 06:55:11,569][root][INFO] - Epoch 72, EarlyStopper counter: 1/10
[2025-01-12 06:55:13,000][root][INFO] - Epoch 39, EarlyStopper reset counter
[2025-01-12 06:55:36,219][root][INFO] - Epoch 73, EarlyStopper counter: 2/10
[2025-01-12 06:55:45,369][root][INFO] - Epoch 40, EarlyStopper counter: 1/10
[2025-01-12 06:56:00,761][root][INFO] - Epoch 74, EarlyStopper reset counter
[2025-01-12 06:56:16,534][root][INFO] - Epoch 41, EarlyStopper reset counter
[2025-01-12 06:56:26,304][root][INFO] - Epoch 75, EarlyStopper counter: 1/10
[2025-01-12 06:56:48,516][root][INFO] - Epoch 42, EarlyStopper counter: 1/10
[2025-01-12 06:56:52,840][root][INFO] - Epoch 76, EarlyStopper counter: 2/10
[2025-01-12 06:57:17,704][root][INFO] - Epoch 77, EarlyStopper counter: 3/10
[2025-01-12 06:57:21,167][root][INFO] - Epoch 43, EarlyStopper counter: 2/10
[2025-01-12 06:57:42,729][root][INFO] - Epoch 78, EarlyStopper counter: 4/10
[2025-01-12 06:57:54,973][root][INFO] - Epoch 44, EarlyStopper counter: 3/10
[2025-01-12 06:58:07,258][root][INFO] - Epoch 79, EarlyStopper counter: 5/10
[2025-01-12 06:58:28,006][root][INFO] - Epoch 45, EarlyStopper counter: 4/10
[2025-01-12 06:58:32,098][root][INFO] - Epoch 80, EarlyStopper counter: 6/10
[2025-01-12 06:58:56,115][root][INFO] - Epoch 81, EarlyStopper counter: 7/10
[2025-01-12 06:59:00,339][root][INFO] - Epoch 46, EarlyStopper counter: 5/10
[2025-01-12 06:59:21,142][root][INFO] - Epoch 82, EarlyStopper counter: 8/10
[2025-01-12 06:59:32,916][root][INFO] - Epoch 47, EarlyStopper counter: 6/10
[2025-01-12 06:59:44,849][root][INFO] - Epoch 83, EarlyStopper counter: 9/10
[2025-01-12 07:00:05,735][root][INFO] - Epoch 48, EarlyStopper counter: 7/10
[2025-01-12 07:00:08,504][root][INFO] - Epoch 84, EarlyStopper reset counter
[2025-01-12 07:00:34,333][root][INFO] - Epoch 85, EarlyStopper counter: 1/10
[2025-01-12 07:00:38,772][root][INFO] - Epoch 49, EarlyStopper counter: 8/10
[2025-01-12 07:00:58,767][root][INFO] - Epoch 86, EarlyStopper counter: 2/10
[2025-01-12 07:01:11,207][root][INFO] - Epoch 50, EarlyStopper counter: 9/10
[2025-01-12 07:01:25,061][root][INFO] - Epoch 87, EarlyStopper reset counter
[2025-01-12 07:01:45,037][root][INFO] - Epoch 51, EarlyStopper counter: 10/10
[2025-01-12 07:01:45,047][root][WARNING] - soft link /home/mansoor/antibody_design/epitope_prediction/epitope_pred/asepcode/../../results/asep/ckpts/20250112-011507/20250112-011508/last.pt already exists. It is removed.
[2025-01-12 07:01:45,136][root][WARNING] - soft link /home/mansoor/antibody_design/epitope_prediction/epitope_pred/asepcode/../../results/asep/ckpts/20250112-011507/20250112-011508/rank_0.pt already exists. It is removed.
[2025-01-12 07:01:45,138][root][WARNING] - soft link /home/mansoor/antibody_design/epitope_prediction/epitope_pred/asepcode/../../results/asep/ckpts/20250112-011507/20250112-011508/rank_1.pt already exists. It is removed.
[2025-01-12 07:01:45,138][root][WARNING] - soft link /home/mansoor/antibody_design/epitope_prediction/epitope_pred/asepcode/../../results/asep/ckpts/20250112-011507/20250112-011508/rank_2.pt already exists. It is removed.
[2025-01-12 07:01:45,146][root][WARNING] - soft link /home/mansoor/antibody_design/epitope_prediction/epitope_pred/asepcode/../../results/asep/ckpts/edge/20250112-011507/20250112-011508/rank_0.pt already exists. It is removed.
[2025-01-12 07:01:45,146][root][WARNING] - soft link /home/mansoor/antibody_design/epitope_prediction/epitope_pred/asepcode/../../results/asep/ckpts/edge/20250112-011507/20250112-011508/rank_1.pt already exists. It is removed.
[2025-01-12 07:01:45,147][root][WARNING] - soft link /home/mansoor/antibody_design/epitope_prediction/epitope_pred/asepcode/../../results/asep/ckpts/edge/20250112-011507/20250112-011508/rank_2.pt already exists. It is removed.
[2025-01-12 07:01:49,225][root][INFO] - Epoch 88, EarlyStopper counter: 1/10
[2025-01-12 07:02:14,005][root][INFO] - Epoch 89, EarlyStopper reset counter
[2025-01-12 07:02:38,472][root][INFO] - Epoch 90, EarlyStopper reset counter
[2025-01-12 07:03:04,143][root][INFO] - Epoch 91, EarlyStopper reset counter
[2025-01-12 07:03:28,046][root][INFO] - Epoch 92, EarlyStopper counter: 1/10
[2025-01-12 07:03:53,224][root][INFO] - Epoch 93, EarlyStopper counter: 2/10
[2025-01-12 07:04:17,563][root][INFO] - Epoch 94, EarlyStopper counter: 3/10
[2025-01-12 07:04:42,794][root][INFO] - Epoch 95, EarlyStopper counter: 4/10
[2025-01-12 07:05:06,857][root][INFO] - Epoch 96, EarlyStopper counter: 5/10
[2025-01-12 07:05:31,954][root][INFO] - Epoch 97, EarlyStopper reset counter
[2025-01-12 07:05:57,509][root][INFO] - Epoch 98, EarlyStopper reset counter
[2025-01-12 07:06:22,749][root][INFO] - Epoch 99, EarlyStopper counter: 1/10
[2025-01-12 07:06:48,052][root][INFO] - Epoch 100, EarlyStopper counter: 2/10
[2025-01-12 07:07:12,530][root][INFO] - Epoch 101, EarlyStopper counter: 3/10
[2025-01-12 07:07:37,524][root][INFO] - Epoch 102, EarlyStopper counter: 4/10
[2025-01-12 07:08:03,473][root][INFO] - Epoch 103, EarlyStopper counter: 5/10
[2025-01-12 07:08:29,462][root][INFO] - Epoch 104, EarlyStopper counter: 6/10
[2025-01-12 07:08:58,417][root][INFO] - Epoch 105, EarlyStopper counter: 7/10
[2025-01-12 07:09:25,553][root][INFO] - Epoch 106, EarlyStopper counter: 8/10
[2025-01-12 07:09:52,679][root][INFO] - Epoch 107, EarlyStopper counter: 9/10
[2025-01-12 07:10:19,818][root][INFO] - Epoch 108, EarlyStopper counter: 10/10
[2025-01-12 07:10:19,828][root][WARNING] - soft link /home/mansoor/antibody_design/epitope_prediction/epitope_pred/asepcode/../../results/asep/ckpts/20250112-011507/20250112-011508/last.pt already exists. It is removed.
[2025-01-12 07:10:19,909][root][WARNING] - soft link /home/mansoor/antibody_design/epitope_prediction/epitope_pred/asepcode/../../results/asep/ckpts/20250112-011507/20250112-011508/rank_0.pt already exists. It is removed.
[2025-01-12 07:10:19,911][root][WARNING] - soft link /home/mansoor/antibody_design/epitope_prediction/epitope_pred/asepcode/../../results/asep/ckpts/20250112-011507/20250112-011508/rank_1.pt already exists. It is removed.
[2025-01-12 07:10:19,912][root][WARNING] - soft link /home/mansoor/antibody_design/epitope_prediction/epitope_pred/asepcode/../../results/asep/ckpts/20250112-011507/20250112-011508/rank_2.pt already exists. It is removed.
[2025-01-12 07:10:19,922][root][WARNING] - soft link /home/mansoor/antibody_design/epitope_prediction/epitope_pred/asepcode/../../results/asep/ckpts/edge/20250112-011507/20250112-011508/rank_0.pt already exists. It is removed.
[2025-01-12 07:10:19,923][root][WARNING] - soft link /home/mansoor/antibody_design/epitope_prediction/epitope_pred/asepcode/../../results/asep/ckpts/edge/20250112-011507/20250112-011508/rank_1.pt already exists. It is removed.
[2025-01-12 07:10:19,923][root][WARNING] - soft link /home/mansoor/antibody_design/epitope_prediction/epitope_pred/asepcode/../../results/asep/ckpts/edge/20250112-011507/20250112-011508/rank_2.pt already exists. It is removed.
[2025-01-12 08:38:08,409][root][INFO] - Epoch 0, EarlyStopper reset counter
[2025-01-12 08:38:28,398][root][INFO] - Epoch 1, EarlyStopper reset counter
[2025-01-12 08:38:47,262][root][INFO] - Epoch 2, EarlyStopper reset counter
[2025-01-12 08:39:05,759][root][INFO] - Epoch 3, EarlyStopper reset counter
[2025-01-12 08:39:24,451][root][INFO] - Epoch 4, EarlyStopper reset counter
[2025-01-12 08:39:43,268][root][INFO] - Epoch 5, EarlyStopper reset counter
[2025-01-12 08:40:01,747][root][INFO] - Epoch 6, EarlyStopper reset counter
[2025-01-12 08:40:20,099][root][INFO] - Epoch 7, EarlyStopper reset counter
[2025-01-12 08:40:38,920][root][INFO] - Epoch 8, EarlyStopper reset counter
[2025-01-12 08:40:57,421][root][INFO] - Epoch 9, EarlyStopper reset counter
[2025-01-12 08:41:15,801][root][INFO] - Epoch 10, EarlyStopper reset counter
[2025-01-12 08:41:34,284][root][INFO] - Epoch 11, EarlyStopper reset counter
[2025-01-12 08:41:52,934][root][INFO] - Epoch 12, EarlyStopper reset counter
[2025-01-12 08:42:11,514][root][INFO] - Epoch 13, EarlyStopper reset counter
[2025-01-12 08:42:30,223][root][INFO] - Epoch 14, EarlyStopper reset counter
[2025-01-12 08:42:48,825][root][INFO] - Epoch 15, EarlyStopper reset counter
[2025-01-12 08:43:07,246][root][INFO] - Epoch 16, EarlyStopper counter: 1/10
[2025-01-12 08:43:25,835][root][INFO] - Epoch 17, EarlyStopper reset counter
[2025-01-12 08:43:44,448][root][INFO] - Epoch 18, EarlyStopper reset counter
[2025-01-12 08:44:03,088][root][INFO] - Epoch 19, EarlyStopper counter: 1/10
[2025-01-12 08:44:21,700][root][INFO] - Epoch 20, EarlyStopper counter: 2/10
[2025-01-12 08:44:40,328][root][INFO] - Epoch 21, EarlyStopper reset counter
[2025-01-12 08:44:58,907][root][INFO] - Epoch 22, EarlyStopper counter: 1/10
[2025-01-12 08:45:17,730][root][INFO] - Epoch 23, EarlyStopper reset counter
[2025-01-12 08:45:36,341][root][INFO] - Epoch 24, EarlyStopper reset counter
[2025-01-12 08:45:54,801][root][INFO] - Epoch 25, EarlyStopper counter: 1/10
[2025-01-12 08:46:13,525][root][INFO] - Epoch 26, EarlyStopper reset counter
[2025-01-12 08:46:32,287][root][INFO] - Epoch 27, EarlyStopper counter: 1/10
[2025-01-12 08:46:50,656][root][INFO] - Epoch 28, EarlyStopper counter: 2/10
[2025-01-12 08:47:09,412][root][INFO] - Epoch 29, EarlyStopper counter: 3/10
[2025-01-12 08:47:27,981][root][INFO] - Epoch 30, EarlyStopper counter: 4/10
[2025-01-12 08:47:46,737][root][INFO] - Epoch 31, EarlyStopper counter: 5/10
[2025-01-12 08:48:05,247][root][INFO] - Epoch 32, EarlyStopper counter: 6/10
[2025-01-12 08:48:23,905][root][INFO] - Epoch 33, EarlyStopper reset counter
[2025-01-12 08:48:42,534][root][INFO] - Epoch 34, EarlyStopper reset counter
[2025-01-12 08:49:01,179][root][INFO] - Epoch 35, EarlyStopper counter: 1/10
[2025-01-12 08:49:19,665][root][INFO] - Epoch 36, EarlyStopper reset counter
[2025-01-12 08:49:38,429][root][INFO] - Epoch 37, EarlyStopper counter: 1/10
[2025-01-12 08:49:57,139][root][INFO] - Epoch 38, EarlyStopper counter: 2/10
[2025-01-12 08:50:15,663][root][INFO] - Epoch 39, EarlyStopper counter: 3/10
[2025-01-12 08:50:34,404][root][INFO] - Epoch 40, EarlyStopper reset counter
[2025-01-12 08:50:53,043][root][INFO] - Epoch 41, EarlyStopper counter: 1/10
[2025-01-12 08:51:11,634][root][INFO] - Epoch 42, EarlyStopper reset counter
[2025-01-12 08:51:29,941][root][INFO] - Epoch 43, EarlyStopper counter: 1/10
[2025-01-12 08:51:48,755][root][INFO] - Epoch 44, EarlyStopper counter: 2/10
[2025-01-12 08:52:07,497][root][INFO] - Epoch 45, EarlyStopper reset counter
[2025-01-12 08:52:26,140][root][INFO] - Epoch 46, EarlyStopper reset counter
[2025-01-12 08:52:44,832][root][INFO] - Epoch 47, EarlyStopper counter: 1/10
[2025-01-12 08:53:03,661][root][INFO] - Epoch 48, EarlyStopper counter: 2/10
[2025-01-12 08:53:22,872][root][INFO] - Epoch 49, EarlyStopper reset counter
[2025-01-12 08:53:41,611][root][INFO] - Epoch 50, EarlyStopper reset counter
[2025-01-12 08:54:00,353][root][INFO] - Epoch 51, EarlyStopper counter: 1/10
[2025-01-12 08:54:18,871][root][INFO] - Epoch 52, EarlyStopper reset counter
[2025-01-12 08:54:37,420][root][INFO] - Epoch 53, EarlyStopper counter: 1/10
[2025-01-12 08:54:55,914][root][INFO] - Epoch 54, EarlyStopper counter: 2/10
[2025-01-12 08:55:14,604][root][INFO] - Epoch 55, EarlyStopper counter: 3/10
[2025-01-12 08:55:33,410][root][INFO] - Epoch 56, EarlyStopper reset counter
[2025-01-12 08:55:52,022][root][INFO] - Epoch 57, EarlyStopper counter: 1/10
[2025-01-12 08:56:11,079][root][INFO] - Epoch 58, EarlyStopper counter: 2/10
[2025-01-12 08:56:30,082][root][INFO] - Epoch 59, EarlyStopper counter: 3/10
[2025-01-12 08:56:48,713][root][INFO] - Epoch 60, EarlyStopper reset counter
[2025-01-12 08:57:07,302][root][INFO] - Epoch 61, EarlyStopper counter: 1/10
[2025-01-12 08:57:25,901][root][INFO] - Epoch 62, EarlyStopper counter: 2/10
[2025-01-12 08:57:44,487][root][INFO] - Epoch 63, EarlyStopper counter: 3/10
[2025-01-12 08:58:03,081][root][INFO] - Epoch 64, EarlyStopper reset counter
[2025-01-12 08:58:21,758][root][INFO] - Epoch 65, EarlyStopper counter: 1/10
[2025-01-12 08:58:40,674][root][INFO] - Epoch 66, EarlyStopper counter: 2/10
[2025-01-12 08:58:59,437][root][INFO] - Epoch 67, EarlyStopper counter: 3/10
[2025-01-12 08:59:18,146][root][INFO] - Epoch 68, EarlyStopper counter: 4/10
[2025-01-12 08:59:37,042][root][INFO] - Epoch 69, EarlyStopper counter: 5/10
[2025-01-12 08:59:55,919][root][INFO] - Epoch 70, EarlyStopper counter: 6/10
[2025-01-12 09:00:14,737][root][INFO] - Epoch 71, EarlyStopper counter: 7/10
[2025-01-12 09:00:33,447][root][INFO] - Epoch 72, EarlyStopper reset counter
[2025-01-12 09:00:52,152][root][INFO] - Epoch 73, EarlyStopper counter: 1/10
[2025-01-12 09:01:11,031][root][INFO] - Epoch 74, EarlyStopper counter: 2/10
[2025-01-12 09:01:29,964][root][INFO] - Epoch 75, EarlyStopper counter: 3/10
[2025-01-12 09:01:48,603][root][INFO] - Epoch 76, EarlyStopper counter: 4/10
[2025-01-12 09:02:07,224][root][INFO] - Epoch 77, EarlyStopper counter: 5/10
[2025-01-12 09:02:25,647][root][INFO] - Epoch 78, EarlyStopper counter: 6/10
[2025-01-12 09:02:44,127][root][INFO] - Epoch 79, EarlyStopper counter: 7/10
[2025-01-12 09:03:02,876][root][INFO] - Epoch 80, EarlyStopper counter: 8/10
[2025-01-12 09:03:21,492][root][INFO] - Epoch 81, EarlyStopper counter: 9/10
[2025-01-12 09:03:40,226][root][INFO] - Epoch 82, EarlyStopper counter: 10/10
[2025-01-12 09:03:40,234][root][WARNING] - soft link /home/mansoor/antibody_design/epitope_prediction/epitope_pred/asepcode/../../results/asep/ckpts/20250112-011507/20250112-011508/last.pt already exists. It is removed.
[2025-01-12 09:03:40,322][root][WARNING] - soft link /home/mansoor/antibody_design/epitope_prediction/epitope_pred/asepcode/../../results/asep/ckpts/20250112-011507/20250112-011508/rank_0.pt already exists. It is removed.
[2025-01-12 09:03:40,323][root][WARNING] - soft link /home/mansoor/antibody_design/epitope_prediction/epitope_pred/asepcode/../../results/asep/ckpts/20250112-011507/20250112-011508/rank_1.pt already exists. It is removed.
[2025-01-12 09:03:40,324][root][WARNING] - soft link /home/mansoor/antibody_design/epitope_prediction/epitope_pred/asepcode/../../results/asep/ckpts/20250112-011507/20250112-011508/rank_2.pt already exists. It is removed.
[2025-01-12 09:03:40,336][root][WARNING] - soft link /home/mansoor/antibody_design/epitope_prediction/epitope_pred/asepcode/../../results/asep/ckpts/edge/20250112-011507/20250112-011508/rank_0.pt already exists. It is removed.
[2025-01-12 09:03:40,337][root][WARNING] - soft link /home/mansoor/antibody_design/epitope_prediction/epitope_pred/asepcode/../../results/asep/ckpts/edge/20250112-011507/20250112-011508/rank_1.pt already exists. It is removed.
[2025-01-12 09:03:40,337][root][WARNING] - soft link /home/mansoor/antibody_design/epitope_prediction/epitope_pred/asepcode/../../results/asep/ckpts/edge/20250112-011507/20250112-011508/rank_2.pt already exists. It is removed.
