[2025-01-12 16:40:43,045][root][INFO] - Epoch 0, EarlyStopper reset counter
[2025-01-12 16:40:48,454][root][INFO] - Epoch 0, EarlyStopper reset counter
[2025-01-12 16:40:54,000][root][INFO] - Epoch 0, EarlyStopper reset counter
[2025-01-12 16:40:55,073][root][INFO] - Epoch 0, EarlyStopper reset counter
[2025-01-12 16:40:57,025][root][INFO] - Epoch 0, EarlyStopper reset counter
[2025-01-12 16:41:14,054][root][INFO] - Epoch 0, EarlyStopper reset counter
[2025-01-12 16:41:14,568][root][INFO] - Epoch 0, EarlyStopper reset counter
[2025-01-12 16:41:14,895][root][INFO] - Epoch 1, EarlyStopper counter: 1/10
[2025-01-12 16:41:16,134][root][INFO] - Epoch 0, EarlyStopper reset counter
[2025-01-12 16:41:17,564][root][INFO] - Epoch 1, EarlyStopper counter: 1/10
[2025-01-12 16:41:27,626][root][INFO] - Epoch 0, EarlyStopper reset counter
[2025-01-12 16:41:31,334][root][INFO] - Epoch 1, EarlyStopper reset counter
[2025-01-12 16:41:35,286][root][INFO] - Epoch 1, EarlyStopper reset counter
[2025-01-12 16:41:38,428][root][INFO] - Epoch 1, EarlyStopper reset counter
[2025-01-12 16:41:45,976][root][INFO] - Epoch 2, EarlyStopper counter: 2/10
[2025-01-12 16:41:48,423][root][INFO] - Epoch 2, EarlyStopper counter: 2/10
[2025-01-12 16:41:53,087][root][INFO] - Epoch 1, EarlyStopper reset counter
[2025-01-12 16:41:55,395][root][INFO] - Epoch 1, EarlyStopper reset counter
[2025-01-12 16:41:57,117][root][INFO] - Epoch 1, EarlyStopper reset counter
[2025-01-12 16:42:07,851][root][INFO] - Epoch 1, EarlyStopper reset counter
[2025-01-12 16:42:10,984][root][INFO] - Epoch 2, EarlyStopper reset counter
[2025-01-12 16:42:16,073][root][INFO] - Epoch 2, EarlyStopper reset counter
[2025-01-12 16:42:16,680][root][INFO] - Epoch 3, EarlyStopper counter: 3/10
[2025-01-12 16:42:19,084][root][INFO] - Epoch 3, EarlyStopper counter: 3/10
[2025-01-12 16:42:20,475][root][INFO] - Epoch 2, EarlyStopper reset counter
[2025-01-12 16:42:33,396][root][INFO] - Epoch 2, EarlyStopper reset counter
[2025-01-12 16:42:36,543][root][INFO] - Epoch 2, EarlyStopper reset counter
[2025-01-12 16:42:37,589][root][INFO] - Epoch 2, EarlyStopper reset counter
[2025-01-12 16:42:46,450][root][INFO] - Epoch 4, EarlyStopper counter: 4/10
[2025-01-12 16:42:47,651][root][INFO] - Epoch 3, EarlyStopper reset counter
[2025-01-12 16:42:48,470][root][INFO] - Epoch 2, EarlyStopper reset counter
[2025-01-12 16:42:52,115][root][INFO] - Epoch 4, EarlyStopper counter: 4/10
[2025-01-12 16:42:58,072][root][INFO] - Epoch 3, EarlyStopper reset counter
[2025-01-12 16:43:00,643][root][INFO] - Epoch 3, EarlyStopper reset counter
[2025-01-12 16:43:10,394][root][INFO] - Epoch 3, EarlyStopper reset counter
[2025-01-12 16:43:17,675][root][INFO] - Epoch 3, EarlyStopper reset counter
[2025-01-12 16:43:18,476][root][INFO] - Epoch 5, EarlyStopper counter: 5/10
[2025-01-12 16:43:19,125][root][INFO] - Epoch 3, EarlyStopper reset counter
[2025-01-12 16:43:22,232][root][INFO] - Epoch 4, EarlyStopper reset counter
[2025-01-12 16:43:23,750][root][INFO] - Epoch 5, EarlyStopper counter: 5/10
[2025-01-12 16:43:29,633][root][INFO] - Epoch 3, EarlyStopper reset counter
[2025-01-12 16:43:39,476][root][INFO] - Epoch 4, EarlyStopper reset counter
[2025-01-12 16:43:41,129][root][INFO] - Epoch 4, EarlyStopper reset counter
[2025-01-12 16:43:49,543][root][INFO] - Epoch 4, EarlyStopper reset counter
[2025-01-12 16:43:50,108][root][INFO] - Epoch 6, EarlyStopper counter: 6/10
[2025-01-12 16:43:53,667][root][INFO] - Epoch 6, EarlyStopper counter: 6/10
[2025-01-12 16:43:55,631][root][INFO] - Epoch 4, EarlyStopper reset counter
[2025-01-12 16:43:57,830][root][INFO] - Epoch 4, EarlyStopper reset counter
[2025-01-12 16:44:01,940][root][INFO] - Epoch 5, EarlyStopper reset counter
[2025-01-12 16:44:08,232][root][INFO] - Epoch 4, EarlyStopper reset counter
[2025-01-12 16:44:20,447][root][INFO] - Epoch 5, EarlyStopper reset counter
[2025-01-12 16:44:21,224][root][INFO] - Epoch 5, EarlyStopper reset counter
[2025-01-12 16:44:22,005][root][INFO] - Epoch 7, EarlyStopper counter: 7/10
[2025-01-12 16:44:25,957][root][INFO] - Epoch 7, EarlyStopper counter: 7/10
[2025-01-12 16:44:27,832][root][INFO] - Epoch 5, EarlyStopper reset counter
[2025-01-12 16:44:34,594][root][INFO] - Epoch 5, EarlyStopper reset counter
[2025-01-12 16:44:40,346][root][INFO] - Epoch 5, EarlyStopper reset counter
[2025-01-12 16:44:42,496][root][INFO] - Epoch 6, EarlyStopper reset counter
[2025-01-12 16:44:47,456][root][INFO] - Epoch 5, EarlyStopper reset counter
[2025-01-12 16:44:53,679][root][INFO] - Epoch 8, EarlyStopper counter: 8/10
[2025-01-12 16:44:55,968][root][INFO] - Epoch 8, EarlyStopper counter: 8/10
[2025-01-12 16:45:00,527][root][INFO] - Epoch 6, EarlyStopper reset counter
[2025-01-12 16:45:03,629][root][INFO] - Epoch 6, EarlyStopper reset counter
[2025-01-12 16:45:09,791][root][INFO] - Epoch 6, EarlyStopper reset counter
[2025-01-12 16:45:18,279][root][INFO] - Epoch 6, EarlyStopper reset counter
[2025-01-12 16:45:22,960][root][INFO] - Epoch 7, EarlyStopper reset counter
[2025-01-12 16:45:29,608][root][INFO] - Epoch 6, EarlyStopper reset counter
[2025-01-12 16:45:35,681][root][INFO] - Epoch 6, EarlyStopper reset counter
[2025-01-12 16:45:36,184][root][INFO] - Epoch 9, EarlyStopper counter: 9/10
[2025-01-12 16:45:39,252][root][INFO] - Epoch 9, EarlyStopper counter: 9/10
[2025-01-12 16:46:01,292][root][INFO] - Epoch 7, EarlyStopper reset counter
[2025-01-12 16:46:01,451][root][INFO] - Epoch 7, EarlyStopper reset counter
[2025-01-12 16:46:08,118][root][INFO] - Epoch 7, EarlyStopper reset counter
[2025-01-12 16:46:08,613][root][INFO] - Epoch 10, EarlyStopper counter: 10/10
[2025-01-12 16:46:13,257][root][INFO] - Epoch 7, EarlyStopper reset counter
[2025-01-12 16:46:14,907][root][INFO] - Epoch 10, EarlyStopper counter: 10/10
[2025-01-12 16:46:14,920][root][WARNING] - soft link /home/mansoor/antibody_design/epitope_prediction/epitope_pred/asepcode/../../results/asep/ckpts/20250112-163957/20250112-163958/last.pt already exists. It is removed.
[2025-01-12 16:46:15,007][root][WARNING] - soft link /home/mansoor/antibody_design/epitope_prediction/epitope_pred/asepcode/../../results/asep/ckpts/20250112-163957/20250112-163958/rank_0.pt already exists. It is removed.
[2025-01-12 16:46:15,008][root][WARNING] - soft link /home/mansoor/antibody_design/epitope_prediction/epitope_pred/asepcode/../../results/asep/ckpts/20250112-163957/20250112-163958/rank_1.pt already exists. It is removed.
[2025-01-12 16:46:15,008][root][WARNING] - soft link /home/mansoor/antibody_design/epitope_prediction/epitope_pred/asepcode/../../results/asep/ckpts/20250112-163957/20250112-163958/rank_2.pt already exists. It is removed.
[2025-01-12 16:46:15,021][root][WARNING] - soft link /home/mansoor/antibody_design/epitope_prediction/epitope_pred/asepcode/../../results/asep/ckpts/edge/20250112-163957/20250112-163958/rank_0.pt already exists. It is removed.
[2025-01-12 16:46:15,022][root][WARNING] - soft link /home/mansoor/antibody_design/epitope_prediction/epitope_pred/asepcode/../../results/asep/ckpts/edge/20250112-163957/20250112-163958/rank_1.pt already exists. It is removed.
[2025-01-12 16:46:15,022][root][WARNING] - soft link /home/mansoor/antibody_design/epitope_prediction/epitope_pred/asepcode/../../results/asep/ckpts/edge/20250112-163957/20250112-163958/rank_2.pt already exists. It is removed.
[2025-01-12 16:46:15,232][root][INFO] - Epoch 8, EarlyStopper reset counter
[2025-01-12 16:46:19,490][root][INFO] - Epoch 7, EarlyStopper reset counter
[2025-01-12 16:46:21,415][root][INFO] - Epoch 7, EarlyStopper reset counter
[2025-01-12 16:46:36,439][root][INFO] - Epoch 8, EarlyStopper reset counter
[2025-01-12 16:46:37,053][root][INFO] - Epoch 8, EarlyStopper reset counter
[2025-01-12 16:46:39,581][root][INFO] - Epoch 8, EarlyStopper reset counter
[2025-01-12 16:46:45,892][root][INFO] - Epoch 8, EarlyStopper reset counter
[2025-01-12 16:46:46,689][root][INFO] - Epoch 9, EarlyStopper reset counter
[2025-01-12 16:46:51,982][root][INFO] - Epoch 8, EarlyStopper reset counter
[2025-01-12 16:46:53,603][root][INFO] - Epoch 8, EarlyStopper reset counter
[2025-01-12 16:47:09,842][root][INFO] - Epoch 9, EarlyStopper reset counter
[2025-01-12 16:47:10,338][root][INFO] - Epoch 9, EarlyStopper reset counter
[2025-01-12 16:47:11,503][root][INFO] - Epoch 9, EarlyStopper reset counter
[2025-01-12 16:47:18,390][root][INFO] - Epoch 10, EarlyStopper reset counter
[2025-01-12 16:47:19,463][root][INFO] - Epoch 9, EarlyStopper reset counter
[2025-01-12 16:47:25,981][root][INFO] - Epoch 9, EarlyStopper reset counter
[2025-01-12 16:47:28,894][root][INFO] - Epoch 9, EarlyStopper reset counter
[2025-01-12 16:47:43,036][root][INFO] - Epoch 10, EarlyStopper reset counter
[2025-01-12 16:47:43,465][root][INFO] - Epoch 10, EarlyStopper reset counter
[2025-01-12 16:47:43,641][root][INFO] - Epoch 10, EarlyStopper reset counter
[2025-01-12 16:47:48,649][root][INFO] - Epoch 11, EarlyStopper reset counter
[2025-01-12 16:47:52,381][root][INFO] - Epoch 10, EarlyStopper reset counter
[2025-01-12 16:47:58,331][root][INFO] - Epoch 10, EarlyStopper reset counter
[2025-01-12 16:48:01,430][root][INFO] - Epoch 10, EarlyStopper reset counter
[2025-01-12 16:48:13,325][root][INFO] - Epoch 11, EarlyStopper reset counter
[2025-01-12 16:48:16,202][root][INFO] - Epoch 11, EarlyStopper reset counter
[2025-01-12 16:48:16,511][root][INFO] - Epoch 11, EarlyStopper reset counter
[2025-01-12 16:48:18,388][root][INFO] - Epoch 12, EarlyStopper reset counter
[2025-01-12 16:48:25,729][root][INFO] - Epoch 11, EarlyStopper reset counter
[2025-01-12 16:48:30,136][root][INFO] - Epoch 11, EarlyStopper reset counter
[2025-01-12 16:48:33,042][root][INFO] - Epoch 11, EarlyStopper reset counter
[2025-01-12 16:48:42,835][root][INFO] - Epoch 12, EarlyStopper reset counter
[2025-01-12 16:48:48,396][root][INFO] - Epoch 13, EarlyStopper reset counter
[2025-01-12 16:48:48,483][root][INFO] - Epoch 12, EarlyStopper reset counter
[2025-01-12 16:48:49,097][root][INFO] - Epoch 12, EarlyStopper reset counter
[2025-01-12 16:48:58,382][root][INFO] - Epoch 12, EarlyStopper reset counter
[2025-01-12 16:49:03,507][root][INFO] - Epoch 12, EarlyStopper reset counter
[2025-01-12 16:49:05,269][root][INFO] - Epoch 12, EarlyStopper reset counter
[2025-01-12 16:49:12,835][root][INFO] - Epoch 13, EarlyStopper counter: 1/10
[2025-01-12 16:49:18,354][root][INFO] - Epoch 14, EarlyStopper reset counter
[2025-01-12 16:49:20,881][root][INFO] - Epoch 13, EarlyStopper reset counter
[2025-01-12 16:49:21,571][root][INFO] - Epoch 13, EarlyStopper reset counter
[2025-01-12 16:49:31,762][root][INFO] - Epoch 13, EarlyStopper reset counter
[2025-01-12 16:49:36,884][root][INFO] - Epoch 13, EarlyStopper reset counter
[2025-01-12 16:49:38,958][root][INFO] - Epoch 13, EarlyStopper reset counter
[2025-01-12 16:49:43,369][root][INFO] - Epoch 14, EarlyStopper reset counter
[2025-01-12 16:49:48,738][root][INFO] - Epoch 15, EarlyStopper reset counter
[2025-01-12 16:49:53,633][root][INFO] - Epoch 14, EarlyStopper reset counter
[2025-01-12 16:49:54,911][root][INFO] - Epoch 14, EarlyStopper reset counter
[2025-01-12 16:50:05,830][root][INFO] - Epoch 14, EarlyStopper reset counter
[2025-01-12 16:50:10,279][root][INFO] - Epoch 14, EarlyStopper reset counter
[2025-01-12 16:50:11,988][root][INFO] - Epoch 14, EarlyStopper counter: 1/10
[2025-01-12 16:50:14,213][root][INFO] - Epoch 15, EarlyStopper reset counter
[2025-01-12 16:50:17,127][root][INFO] - Epoch 16, EarlyStopper reset counter
[2025-01-12 16:50:25,355][root][INFO] - Epoch 15, EarlyStopper counter: 1/10
[2025-01-12 16:50:27,152][root][INFO] - Epoch 15, EarlyStopper reset counter
[2025-01-12 16:50:39,181][root][INFO] - Epoch 15, EarlyStopper reset counter
[2025-01-12 16:50:43,077][root][INFO] - Epoch 15, EarlyStopper reset counter
[2025-01-12 16:50:44,750][root][INFO] - Epoch 16, EarlyStopper reset counter
[2025-01-12 16:50:46,025][root][INFO] - Epoch 15, EarlyStopper reset counter
[2025-01-12 16:50:47,187][root][INFO] - Epoch 17, EarlyStopper reset counter
[2025-01-12 16:50:57,712][root][INFO] - Epoch 16, EarlyStopper reset counter
[2025-01-12 16:50:59,305][root][INFO] - Epoch 16, EarlyStopper reset counter
[2025-01-12 16:51:12,445][root][INFO] - Epoch 16, EarlyStopper reset counter
[2025-01-12 16:51:15,364][root][INFO] - Epoch 16, EarlyStopper reset counter
[2025-01-12 16:51:15,962][root][INFO] - Epoch 17, EarlyStopper reset counter
[2025-01-12 16:51:16,529][root][INFO] - Epoch 18, EarlyStopper reset counter
[2025-01-12 16:51:20,294][root][INFO] - Epoch 16, EarlyStopper reset counter
[2025-01-12 16:51:30,588][root][INFO] - Epoch 17, EarlyStopper reset counter
[2025-01-12 16:51:31,285][root][INFO] - Epoch 17, EarlyStopper reset counter
[2025-01-12 16:51:44,712][root][INFO] - Epoch 17, EarlyStopper reset counter
[2025-01-12 16:51:47,194][root][INFO] - Epoch 19, EarlyStopper reset counter
[2025-01-12 16:51:47,854][root][INFO] - Epoch 18, EarlyStopper reset counter
[2025-01-12 16:51:49,263][root][INFO] - Epoch 17, EarlyStopper counter: 1/10
[2025-01-12 16:51:53,381][root][INFO] - Epoch 17, EarlyStopper counter: 1/10
[2025-01-12 16:52:02,340][root][INFO] - Epoch 18, EarlyStopper reset counter
[2025-01-12 16:52:05,401][root][INFO] - Epoch 18, EarlyStopper counter: 1/10
[2025-01-12 16:52:17,024][root][INFO] - Epoch 20, EarlyStopper reset counter
[2025-01-12 16:52:17,272][root][INFO] - Epoch 19, EarlyStopper reset counter
[2025-01-12 16:52:17,936][root][INFO] - Epoch 18, EarlyStopper reset counter
[2025-01-12 16:52:22,902][root][INFO] - Epoch 18, EarlyStopper counter: 2/10
[2025-01-12 16:52:26,296][root][INFO] - Epoch 18, EarlyStopper counter: 2/10
[2025-01-12 16:52:34,234][root][INFO] - Epoch 19, EarlyStopper reset counter
[2025-01-12 16:52:38,902][root][INFO] - Epoch 19, EarlyStopper counter: 2/10
[2025-01-12 16:52:46,501][root][INFO] - Epoch 21, EarlyStopper reset counter
[2025-01-12 16:52:47,644][root][INFO] - Epoch 20, EarlyStopper reset counter
[2025-01-12 16:52:50,148][root][INFO] - Epoch 19, EarlyStopper counter: 1/10
[2025-01-12 16:52:55,747][root][INFO] - Epoch 19, EarlyStopper counter: 3/10
[2025-01-12 16:52:59,540][root][INFO] - Epoch 19, EarlyStopper reset counter
[2025-01-12 16:53:06,810][root][INFO] - Epoch 20, EarlyStopper reset counter
[2025-01-12 16:53:12,466][root][INFO] - Epoch 20, EarlyStopper reset counter
[2025-01-12 16:53:16,053][root][INFO] - Epoch 22, EarlyStopper reset counter
[2025-01-12 16:53:17,865][root][INFO] - Epoch 21, EarlyStopper reset counter
[2025-01-12 16:53:24,435][root][INFO] - Epoch 20, EarlyStopper reset counter
[2025-01-12 16:53:31,007][root][INFO] - Epoch 20, EarlyStopper reset counter
[2025-01-12 16:53:32,975][root][INFO] - Epoch 20, EarlyStopper reset counter
[2025-01-12 16:53:39,518][root][INFO] - Epoch 21, EarlyStopper counter: 1/10
[2025-01-12 16:53:45,664][root][INFO] - Epoch 21, EarlyStopper reset counter
[2025-01-12 16:53:45,990][root][INFO] - Epoch 23, EarlyStopper reset counter
[2025-01-12 16:53:46,920][root][INFO] - Epoch 22, EarlyStopper reset counter
[2025-01-12 16:53:56,716][root][INFO] - Epoch 21, EarlyStopper reset counter
[2025-01-12 16:54:03,935][root][INFO] - Epoch 21, EarlyStopper counter: 1/10
[2025-01-12 16:54:04,359][root][INFO] - Epoch 21, EarlyStopper reset counter
[2025-01-12 16:54:11,271][root][INFO] - Epoch 22, EarlyStopper counter: 2/10
[2025-01-12 16:54:15,078][root][INFO] - Epoch 24, EarlyStopper reset counter
[2025-01-12 16:54:15,952][root][INFO] - Epoch 23, EarlyStopper reset counter
[2025-01-12 16:54:17,646][root][INFO] - Epoch 22, EarlyStopper reset counter
[2025-01-12 16:54:30,867][root][INFO] - Epoch 22, EarlyStopper reset counter
[2025-01-12 16:54:37,634][root][INFO] - Epoch 22, EarlyStopper reset counter
[2025-01-12 16:54:38,489][root][INFO] - Epoch 22, EarlyStopper counter: 2/10
[2025-01-12 16:54:43,914][root][INFO] - Epoch 23, EarlyStopper reset counter
[2025-01-12 16:54:45,126][root][INFO] - Epoch 25, EarlyStopper counter: 1/10
[2025-01-12 16:54:47,205][root][INFO] - Epoch 24, EarlyStopper reset counter
[2025-01-12 16:54:51,921][root][INFO] - Epoch 23, EarlyStopper reset counter
[2025-01-12 16:55:04,482][root][INFO] - Epoch 23, EarlyStopper reset counter
[2025-01-12 16:55:10,988][root][INFO] - Epoch 23, EarlyStopper reset counter
[2025-01-12 16:55:12,557][root][INFO] - Epoch 23, EarlyStopper counter: 3/10
[2025-01-12 16:55:15,192][root][INFO] - Epoch 26, EarlyStopper reset counter
[2025-01-12 16:55:18,065][root][INFO] - Epoch 24, EarlyStopper counter: 1/10
[2025-01-12 16:55:18,996][root][INFO] - Epoch 25, EarlyStopper reset counter
[2025-01-12 16:55:25,303][root][INFO] - Epoch 24, EarlyStopper reset counter
[2025-01-12 16:55:36,860][root][INFO] - Epoch 24, EarlyStopper reset counter
[2025-01-12 16:55:44,839][root][INFO] - Epoch 24, EarlyStopper reset counter
[2025-01-12 16:55:46,387][root][INFO] - Epoch 27, EarlyStopper reset counter
[2025-01-12 16:55:47,382][root][INFO] - Epoch 24, EarlyStopper counter: 4/10
[2025-01-12 16:55:50,875][root][INFO] - Epoch 26, EarlyStopper reset counter
[2025-01-12 16:55:52,372][root][INFO] - Epoch 25, EarlyStopper counter: 2/10
[2025-01-12 16:56:00,357][root][INFO] - Epoch 25, EarlyStopper counter: 1/10
[2025-01-12 16:56:10,598][root][INFO] - Epoch 25, EarlyStopper reset counter
[2025-01-12 16:56:18,035][root][INFO] - Epoch 28, EarlyStopper counter: 1/10
[2025-01-12 16:56:19,167][root][INFO] - Epoch 25, EarlyStopper reset counter
[2025-01-12 16:56:21,332][root][INFO] - Epoch 25, EarlyStopper reset counter
[2025-01-12 16:56:22,804][root][INFO] - Epoch 27, EarlyStopper reset counter
[2025-01-12 16:56:27,093][root][INFO] - Epoch 26, EarlyStopper counter: 3/10
[2025-01-12 16:56:34,692][root][INFO] - Epoch 26, EarlyStopper counter: 2/10
[2025-01-12 16:56:45,041][root][INFO] - Epoch 26, EarlyStopper reset counter
[2025-01-12 16:56:47,588][root][INFO] - Epoch 29, EarlyStopper reset counter
[2025-01-12 16:56:53,110][root][INFO] - Epoch 28, EarlyStopper reset counter
[2025-01-12 16:56:53,610][root][INFO] - Epoch 26, EarlyStopper reset counter
[2025-01-12 16:56:55,336][root][INFO] - Epoch 26, EarlyStopper reset counter
[2025-01-12 16:57:00,522][root][INFO] - Epoch 27, EarlyStopper counter: 4/10
[2025-01-12 16:57:08,431][root][INFO] - Epoch 27, EarlyStopper counter: 3/10
[2025-01-12 16:57:17,853][root][INFO] - Epoch 30, EarlyStopper reset counter
[2025-01-12 16:57:18,395][root][INFO] - Epoch 27, EarlyStopper reset counter
[2025-01-12 16:57:23,479][root][INFO] - Epoch 29, EarlyStopper reset counter
[2025-01-12 16:57:26,808][root][INFO] - Epoch 27, EarlyStopper counter: 1/10
[2025-01-12 16:57:28,670][root][INFO] - Epoch 27, EarlyStopper reset counter
[2025-01-12 16:57:33,169][root][INFO] - Epoch 28, EarlyStopper reset counter
[2025-01-12 16:57:42,028][root][INFO] - Epoch 28, EarlyStopper counter: 4/10
[2025-01-12 16:57:48,130][root][INFO] - Epoch 31, EarlyStopper reset counter
[2025-01-12 16:57:51,995][root][INFO] - Epoch 28, EarlyStopper counter: 1/10
[2025-01-12 16:57:54,403][root][INFO] - Epoch 30, EarlyStopper reset counter
[2025-01-12 16:58:01,480][root][INFO] - Epoch 28, EarlyStopper counter: 2/10
[2025-01-12 16:58:01,615][root][INFO] - Epoch 28, EarlyStopper counter: 1/10
[2025-01-12 16:58:05,760][root][INFO] - Epoch 29, EarlyStopper counter: 1/10
[2025-01-12 16:58:15,447][root][INFO] - Epoch 29, EarlyStopper reset counter
[2025-01-12 16:58:17,960][root][INFO] - Epoch 32, EarlyStopper reset counter
[2025-01-12 16:58:25,615][root][INFO] - Epoch 31, EarlyStopper reset counter
[2025-01-12 16:58:26,017][root][INFO] - Epoch 29, EarlyStopper counter: 2/10
[2025-01-12 16:58:35,253][root][INFO] - Epoch 29, EarlyStopper counter: 2/10
[2025-01-12 16:58:36,153][root][INFO] - Epoch 29, EarlyStopper reset counter
[2025-01-12 16:58:38,846][root][INFO] - Epoch 30, EarlyStopper reset counter
[2025-01-12 16:58:47,600][root][INFO] - Epoch 33, EarlyStopper reset counter
[2025-01-12 16:58:49,499][root][INFO] - Epoch 30, EarlyStopper counter: 1/10
[2025-01-12 16:58:56,184][root][INFO] - Epoch 32, EarlyStopper reset counter
[2025-01-12 16:58:58,013][root][INFO] - Epoch 30, EarlyStopper counter: 3/10
[2025-01-12 16:59:07,524][root][INFO] - Epoch 30, EarlyStopper counter: 3/10
[2025-01-12 16:59:08,828][root][INFO] - Epoch 30, EarlyStopper counter: 1/10
[2025-01-12 16:59:10,214][root][INFO] - Epoch 31, EarlyStopper reset counter
[2025-01-12 16:59:17,161][root][INFO] - Epoch 34, EarlyStopper reset counter
[2025-01-12 16:59:21,367][root][INFO] - Epoch 31, EarlyStopper reset counter
[2025-01-12 16:59:26,666][root][INFO] - Epoch 33, EarlyStopper reset counter
[2025-01-12 16:59:31,564][root][INFO] - Epoch 31, EarlyStopper counter: 4/10
[2025-01-12 16:59:40,944][root][INFO] - Epoch 31, EarlyStopper counter: 2/10
[2025-01-12 16:59:42,315][root][INFO] - Epoch 31, EarlyStopper counter: 4/10
[2025-01-12 16:59:42,358][root][INFO] - Epoch 32, EarlyStopper reset counter
[2025-01-12 16:59:47,566][root][INFO] - Epoch 35, EarlyStopper reset counter
[2025-01-12 16:59:54,196][root][INFO] - Epoch 32, EarlyStopper reset counter
[2025-01-12 16:59:57,088][root][INFO] - Epoch 34, EarlyStopper reset counter
[2025-01-12 17:00:03,633][root][INFO] - Epoch 32, EarlyStopper counter: 5/10
[2025-01-12 17:00:15,596][root][INFO] - Epoch 32, EarlyStopper counter: 3/10
[2025-01-12 17:00:17,352][root][INFO] - Epoch 33, EarlyStopper counter: 1/10
[2025-01-12 17:00:17,831][root][INFO] - Epoch 32, EarlyStopper counter: 5/10
[2025-01-12 17:00:19,001][root][INFO] - Epoch 36, EarlyStopper reset counter
[2025-01-12 17:00:27,879][root][INFO] - Epoch 35, EarlyStopper reset counter
[2025-01-12 17:00:28,228][root][INFO] - Epoch 33, EarlyStopper reset counter
[2025-01-12 17:00:38,186][root][INFO] - Epoch 33, EarlyStopper reset counter
[2025-01-12 17:00:48,756][root][INFO] - Epoch 34, EarlyStopper reset counter
[2025-01-12 17:00:48,822][root][INFO] - Epoch 37, EarlyStopper reset counter
[2025-01-12 17:00:49,423][root][INFO] - Epoch 33, EarlyStopper reset counter
[2025-01-12 17:00:51,974][root][INFO] - Epoch 33, EarlyStopper counter: 6/10
[2025-01-12 17:00:57,561][root][INFO] - Epoch 36, EarlyStopper reset counter
[2025-01-12 17:01:01,306][root][INFO] - Epoch 34, EarlyStopper reset counter
[2025-01-12 17:01:10,556][root][INFO] - Epoch 34, EarlyStopper reset counter
[2025-01-12 17:01:18,381][root][INFO] - Epoch 38, EarlyStopper reset counter
[2025-01-12 17:01:21,915][root][INFO] - Epoch 35, EarlyStopper counter: 1/10
[2025-01-12 17:01:22,878][root][INFO] - Epoch 34, EarlyStopper reset counter
[2025-01-12 17:01:25,840][root][INFO] - Epoch 34, EarlyStopper counter: 7/10
[2025-01-12 17:01:29,357][root][INFO] - Epoch 37, EarlyStopper counter: 1/10
[2025-01-12 17:01:34,411][root][INFO] - Epoch 35, EarlyStopper reset counter
[2025-01-12 17:01:43,172][root][INFO] - Epoch 35, EarlyStopper reset counter
[2025-01-12 17:01:48,238][root][INFO] - Epoch 39, EarlyStopper reset counter
[2025-01-12 17:01:53,235][root][INFO] - Epoch 36, EarlyStopper counter: 2/10
[2025-01-12 17:01:55,225][root][INFO] - Epoch 35, EarlyStopper reset counter
[2025-01-12 17:01:57,946][root][INFO] - Epoch 35, EarlyStopper reset counter
[2025-01-12 17:01:59,989][root][INFO] - Epoch 38, EarlyStopper reset counter
[2025-01-12 17:02:06,913][root][INFO] - Epoch 36, EarlyStopper counter: 1/10
[2025-01-12 17:02:16,073][root][INFO] - Epoch 36, EarlyStopper reset counter
[2025-01-12 17:02:17,520][root][INFO] - Epoch 40, EarlyStopper reset counter
[2025-01-12 17:02:26,204][root][INFO] - Epoch 37, EarlyStopper counter: 3/10
[2025-01-12 17:02:28,913][root][INFO] - Epoch 36, EarlyStopper reset counter
[2025-01-12 17:02:30,301][root][INFO] - Epoch 36, EarlyStopper counter: 1/10
[2025-01-12 17:02:31,167][root][INFO] - Epoch 39, EarlyStopper reset counter
[2025-01-12 17:02:40,229][root][INFO] - Epoch 37, EarlyStopper counter: 2/10
[2025-01-12 17:02:47,597][root][INFO] - Epoch 41, EarlyStopper reset counter
[2025-01-12 17:02:49,489][root][INFO] - Epoch 37, EarlyStopper reset counter
[2025-01-12 17:02:58,481][root][INFO] - Epoch 38, EarlyStopper counter: 4/10
[2025-01-12 17:03:00,695][root][INFO] - Epoch 40, EarlyStopper reset counter
[2025-01-12 17:03:01,099][root][INFO] - Epoch 37, EarlyStopper counter: 1/10
[2025-01-12 17:03:02,952][root][INFO] - Epoch 37, EarlyStopper counter: 2/10
[2025-01-12 17:03:12,509][root][INFO] - Epoch 38, EarlyStopper counter: 3/10
[2025-01-12 17:03:17,540][root][INFO] - Epoch 42, EarlyStopper reset counter
[2025-01-12 17:03:22,734][root][INFO] - Epoch 38, EarlyStopper counter: 1/10
[2025-01-12 17:03:31,110][root][INFO] - Epoch 39, EarlyStopper counter: 5/10
[2025-01-12 17:03:31,949][root][INFO] - Epoch 41, EarlyStopper reset counter
[2025-01-12 17:03:33,388][root][INFO] - Epoch 38, EarlyStopper counter: 2/10
[2025-01-12 17:03:35,408][root][INFO] - Epoch 38, EarlyStopper counter: 3/10
[2025-01-12 17:03:46,173][root][INFO] - Epoch 39, EarlyStopper counter: 4/10
[2025-01-12 17:03:47,210][root][INFO] - Epoch 43, EarlyStopper reset counter
[2025-01-12 17:03:55,649][root][INFO] - Epoch 39, EarlyStopper counter: 2/10
[2025-01-12 17:04:05,707][root][INFO] - Epoch 40, EarlyStopper counter: 6/10
[2025-01-12 17:04:06,025][root][INFO] - Epoch 42, EarlyStopper counter: 1/10
[2025-01-12 17:04:08,079][root][INFO] - Epoch 39, EarlyStopper counter: 3/10
[2025-01-12 17:04:12,348][root][INFO] - Epoch 39, EarlyStopper counter: 4/10
[2025-01-12 17:04:21,242][root][INFO] - Epoch 44, EarlyStopper reset counter
[2025-01-12 17:04:22,578][root][INFO] - Epoch 40, EarlyStopper counter: 5/10
[2025-01-12 17:04:32,550][root][INFO] - Epoch 40, EarlyStopper counter: 3/10
[2025-01-12 17:04:40,525][root][INFO] - Epoch 43, EarlyStopper counter: 2/10
[2025-01-12 17:04:41,851][root][INFO] - Epoch 41, EarlyStopper counter: 7/10
[2025-01-12 17:04:45,197][root][INFO] - Epoch 40, EarlyStopper counter: 4/10
[2025-01-12 17:04:49,854][root][INFO] - Epoch 40, EarlyStopper counter: 5/10
[2025-01-12 17:04:54,501][root][INFO] - Epoch 45, EarlyStopper reset counter
[2025-01-12 17:04:58,892][root][INFO] - Epoch 41, EarlyStopper counter: 6/10
[2025-01-12 17:05:09,993][root][INFO] - Epoch 41, EarlyStopper counter: 4/10
[2025-01-12 17:05:13,923][root][INFO] - Epoch 44, EarlyStopper counter: 3/10
[2025-01-12 17:05:19,016][root][INFO] - Epoch 42, EarlyStopper counter: 8/10
[2025-01-12 17:05:22,378][root][INFO] - Epoch 41, EarlyStopper counter: 5/10
[2025-01-12 17:05:26,960][root][INFO] - Epoch 46, EarlyStopper reset counter
[2025-01-12 17:05:27,701][root][INFO] - Epoch 41, EarlyStopper counter: 6/10
[2025-01-12 17:05:36,549][root][INFO] - Epoch 42, EarlyStopper counter: 7/10
[2025-01-12 17:05:46,633][root][INFO] - Epoch 42, EarlyStopper counter: 5/10
[2025-01-12 17:05:47,827][root][INFO] - Epoch 45, EarlyStopper reset counter
[2025-01-12 17:05:55,892][root][INFO] - Epoch 43, EarlyStopper reset counter
[2025-01-12 17:05:59,437][root][INFO] - Epoch 42, EarlyStopper counter: 6/10
[2025-01-12 17:05:59,970][root][INFO] - Epoch 47, EarlyStopper counter: 1/10
[2025-01-12 17:06:05,970][root][INFO] - Epoch 42, EarlyStopper counter: 7/10
[2025-01-12 17:06:12,337][root][INFO] - Epoch 43, EarlyStopper reset counter
[2025-01-12 17:06:21,112][root][INFO] - Epoch 46, EarlyStopper reset counter
[2025-01-12 17:06:22,286][root][INFO] - Epoch 43, EarlyStopper counter: 6/10
[2025-01-12 17:06:31,970][root][INFO] - Epoch 44, EarlyStopper counter: 1/10
[2025-01-12 17:06:32,959][root][INFO] - Epoch 48, EarlyStopper reset counter
[2025-01-12 17:06:36,465][root][INFO] - Epoch 43, EarlyStopper counter: 7/10
[2025-01-12 17:06:43,082][root][INFO] - Epoch 43, EarlyStopper counter: 8/10
[2025-01-12 17:06:49,345][root][INFO] - Epoch 44, EarlyStopper reset counter
[2025-01-12 17:06:53,884][root][INFO] - Epoch 47, EarlyStopper counter: 1/10
[2025-01-12 17:06:58,755][root][INFO] - Epoch 44, EarlyStopper counter: 7/10
[2025-01-12 17:07:05,390][root][INFO] - Epoch 49, EarlyStopper reset counter
[2025-01-12 17:07:08,689][root][INFO] - Epoch 45, EarlyStopper counter: 2/10
[2025-01-12 17:07:13,009][root][INFO] - Epoch 44, EarlyStopper counter: 8/10
[2025-01-12 17:07:20,305][root][INFO] - Epoch 44, EarlyStopper reset counter
[2025-01-12 17:07:25,047][root][INFO] - Epoch 45, EarlyStopper counter: 1/10
[2025-01-12 17:07:27,062][root][INFO] - Epoch 48, EarlyStopper reset counter
[2025-01-12 17:07:34,476][root][INFO] - Epoch 45, EarlyStopper counter: 8/10
[2025-01-12 17:07:37,599][root][INFO] - Epoch 50, EarlyStopper reset counter
[2025-01-12 17:07:44,759][root][INFO] - Epoch 46, EarlyStopper counter: 3/10
[2025-01-12 17:07:48,995][root][INFO] - Epoch 45, EarlyStopper counter: 9/10
[2025-01-12 17:07:57,159][root][INFO] - Epoch 45, EarlyStopper reset counter
[2025-01-12 17:08:00,980][root][INFO] - Epoch 49, EarlyStopper reset counter
[2025-01-12 17:08:02,119][root][INFO] - Epoch 46, EarlyStopper counter: 2/10
[2025-01-12 17:08:10,471][root][INFO] - Epoch 51, EarlyStopper reset counter
[2025-01-12 17:08:10,825][root][INFO] - Epoch 46, EarlyStopper counter: 9/10
[2025-01-12 17:08:21,223][root][INFO] - Epoch 47, EarlyStopper counter: 4/10
[2025-01-12 17:08:25,623][root][INFO] - Epoch 46, EarlyStopper counter: 10/10
[2025-01-12 17:08:25,643][root][WARNING] - soft link /home/mansoor/antibody_design/epitope_prediction/epitope_pred/asepcode/../../results/asep/ckpts/20250112-163957/20250112-163958/last.pt already exists. It is removed.
[2025-01-12 17:08:25,746][root][WARNING] - soft link /home/mansoor/antibody_design/epitope_prediction/epitope_pred/asepcode/../../results/asep/ckpts/20250112-163957/20250112-163958/rank_0.pt already exists. It is removed.
[2025-01-12 17:08:25,748][root][WARNING] - soft link /home/mansoor/antibody_design/epitope_prediction/epitope_pred/asepcode/../../results/asep/ckpts/20250112-163957/20250112-163958/rank_1.pt already exists. It is removed.
[2025-01-12 17:08:25,748][root][WARNING] - soft link /home/mansoor/antibody_design/epitope_prediction/epitope_pred/asepcode/../../results/asep/ckpts/20250112-163957/20250112-163958/rank_2.pt already exists. It is removed.
[2025-01-12 17:08:25,764][root][WARNING] - soft link /home/mansoor/antibody_design/epitope_prediction/epitope_pred/asepcode/../../results/asep/ckpts/edge/20250112-163957/20250112-163958/rank_0.pt already exists. It is removed.
[2025-01-12 17:08:25,764][root][WARNING] - soft link /home/mansoor/antibody_design/epitope_prediction/epitope_pred/asepcode/../../results/asep/ckpts/edge/20250112-163957/20250112-163958/rank_1.pt already exists. It is removed.
[2025-01-12 17:08:25,765][root][WARNING] - soft link /home/mansoor/antibody_design/epitope_prediction/epitope_pred/asepcode/../../results/asep/ckpts/edge/20250112-163957/20250112-163958/rank_2.pt already exists. It is removed.
[2025-01-12 17:08:32,863][root][INFO] - Epoch 46, EarlyStopper counter: 1/10
[2025-01-12 17:08:35,514][root][INFO] - Epoch 50, EarlyStopper reset counter
[2025-01-12 17:08:38,367][root][INFO] - Epoch 47, EarlyStopper counter: 3/10
[2025-01-12 17:08:41,553][root][INFO] - Epoch 52, EarlyStopper counter: 1/10
[2025-01-12 17:08:45,196][root][INFO] - Epoch 47, EarlyStopper reset counter
[2025-01-12 17:08:53,833][root][INFO] - Epoch 48, EarlyStopper counter: 5/10
[2025-01-12 17:09:05,652][root][INFO] - Epoch 51, EarlyStopper reset counter
[2025-01-12 17:09:05,723][root][INFO] - Epoch 47, EarlyStopper counter: 2/10
[2025-01-12 17:09:11,176][root][INFO] - Epoch 48, EarlyStopper counter: 4/10
[2025-01-12 17:09:11,183][root][INFO] - Epoch 53, EarlyStopper reset counter
[2025-01-12 17:09:18,208][root][INFO] - Epoch 48, EarlyStopper reset counter
[2025-01-12 17:09:26,401][root][INFO] - Epoch 49, EarlyStopper counter: 6/10
[2025-01-12 17:09:35,572][root][INFO] - Epoch 52, EarlyStopper counter: 1/10
[2025-01-12 17:09:38,534][root][INFO] - Epoch 48, EarlyStopper counter: 3/10
[2025-01-12 17:09:40,651][root][INFO] - Epoch 54, EarlyStopper counter: 1/10
[2025-01-12 17:09:43,661][root][INFO] - Epoch 49, EarlyStopper reset counter
[2025-01-12 17:09:50,736][root][INFO] - Epoch 49, EarlyStopper reset counter
[2025-01-12 17:09:59,248][root][INFO] - Epoch 50, EarlyStopper reset counter
[2025-01-12 17:10:05,116][root][INFO] - Epoch 53, EarlyStopper counter: 2/10
[2025-01-12 17:10:09,992][root][INFO] - Epoch 55, EarlyStopper reset counter
[2025-01-12 17:10:10,578][root][INFO] - Epoch 49, EarlyStopper counter: 4/10
[2025-01-12 17:10:16,401][root][INFO] - Epoch 50, EarlyStopper counter: 1/10
[2025-01-12 17:10:22,817][root][INFO] - Epoch 50, EarlyStopper counter: 1/10
[2025-01-12 17:10:30,589][root][INFO] - Epoch 51, EarlyStopper reset counter
[2025-01-12 17:10:35,006][root][INFO] - Epoch 54, EarlyStopper reset counter
[2025-01-12 17:10:38,673][root][INFO] - Epoch 56, EarlyStopper reset counter
[2025-01-12 17:10:43,498][root][INFO] - Epoch 50, EarlyStopper counter: 5/10
[2025-01-12 17:10:49,489][root][INFO] - Epoch 51, EarlyStopper counter: 2/10
[2025-01-12 17:10:55,442][root][INFO] - Epoch 51, EarlyStopper reset counter
[2025-01-12 17:11:03,414][root][INFO] - Epoch 52, EarlyStopper reset counter
[2025-01-12 17:11:04,999][root][INFO] - Epoch 55, EarlyStopper reset counter
[2025-01-12 17:11:08,343][root][INFO] - Epoch 57, EarlyStopper reset counter
[2025-01-12 17:11:16,321][root][INFO] - Epoch 51, EarlyStopper reset counter
[2025-01-12 17:11:22,272][root][INFO] - Epoch 52, EarlyStopper reset counter
[2025-01-12 17:11:27,586][root][INFO] - Epoch 52, EarlyStopper counter: 1/10
[2025-01-12 17:11:33,957][root][INFO] - Epoch 56, EarlyStopper counter: 1/10
[2025-01-12 17:11:35,395][root][INFO] - Epoch 53, EarlyStopper counter: 1/10
[2025-01-12 17:11:37,635][root][INFO] - Epoch 58, EarlyStopper counter: 1/10
[2025-01-12 17:11:48,376][root][INFO] - Epoch 52, EarlyStopper counter: 1/10
[2025-01-12 17:11:55,711][root][INFO] - Epoch 53, EarlyStopper reset counter
[2025-01-12 17:11:59,272][root][INFO] - Epoch 53, EarlyStopper counter: 2/10
[2025-01-12 17:12:03,964][root][INFO] - Epoch 57, EarlyStopper counter: 2/10
[2025-01-12 17:12:07,428][root][INFO] - Epoch 59, EarlyStopper reset counter
[2025-01-12 17:12:08,162][root][INFO] - Epoch 54, EarlyStopper counter: 2/10
[2025-01-12 17:12:21,178][root][INFO] - Epoch 53, EarlyStopper counter: 2/10
[2025-01-12 17:12:29,026][root][INFO] - Epoch 54, EarlyStopper reset counter
[2025-01-12 17:12:31,525][root][INFO] - Epoch 54, EarlyStopper counter: 3/10
[2025-01-12 17:12:33,325][root][INFO] - Epoch 58, EarlyStopper counter: 3/10
[2025-01-12 17:12:37,045][root][INFO] - Epoch 60, EarlyStopper reset counter
[2025-01-12 17:12:39,735][root][INFO] - Epoch 55, EarlyStopper counter: 3/10
[2025-01-12 17:12:53,058][root][INFO] - Epoch 54, EarlyStopper counter: 3/10
[2025-01-12 17:13:01,974][root][INFO] - Epoch 55, EarlyStopper counter: 1/10
[2025-01-12 17:13:03,931][root][INFO] - Epoch 59, EarlyStopper reset counter
[2025-01-12 17:13:04,217][root][INFO] - Epoch 55, EarlyStopper counter: 4/10
[2025-01-12 17:13:06,616][root][INFO] - Epoch 61, EarlyStopper counter: 1/10
[2025-01-12 17:13:12,188][root][INFO] - Epoch 56, EarlyStopper counter: 4/10
[2025-01-12 17:13:25,810][root][INFO] - Epoch 55, EarlyStopper counter: 4/10
[2025-01-12 17:13:33,841][root][INFO] - Epoch 60, EarlyStopper reset counter
[2025-01-12 17:13:35,505][root][INFO] - Epoch 56, EarlyStopper counter: 2/10
[2025-01-12 17:13:36,035][root][INFO] - Epoch 56, EarlyStopper reset counter
[2025-01-12 17:13:36,225][root][INFO] - Epoch 62, EarlyStopper counter: 2/10
[2025-01-12 17:13:43,942][root][INFO] - Epoch 57, EarlyStopper reset counter
[2025-01-12 17:13:58,448][root][INFO] - Epoch 56, EarlyStopper counter: 5/10
[2025-01-12 17:14:04,029][root][INFO] - Epoch 61, EarlyStopper counter: 1/10
[2025-01-12 17:14:05,324][root][INFO] - Epoch 63, EarlyStopper counter: 3/10
[2025-01-12 17:14:07,452][root][INFO] - Epoch 57, EarlyStopper counter: 3/10
[2025-01-12 17:14:08,228][root][INFO] - Epoch 57, EarlyStopper counter: 1/10
[2025-01-12 17:14:15,396][root][INFO] - Epoch 58, EarlyStopper reset counter
[2025-01-12 17:14:31,362][root][INFO] - Epoch 57, EarlyStopper counter: 6/10
[2025-01-12 17:14:34,280][root][INFO] - Epoch 62, EarlyStopper counter: 2/10
[2025-01-12 17:14:34,851][root][INFO] - Epoch 64, EarlyStopper counter: 4/10
[2025-01-12 17:14:40,077][root][INFO] - Epoch 58, EarlyStopper counter: 4/10
[2025-01-12 17:14:40,323][root][INFO] - Epoch 58, EarlyStopper counter: 2/10
[2025-01-12 17:14:48,609][root][INFO] - Epoch 59, EarlyStopper reset counter
[2025-01-12 17:15:03,293][root][INFO] - Epoch 63, EarlyStopper counter: 3/10
[2025-01-12 17:15:03,688][root][INFO] - Epoch 58, EarlyStopper counter: 7/10
[2025-01-12 17:15:03,796][root][INFO] - Epoch 65, EarlyStopper counter: 5/10
[2025-01-12 17:15:13,068][root][INFO] - Epoch 59, EarlyStopper counter: 5/10
[2025-01-12 17:15:13,479][root][INFO] - Epoch 59, EarlyStopper counter: 3/10
[2025-01-12 17:15:19,653][root][INFO] - Epoch 60, EarlyStopper counter: 1/10
[2025-01-12 17:15:32,565][root][INFO] - Epoch 66, EarlyStopper counter: 6/10
[2025-01-12 17:15:33,391][root][INFO] - Epoch 64, EarlyStopper reset counter
[2025-01-12 17:15:35,066][root][INFO] - Epoch 59, EarlyStopper counter: 8/10
[2025-01-12 17:15:44,765][root][INFO] - Epoch 60, EarlyStopper counter: 6/10
[2025-01-12 17:15:45,147][root][INFO] - Epoch 60, EarlyStopper counter: 4/10
[2025-01-12 17:15:50,206][root][INFO] - Epoch 61, EarlyStopper counter: 2/10
[2025-01-12 17:16:00,808][root][INFO] - Epoch 67, EarlyStopper counter: 7/10
[2025-01-12 17:16:00,975][root][INFO] - Epoch 65, EarlyStopper reset counter
[2025-01-12 17:16:06,807][root][INFO] - Epoch 60, EarlyStopper counter: 9/10
[2025-01-12 17:16:14,866][root][INFO] - Epoch 61, EarlyStopper reset counter
[2025-01-12 17:16:15,119][root][INFO] - Epoch 61, EarlyStopper counter: 5/10
[2025-01-12 17:16:20,733][root][INFO] - Epoch 62, EarlyStopper counter: 3/10
[2025-01-12 17:16:28,334][root][INFO] - Epoch 68, EarlyStopper counter: 8/10
[2025-01-12 17:16:29,058][root][INFO] - Epoch 66, EarlyStopper counter: 1/10
[2025-01-12 17:16:37,320][root][INFO] - Epoch 61, EarlyStopper counter: 10/10
[2025-01-12 17:16:37,339][root][WARNING] - soft link /home/mansoor/antibody_design/epitope_prediction/epitope_pred/asepcode/../../results/asep/ckpts/20250112-163957/20250112-163958/last.pt already exists. It is removed.
[2025-01-12 17:16:37,459][root][WARNING] - soft link /home/mansoor/antibody_design/epitope_prediction/epitope_pred/asepcode/../../results/asep/ckpts/20250112-163957/20250112-163958/rank_0.pt already exists. It is removed.
[2025-01-12 17:16:37,461][root][WARNING] - soft link /home/mansoor/antibody_design/epitope_prediction/epitope_pred/asepcode/../../results/asep/ckpts/20250112-163957/20250112-163958/rank_1.pt already exists. It is removed.
[2025-01-12 17:16:37,462][root][WARNING] - soft link /home/mansoor/antibody_design/epitope_prediction/epitope_pred/asepcode/../../results/asep/ckpts/20250112-163957/20250112-163958/rank_2.pt already exists. It is removed.
[2025-01-12 17:16:37,475][root][WARNING] - soft link /home/mansoor/antibody_design/epitope_prediction/epitope_pred/asepcode/../../results/asep/ckpts/edge/20250112-163957/20250112-163958/rank_0.pt already exists. It is removed.
[2025-01-12 17:16:37,475][root][WARNING] - soft link /home/mansoor/antibody_design/epitope_prediction/epitope_pred/asepcode/../../results/asep/ckpts/edge/20250112-163957/20250112-163958/rank_1.pt already exists. It is removed.
[2025-01-12 17:16:37,476][root][WARNING] - soft link /home/mansoor/antibody_design/epitope_prediction/epitope_pred/asepcode/../../results/asep/ckpts/edge/20250112-163957/20250112-163958/rank_2.pt already exists. It is removed.
[2025-01-12 17:16:44,569][root][INFO] - Epoch 62, EarlyStopper counter: 1/10
[2025-01-12 17:16:45,955][root][INFO] - Epoch 62, EarlyStopper reset counter
[2025-01-12 17:16:51,054][root][INFO] - Epoch 63, EarlyStopper counter: 4/10
[2025-01-12 17:16:56,184][root][INFO] - Epoch 67, EarlyStopper reset counter
[2025-01-12 17:16:56,219][root][INFO] - Epoch 69, EarlyStopper counter: 9/10
[2025-01-12 17:17:14,920][root][INFO] - Epoch 63, EarlyStopper counter: 2/10
[2025-01-12 17:17:16,751][root][INFO] - Epoch 63, EarlyStopper reset counter
[2025-01-12 17:17:20,392][root][INFO] - Epoch 64, EarlyStopper counter: 5/10
[2025-01-12 17:17:23,357][root][INFO] - Epoch 70, EarlyStopper counter: 10/10
[2025-01-12 17:17:23,372][root][WARNING] - soft link /home/mansoor/antibody_design/epitope_prediction/epitope_pred/asepcode/../../results/asep/ckpts/20250112-163957/20250112-163958/last.pt already exists. It is removed.
[2025-01-12 17:17:23,476][root][WARNING] - soft link /home/mansoor/antibody_design/epitope_prediction/epitope_pred/asepcode/../../results/asep/ckpts/20250112-163957/20250112-163958/rank_0.pt already exists. It is removed.
[2025-01-12 17:17:23,478][root][WARNING] - soft link /home/mansoor/antibody_design/epitope_prediction/epitope_pred/asepcode/../../results/asep/ckpts/20250112-163957/20250112-163958/rank_1.pt already exists. It is removed.
[2025-01-12 17:17:23,479][root][WARNING] - soft link /home/mansoor/antibody_design/epitope_prediction/epitope_pred/asepcode/../../results/asep/ckpts/20250112-163957/20250112-163958/rank_2.pt already exists. It is removed.
[2025-01-12 17:17:23,490][root][WARNING] - soft link /home/mansoor/antibody_design/epitope_prediction/epitope_pred/asepcode/../../results/asep/ckpts/edge/20250112-163957/20250112-163958/rank_0.pt already exists. It is removed.
[2025-01-12 17:17:23,490][root][WARNING] - soft link /home/mansoor/antibody_design/epitope_prediction/epitope_pred/asepcode/../../results/asep/ckpts/edge/20250112-163957/20250112-163958/rank_1.pt already exists. It is removed.
[2025-01-12 17:17:23,491][root][WARNING] - soft link /home/mansoor/antibody_design/epitope_prediction/epitope_pred/asepcode/../../results/asep/ckpts/edge/20250112-163957/20250112-163958/rank_2.pt already exists. It is removed.
[2025-01-12 17:17:25,089][root][INFO] - Epoch 68, EarlyStopper counter: 1/10
[2025-01-12 17:17:44,242][root][INFO] - Epoch 64, EarlyStopper counter: 3/10
[2025-01-12 17:17:46,506][root][INFO] - Epoch 64, EarlyStopper reset counter
[2025-01-12 17:17:48,915][root][INFO] - Epoch 65, EarlyStopper counter: 6/10
[2025-01-12 17:17:52,130][root][INFO] - Epoch 69, EarlyStopper reset counter
[2025-01-12 17:18:14,334][root][INFO] - Epoch 65, EarlyStopper counter: 4/10
[2025-01-12 17:18:16,554][root][INFO] - Epoch 65, EarlyStopper counter: 1/10
[2025-01-12 17:18:17,418][root][INFO] - Epoch 66, EarlyStopper counter: 7/10
[2025-01-12 17:18:18,684][root][INFO] - Epoch 70, EarlyStopper counter: 1/10
[2025-01-12 17:18:42,998][root][INFO] - Epoch 66, EarlyStopper counter: 5/10
[2025-01-12 17:18:45,341][root][INFO] - Epoch 71, EarlyStopper counter: 2/10
[2025-01-12 17:18:45,346][root][INFO] - Epoch 67, EarlyStopper counter: 8/10
[2025-01-12 17:18:45,834][root][INFO] - Epoch 66, EarlyStopper reset counter
[2025-01-12 17:19:11,826][root][INFO] - Epoch 67, EarlyStopper counter: 6/10
[2025-01-12 17:19:11,987][root][INFO] - Epoch 72, EarlyStopper reset counter
[2025-01-12 17:19:14,444][root][INFO] - Epoch 68, EarlyStopper counter: 9/10
[2025-01-12 17:19:15,125][root][INFO] - Epoch 67, EarlyStopper counter: 1/10
[2025-01-12 17:19:39,497][root][INFO] - Epoch 73, EarlyStopper reset counter
[2025-01-12 17:19:42,023][root][INFO] - Epoch 68, EarlyStopper reset counter
[2025-01-12 17:19:43,008][root][INFO] - Epoch 69, EarlyStopper counter: 10/10
[2025-01-12 17:19:43,018][root][WARNING] - soft link /home/mansoor/antibody_design/epitope_prediction/epitope_pred/asepcode/../../results/asep/ckpts/20250112-163957/20250112-163958/last.pt already exists. It is removed.
[2025-01-12 17:19:43,102][root][WARNING] - soft link /home/mansoor/antibody_design/epitope_prediction/epitope_pred/asepcode/../../results/asep/ckpts/20250112-163957/20250112-163958/rank_0.pt already exists. It is removed.
[2025-01-12 17:19:43,103][root][WARNING] - soft link /home/mansoor/antibody_design/epitope_prediction/epitope_pred/asepcode/../../results/asep/ckpts/20250112-163957/20250112-163958/rank_1.pt already exists. It is removed.
[2025-01-12 17:19:43,104][root][WARNING] - soft link /home/mansoor/antibody_design/epitope_prediction/epitope_pred/asepcode/../../results/asep/ckpts/20250112-163957/20250112-163958/rank_2.pt already exists. It is removed.
[2025-01-12 17:19:43,113][root][WARNING] - soft link /home/mansoor/antibody_design/epitope_prediction/epitope_pred/asepcode/../../results/asep/ckpts/edge/20250112-163957/20250112-163958/rank_0.pt already exists. It is removed.
[2025-01-12 17:19:43,113][root][WARNING] - soft link /home/mansoor/antibody_design/epitope_prediction/epitope_pred/asepcode/../../results/asep/ckpts/edge/20250112-163957/20250112-163958/rank_1.pt already exists. It is removed.
[2025-01-12 17:19:43,114][root][WARNING] - soft link /home/mansoor/antibody_design/epitope_prediction/epitope_pred/asepcode/../../results/asep/ckpts/edge/20250112-163957/20250112-163958/rank_2.pt already exists. It is removed.
[2025-01-12 17:19:44,145][root][INFO] - Epoch 68, EarlyStopper counter: 2/10
[2025-01-12 17:20:04,541][root][INFO] - Epoch 74, EarlyStopper counter: 1/10
[2025-01-12 17:20:09,076][root][INFO] - Epoch 69, EarlyStopper counter: 1/10
[2025-01-12 17:20:11,647][root][INFO] - Epoch 69, EarlyStopper counter: 3/10
[2025-01-12 17:20:29,102][root][INFO] - Epoch 75, EarlyStopper counter: 2/10
[2025-01-12 17:20:35,878][root][INFO] - Epoch 70, EarlyStopper counter: 2/10
[2025-01-12 17:20:39,587][root][INFO] - Epoch 70, EarlyStopper reset counter
[2025-01-12 17:20:55,488][root][INFO] - Epoch 76, EarlyStopper counter: 3/10
[2025-01-12 17:21:03,019][root][INFO] - Epoch 71, EarlyStopper counter: 3/10
[2025-01-12 17:21:07,419][root][INFO] - Epoch 71, EarlyStopper counter: 1/10
[2025-01-12 17:21:21,746][root][INFO] - Epoch 77, EarlyStopper counter: 4/10
[2025-01-12 17:21:29,652][root][INFO] - Epoch 72, EarlyStopper counter: 4/10
[2025-01-12 17:21:34,656][root][INFO] - Epoch 72, EarlyStopper counter: 2/10
[2025-01-12 17:21:47,575][root][INFO] - Epoch 78, EarlyStopper counter: 5/10
[2025-01-12 17:21:56,989][root][INFO] - Epoch 73, EarlyStopper counter: 5/10
[2025-01-12 17:22:01,560][root][INFO] - Epoch 73, EarlyStopper counter: 3/10
[2025-01-12 17:22:11,704][root][INFO] - Epoch 79, EarlyStopper reset counter
[2025-01-12 17:22:24,754][root][INFO] - Epoch 74, EarlyStopper counter: 6/10
[2025-01-12 17:22:29,042][root][INFO] - Epoch 74, EarlyStopper counter: 4/10
[2025-01-12 17:22:36,769][root][INFO] - Epoch 80, EarlyStopper reset counter
[2025-01-12 17:22:51,794][root][INFO] - Epoch 75, EarlyStopper counter: 7/10
[2025-01-12 17:22:56,490][root][INFO] - Epoch 75, EarlyStopper counter: 5/10
[2025-01-12 17:23:01,699][root][INFO] - Epoch 81, EarlyStopper reset counter
[2025-01-12 17:23:18,126][root][INFO] - Epoch 76, EarlyStopper counter: 8/10
[2025-01-12 17:23:23,727][root][INFO] - Epoch 76, EarlyStopper counter: 6/10
[2025-01-12 17:23:26,907][root][INFO] - Epoch 82, EarlyStopper counter: 1/10
[2025-01-12 17:23:45,010][root][INFO] - Epoch 77, EarlyStopper counter: 9/10
[2025-01-12 17:23:49,913][root][INFO] - Epoch 77, EarlyStopper counter: 7/10
[2025-01-12 17:23:51,919][root][INFO] - Epoch 83, EarlyStopper reset counter
[2025-01-12 17:24:11,368][root][INFO] - Epoch 78, EarlyStopper counter: 10/10
[2025-01-12 17:24:11,378][root][WARNING] - soft link /home/mansoor/antibody_design/epitope_prediction/epitope_pred/asepcode/../../results/asep/ckpts/20250112-163957/20250112-163958/last.pt already exists. It is removed.
[2025-01-12 17:24:11,469][root][WARNING] - soft link /home/mansoor/antibody_design/epitope_prediction/epitope_pred/asepcode/../../results/asep/ckpts/20250112-163957/20250112-163958/rank_0.pt already exists. It is removed.
[2025-01-12 17:24:11,471][root][WARNING] - soft link /home/mansoor/antibody_design/epitope_prediction/epitope_pred/asepcode/../../results/asep/ckpts/20250112-163957/20250112-163958/rank_1.pt already exists. It is removed.
[2025-01-12 17:24:11,472][root][WARNING] - soft link /home/mansoor/antibody_design/epitope_prediction/epitope_pred/asepcode/../../results/asep/ckpts/20250112-163957/20250112-163958/rank_2.pt already exists. It is removed.
[2025-01-12 17:24:11,487][root][WARNING] - soft link /home/mansoor/antibody_design/epitope_prediction/epitope_pred/asepcode/../../results/asep/ckpts/edge/20250112-163957/20250112-163958/rank_0.pt already exists. It is removed.
[2025-01-12 17:24:11,487][root][WARNING] - soft link /home/mansoor/antibody_design/epitope_prediction/epitope_pred/asepcode/../../results/asep/ckpts/edge/20250112-163957/20250112-163958/rank_1.pt already exists. It is removed.
[2025-01-12 17:24:11,488][root][WARNING] - soft link /home/mansoor/antibody_design/epitope_prediction/epitope_pred/asepcode/../../results/asep/ckpts/edge/20250112-163957/20250112-163958/rank_2.pt already exists. It is removed.
[2025-01-12 17:24:16,291][root][INFO] - Epoch 78, EarlyStopper counter: 8/10
[2025-01-12 17:24:16,977][root][INFO] - Epoch 84, EarlyStopper counter: 1/10
[2025-01-12 17:24:39,747][root][INFO] - Epoch 85, EarlyStopper counter: 2/10
[2025-01-12 17:24:39,974][root][INFO] - Epoch 79, EarlyStopper reset counter
[2025-01-12 17:25:03,569][root][INFO] - Epoch 86, EarlyStopper counter: 3/10
[2025-01-12 17:25:04,034][root][INFO] - Epoch 80, EarlyStopper reset counter
[2025-01-12 17:25:26,496][root][INFO] - Epoch 87, EarlyStopper reset counter
[2025-01-12 17:25:28,307][root][INFO] - Epoch 81, EarlyStopper counter: 1/10
[2025-01-12 17:25:49,076][root][INFO] - Epoch 88, EarlyStopper reset counter
[2025-01-12 17:25:53,074][root][INFO] - Epoch 82, EarlyStopper counter: 2/10
[2025-01-12 17:26:11,722][root][INFO] - Epoch 89, EarlyStopper reset counter
[2025-01-12 17:26:17,668][root][INFO] - Epoch 83, EarlyStopper counter: 3/10
[2025-01-12 17:26:34,010][root][INFO] - Epoch 90, EarlyStopper counter: 1/10
[2025-01-12 17:26:41,905][root][INFO] - Epoch 84, EarlyStopper reset counter
[2025-01-12 17:26:57,092][root][INFO] - Epoch 91, EarlyStopper counter: 2/10
[2025-01-12 17:27:06,859][root][INFO] - Epoch 85, EarlyStopper counter: 1/10
[2025-01-12 17:27:19,569][root][INFO] - Epoch 92, EarlyStopper counter: 3/10
[2025-01-12 17:27:31,517][root][INFO] - Epoch 86, EarlyStopper counter: 2/10
[2025-01-12 17:27:42,635][root][INFO] - Epoch 93, EarlyStopper counter: 4/10
[2025-01-12 17:27:55,801][root][INFO] - Epoch 87, EarlyStopper counter: 3/10
[2025-01-12 17:28:05,515][root][INFO] - Epoch 94, EarlyStopper counter: 5/10
[2025-01-12 17:28:19,904][root][INFO] - Epoch 88, EarlyStopper counter: 4/10
[2025-01-12 17:28:28,499][root][INFO] - Epoch 95, EarlyStopper counter: 6/10
[2025-01-12 17:28:43,970][root][INFO] - Epoch 89, EarlyStopper counter: 5/10
[2025-01-12 17:28:51,373][root][INFO] - Epoch 96, EarlyStopper counter: 7/10
[2025-01-12 17:29:08,039][root][INFO] - Epoch 90, EarlyStopper counter: 6/10
[2025-01-12 17:29:13,549][root][INFO] - Epoch 97, EarlyStopper counter: 8/10
[2025-01-12 17:29:32,332][root][INFO] - Epoch 91, EarlyStopper counter: 7/10
[2025-01-12 17:29:36,349][root][INFO] - Epoch 98, EarlyStopper reset counter
[2025-01-12 17:29:56,242][root][INFO] - Epoch 92, EarlyStopper counter: 8/10
[2025-01-12 17:29:58,739][root][INFO] - Epoch 99, EarlyStopper reset counter
[2025-01-12 17:30:20,619][root][INFO] - Epoch 93, EarlyStopper counter: 9/10
[2025-01-12 17:30:21,716][root][INFO] - Epoch 100, EarlyStopper counter: 1/10
[2025-01-12 17:30:44,525][root][INFO] - Epoch 101, EarlyStopper counter: 2/10
[2025-01-12 17:30:44,962][root][INFO] - Epoch 94, EarlyStopper counter: 10/10
[2025-01-12 17:30:44,973][root][WARNING] - soft link /home/mansoor/antibody_design/epitope_prediction/epitope_pred/asepcode/../../results/asep/ckpts/20250112-163957/20250112-163958/last.pt already exists. It is removed.
[2025-01-12 17:30:45,058][root][WARNING] - soft link /home/mansoor/antibody_design/epitope_prediction/epitope_pred/asepcode/../../results/asep/ckpts/20250112-163957/20250112-163958/rank_0.pt already exists. It is removed.
[2025-01-12 17:30:45,060][root][WARNING] - soft link /home/mansoor/antibody_design/epitope_prediction/epitope_pred/asepcode/../../results/asep/ckpts/20250112-163957/20250112-163958/rank_1.pt already exists. It is removed.
[2025-01-12 17:30:45,061][root][WARNING] - soft link /home/mansoor/antibody_design/epitope_prediction/epitope_pred/asepcode/../../results/asep/ckpts/20250112-163957/20250112-163958/rank_2.pt already exists. It is removed.
[2025-01-12 17:30:45,073][root][WARNING] - soft link /home/mansoor/antibody_design/epitope_prediction/epitope_pred/asepcode/../../results/asep/ckpts/edge/20250112-163957/20250112-163958/rank_0.pt already exists. It is removed.
[2025-01-12 17:30:45,074][root][WARNING] - soft link /home/mansoor/antibody_design/epitope_prediction/epitope_pred/asepcode/../../results/asep/ckpts/edge/20250112-163957/20250112-163958/rank_1.pt already exists. It is removed.
[2025-01-12 17:30:45,074][root][WARNING] - soft link /home/mansoor/antibody_design/epitope_prediction/epitope_pred/asepcode/../../results/asep/ckpts/edge/20250112-163957/20250112-163958/rank_2.pt already exists. It is removed.
[2025-01-12 17:31:05,578][root][INFO] - Epoch 102, EarlyStopper reset counter
[2025-01-12 17:31:26,436][root][INFO] - Epoch 103, EarlyStopper counter: 1/10
[2025-01-12 17:31:47,397][root][INFO] - Epoch 104, EarlyStopper counter: 2/10
[2025-01-12 17:32:08,154][root][INFO] - Epoch 105, EarlyStopper counter: 3/10
[2025-01-12 17:32:28,487][root][INFO] - Epoch 106, EarlyStopper counter: 4/10
[2025-01-12 17:32:49,408][root][INFO] - Epoch 107, EarlyStopper reset counter
[2025-01-12 17:33:10,259][root][INFO] - Epoch 108, EarlyStopper reset counter
[2025-01-12 17:33:31,037][root][INFO] - Epoch 109, EarlyStopper counter: 1/10
[2025-01-12 17:33:52,108][root][INFO] - Epoch 110, EarlyStopper counter: 2/10
[2025-01-12 17:34:12,864][root][INFO] - Epoch 111, EarlyStopper counter: 3/10
[2025-01-12 17:34:33,593][root][INFO] - Epoch 112, EarlyStopper counter: 4/10
[2025-01-12 17:34:54,860][root][INFO] - Epoch 113, EarlyStopper counter: 5/10
[2025-01-12 17:35:15,252][root][INFO] - Epoch 114, EarlyStopper counter: 6/10
[2025-01-12 17:35:35,878][root][INFO] - Epoch 115, EarlyStopper counter: 7/10
[2025-01-12 17:35:56,713][root][INFO] - Epoch 116, EarlyStopper counter: 8/10
[2025-01-12 17:36:17,601][root][INFO] - Epoch 117, EarlyStopper counter: 9/10
[2025-01-12 17:36:37,843][root][INFO] - Epoch 118, EarlyStopper counter: 10/10
[2025-01-12 17:36:37,852][root][WARNING] - soft link /home/mansoor/antibody_design/epitope_prediction/epitope_pred/asepcode/../../results/asep/ckpts/20250112-163957/20250112-163958/last.pt already exists. It is removed.
[2025-01-12 17:36:37,942][root][WARNING] - soft link /home/mansoor/antibody_design/epitope_prediction/epitope_pred/asepcode/../../results/asep/ckpts/20250112-163957/20250112-163958/rank_0.pt already exists. It is removed.
[2025-01-12 17:36:37,944][root][WARNING] - soft link /home/mansoor/antibody_design/epitope_prediction/epitope_pred/asepcode/../../results/asep/ckpts/20250112-163957/20250112-163958/rank_1.pt already exists. It is removed.
[2025-01-12 17:36:37,944][root][WARNING] - soft link /home/mansoor/antibody_design/epitope_prediction/epitope_pred/asepcode/../../results/asep/ckpts/20250112-163957/20250112-163958/rank_2.pt already exists. It is removed.
[2025-01-12 17:36:37,958][root][WARNING] - soft link /home/mansoor/antibody_design/epitope_prediction/epitope_pred/asepcode/../../results/asep/ckpts/edge/20250112-163957/20250112-163958/rank_0.pt already exists. It is removed.
[2025-01-12 17:36:37,959][root][WARNING] - soft link /home/mansoor/antibody_design/epitope_prediction/epitope_pred/asepcode/../../results/asep/ckpts/edge/20250112-163957/20250112-163958/rank_1.pt already exists. It is removed.
[2025-01-12 17:36:37,959][root][WARNING] - soft link /home/mansoor/antibody_design/epitope_prediction/epitope_pred/asepcode/../../results/asep/ckpts/edge/20250112-163957/20250112-163958/rank_2.pt already exists. It is removed.
